#
# A fatal error has been detected by the Java Runtime Environment:
#
#  EXCEPTION_ACCESS_VIOLATION (0xc0000005) at pc=0x000000007562201c, pid=4556, tid=11916
#
# JRE version: Java(TM) SE Runtime Environment (16.0.1+9) (build 16.0.1+9-24)
# Java VM: Java HotSpot(TM) 64-Bit Server VM (16.0.1+9-24, mixed mode, sharing, tiered, compressed oops, compressed class ptrs, g1 gc, windows-amd64)
# Problematic frame:
# C  [nvoglv64.DLL+0xbb201c]
#
# No core dump will be written. Minidumps are not enabled by default on client versions of Windows
#
# If you would like to submit a bug report, please visit:
#   https://bugreport.java.com/bugreport/crash.jsp
# The crash happened outside the Java Virtual Machine in native code.
# See problematic frame for where to report the bug.
#

---------------  S U M M A R Y ------------

Command Line: -Dfile.encoding=UTF-8 -XX:+ShowCodeDetailsInExceptionMessages Launcher

Host: Intel(R) Xeon(R) CPU E5-1620 0 @ 3.60GHz, 4 cores, 15G,  Windows 10 , 64 bit Build 19041 (10.0.19041.1023)
Time: Tue Aug 10 21:34:59 2021 Hora oficial do Brasil elapsed time: 20.342777 seconds (0d 0h 0m 20s)

---------------  T H R E A D  ---------------

Current thread (0x00000241dd63bd00):  JavaThread "LWJGL Application" [_thread_in_native, id=11916, stack(0x000000b875c00000,0x000000b875d00000)]

Stack: [0x000000b875c00000,0x000000b875d00000],  sp=0x000000b875cfe8d0,  free space=1018k
Native frames: (J=compiled Java code, j=interpreted, Vv=VM code, C=native code)
C  [nvoglv64.DLL+0xbb201c]

Java frames: (J=compiled Java code, j=interpreted, Vv=VM code)
J 1186  org.lwjgl.opengl.GL11.nglDrawElements(IIIJJ)V (0 bytes) @ 0x00000241c984ce06 [0x00000241c984cda0+0x0000000000000066]
J 1663 c2 com.badlogic.gdx.graphics.g2d.SpriteBatch.renderMesh()V (264 bytes) @ 0x00000241c98f9edc [0x00000241c98f9940+0x000000000000059c]
J 1249 c2 com.badlogic.gdx.graphics.g2d.SpriteBatch.draw(Lcom/badlogic/gdx/graphics/Texture;FFFF)V (430 bytes) @ 0x00000241c9851b70 [0x00000241c98519e0+0x0000000000000190]
j  Menu.render(F)V+122
J 1602 c1 MarioForever.render()V (63 bytes) @ 0x00000241c25dbcec [0x00000241c25dbb00+0x00000000000001ec]
j  com.badlogic.gdx.backends.lwjgl.LwjglApplication.mainLoop()V+494
j  com.badlogic.gdx.backends.lwjgl.LwjglApplication$1.run()V+27
v  ~StubRoutines::call_stub

siginfo: EXCEPTION_ACCESS_VIOLATION (0xc0000005), reading address 0x00000241ddc5ea90


Register to memory mapping:

RIP=0x000000007562201c nvoglv64.DLL
RAX=0x000000b875cfe9a8 is pointing into the stack for thread: 0x00000241dd63bd00
RBX=0x0 is NULL
RCX=0x0000000000000006 is an unknown value
RDX=0x00000000ffffffff is an unknown value
RSP=0x000000b875cfe8d0 is pointing into the stack for thread: 0x00000241dd63bd00
RBP=0x0 is NULL
RSI=0x0000000000000006 is an unknown value
RDI=0x0 is NULL
R8 =0x0 is NULL
R9 =0x00000241ddc5ea90 is an unknown value
R10=0x0 is NULL
R11=0x0 is NULL
R12=0x0000000000000034 is an unknown value
R13=0x0000000000000001 is an unknown value
R14=0x00000241e05f0000 points into unknown readable memory: 0x00000241de124200 | 00 42 12 de 41 02 00 00
R15=0x0 is NULL


Registers:
RAX=0x000000b875cfe9a8, RBX=0x0000000000000000, RCX=0x0000000000000006, RDX=0x00000000ffffffff
RSP=0x000000b875cfe8d0, RBP=0x0000000000000000, RSI=0x0000000000000006, RDI=0x0000000000000000
R8 =0x0000000000000000, R9 =0x00000241ddc5ea90, R10=0x0000000000000000, R11=0x0000000000000000
R12=0x0000000000000034, R13=0x0000000000000001, R14=0x00000241e05f0000, R15=0x0000000000000000
RIP=0x000000007562201c, EFLAGS=0x0000000000010246

Top of Stack: (sp=0x000000b875cfe8d0)
0x000000b875cfe8d0:   00000000ffffffff 00000241e05f0000
0x000000b875cfe8e0:   00000241df220890 00000000756b0000
0x000000b875cfe8f0:   0000024100000703 0000000000000014
0x000000b875cfe900:   000000b875cfe998 0000000075624149
0x000000b875cfe910:   0000000000000034 000000b875cfe9d8
0x000000b875cfe920:   0000000000000703 00000241e5289040
0x000000b875cfe930:   0000000000000006 0000000075610742
0x000000b875cfe940:   0000000000000034 0000000000000000
0x000000b875cfe950:   00000241de2cd1d0 00000241e05f0000
0x000000b875cfe960:   0000024100000001 0000024100000000
0x000000b875cfe970:   000000b875cfe9a8 000000b875cfe9d0
0x000000b875cfe980:   000000b875cfea30 000000b875cfe990
0x000000b875cfe990:   00000000765acf8c 00000241df9900d0
0x000000b875cfe9a0:   00000241e06776d4 00000241e063fde8
0x000000b875cfe9b0:   00000241e513e040 000000b800000006
0x000000b875cfe9c0:   0000000000000002 00000241ddc5ea90 

Instructions: (pc=0x000000007562201c)
0x0000000075621f1c:   02 0f 1f 00 66 41 0f 38 3b 21 66 41 0f 38 3f 29
0x0000000075621f2c:   49 83 c1 10 83 c1 fc 48 ff c8 75 e8 66 0f 70 c4
0x0000000075621f3c:   0e 66 0f 38 3b e0 66 0f 70 c5 0e 66 0f 38 3f e8
0x0000000075621f4c:   66 0f 70 c4 01 66 0f 38 3b e0 66 0f 70 c5 01 66
0x0000000075621f5c:   0f 7e e2 66 0f 38 3f e8 66 41 0f 7e e8 83 f9 01
0x0000000075621f6c:   0f 82 2d 02 00 00 44 8b d1 41 8b 01 41 3b c0 76
0x0000000075621f7c:   05 44 8b c0 eb 05 3b c2 0f 42 d0 49 83 c1 04 49
0x0000000075621f8c:   ff ca 75 e5 e9 0a 02 00 00 41 f7 86 88 75 08 00
0x0000000075621f9c:   00 80 00 00 74 71 45 85 ff 75 3c 85 f6 0f 84 52
0x0000000075621fac:   01 00 00 41 8b be 8c 75 08 00 41 0f b7 01 3b c7
0x0000000075621fbc:   75 08 41 ff c2 44 8b db eb 0f 41 3b c0 44 0f 47
0x0000000075621fcc:   c0 3b c2 0f 42 d0 41 ff c3 49 83 c1 02 48 ff c9
0x0000000075621fdc:   75 d8 e9 1e 01 00 00 85 f6 0f 84 16 01 00 00 41
0x0000000075621fec:   8b be 8c 75 08 00 41 0f b7 01 3b c7 75 08 41 ff
0x0000000075621ffc:   c2 44 8b db eb 03 41 ff c3 49 83 c1 02 48 ff c9
0x000000007562200c:   75 e4 e9 ee 00 00 00 45 85 ff 0f 85 83 01 00 00
0x000000007562201c:   41 0f b7 11 85 d2 75 35 8d 46 ff 8b c8 45 0f b7
0x000000007562202c:   04 41 83 fe 01 0f 86 68 01 00 00 49 83 c1 02 0f
0x000000007562203c:   1f 44 00 00 41 0f b7 01 4d 8d 49 02 41 3b c0 44
0x000000007562204c:   0f 47 c0 48 ff c9 75 ec e9 46 01 00 00 44 8b c2
0x000000007562205c:   83 fe 01 0f 86 3a 01 00 00 49 83 c1 02 8d 4e ff
0x000000007562206c:   0f 1f 40 00 41 0f b7 01 41 3b c0 76 05 44 8b c0
0x000000007562207c:   eb 05 3b c2 0f 42 d0 49 83 c1 02 48 ff c9 75 e4
0x000000007562208c:   e9 0e 01 00 00 41 f7 86 88 75 08 00 00 80 00 00
0x000000007562209c:   0f 84 93 00 00 00 45 85 ff 75 34 85 f6 74 56 41
0x00000000756220ac:   8b be 8c 75 08 00 41 0f b6 01 3b c7 75 08 41 ff
0x00000000756220bc:   c2 44 8b db eb 0f 41 3b c0 44 0f 47 c0 3b c2 0f
0x00000000756220cc:   42 d0 41 ff c3 49 ff c1 48 ff c9 75 d9 eb 26 85
0x00000000756220dc:   f6 74 22 41 8b be 8c 75 08 00 41 0f b6 01 3b c7
0x00000000756220ec:   75 08 41 ff c2 44 8b db eb 03 41 ff c3 49 ff c1
0x00000000756220fc:   48 ff c9 75 e5 45 85 d2 40 0f 95 c5 85 ed 0f 84
0x000000007562210c:   8f 00 00 00 48 8b 84 24 a0 00 00 00 41 2b f2 41 


Stack slot to memory mapping:
stack at sp + 0 slots: 0x00000000ffffffff is an unknown value
stack at sp + 1 slots: 0x00000241e05f0000 points into unknown readable memory: 0x00000241de124200 | 00 42 12 de 41 02 00 00
stack at sp + 2 slots: 0x00000241df220890 points into unknown readable memory: 0x00000241df2ed190 | 90 d1 2e df 41 02 00 00
stack at sp + 3 slots: 0x00000000756b0000 nvoglv64.DLL
stack at sp + 4 slots: 0x0000024100000703 is an unknown value
stack at sp + 5 slots: 0x0000000000000014 is an unknown value
stack at sp + 6 slots: 0x000000b875cfe998 is pointing into the stack for thread: 0x00000241dd63bd00
stack at sp + 7 slots: 0x0000000075624149 nvoglv64.DLL


---------------  P R O C E S S  ---------------

Threads class SMR info:
_java_thread_list=0x00000241e1f30b40, length=14, elements={
0x00000241dc921990, 0x00000241dc922ff0, 0x00000241dc9312f0, 0x00000241dc931ef0,
0x00000241dc934a00, 0x00000241dc935ba0, 0x00000241dc937120, 0x00000241dc94aac0,
0x00000241dd418050, 0x00000241dd50af00, 0x00000241dd512170, 0x00000241dd63bd00,
0x00000241ba559f30, 0x00000241e1f9b610
}

Java Threads: ( => current thread )
  0x00000241dc921990 JavaThread "Reference Handler" daemon [_thread_blocked, id=9792, stack(0x000000b874e00000,0x000000b874f00000)]
  0x00000241dc922ff0 JavaThread "Finalizer" daemon [_thread_blocked, id=12256, stack(0x000000b874f00000,0x000000b875000000)]
  0x00000241dc9312f0 JavaThread "Signal Dispatcher" daemon [_thread_blocked, id=14576, stack(0x000000b875000000,0x000000b875100000)]
  0x00000241dc931ef0 JavaThread "Attach Listener" daemon [_thread_blocked, id=2680, stack(0x000000b875100000,0x000000b875200000)]
  0x00000241dc934a00 JavaThread "Service Thread" daemon [_thread_blocked, id=15552, stack(0x000000b875200000,0x000000b875300000)]
  0x00000241dc935ba0 JavaThread "Monitor Deflation Thread" daemon [_thread_blocked, id=11340, stack(0x000000b875300000,0x000000b875400000)]
  0x00000241dc937120 JavaThread "C2 CompilerThread0" daemon [_thread_blocked, id=13372, stack(0x000000b875400000,0x000000b875500000)]
  0x00000241dc94aac0 JavaThread "C1 CompilerThread0" daemon [_thread_blocked, id=13452, stack(0x000000b875500000,0x000000b875600000)]
  0x00000241dd418050 JavaThread "Sweeper thread" daemon [_thread_blocked, id=15588, stack(0x000000b875600000,0x000000b875700000)]
  0x00000241dd50af00 JavaThread "Notification Thread" daemon [_thread_blocked, id=9000, stack(0x000000b875700000,0x000000b875800000)]
  0x00000241dd512170 JavaThread "Common-Cleaner" daemon [_thread_blocked, id=10380, stack(0x000000b875900000,0x000000b875a00000)]
=>0x00000241dd63bd00 JavaThread "LWJGL Application" [_thread_in_native, id=11916, stack(0x000000b875c00000,0x000000b875d00000)]
  0x00000241ba559f30 JavaThread "DestroyJavaVM" [_thread_blocked, id=14528, stack(0x000000b874700000,0x000000b874800000)]
  0x00000241e1f9b610 JavaThread "LWJGL Timer" daemon [_thread_blocked, id=13224, stack(0x000000b875f00000,0x000000b876000000)]

Other Threads:
  0x00000241dc91e5b0 VMThread "VM Thread" [stack: 0x000000b874d00000,0x000000b874e00000] [id=11868]
  0x00000241dd50e440 WatcherThread [stack: 0x000000b875800000,0x000000b875900000] [id=11164]
  0x00000241ba5a8720 GCTaskThread "GC Thread#0" [stack: 0x000000b874800000,0x000000b874900000] [id=13420]
  0x00000241e2c9dd90 GCTaskThread "GC Thread#1" [stack: 0x000000b876300000,0x000000b876400000] [id=13884]
  0x00000241e2349580 GCTaskThread "GC Thread#2" [stack: 0x000000b876400000,0x000000b876500000] [id=15412]
  0x00000241e2348c50 GCTaskThread "GC Thread#3" [stack: 0x000000b876500000,0x000000b876600000] [id=11036]
  0x00000241ba5b9660 ConcurrentGCThread "G1 Main Marker" [stack: 0x000000b874900000,0x000000b874a00000] [id=13772]
  0x00000241ba5bbdc0 ConcurrentGCThread "G1 Conc#0" [stack: 0x000000b874a00000,0x000000b874b00000] [id=9560]
  0x00000241dc7d20b0 ConcurrentGCThread "G1 Refine#0" [stack: 0x000000b874b00000,0x000000b874c00000] [id=10096]
  0x00000241dc7d2b30 ConcurrentGCThread "G1 Service" [stack: 0x000000b874c00000,0x000000b874d00000] [id=13660]

Threads with active compile tasks:

VM state: not at safepoint (normal execution)

VM Mutex/Monitor currently owned by a thread: None

Heap address: 0x0000000701000000, size: 4080 MB, Compressed Oops mode: Zero based, Oop shift amount: 3

CDS archive(s) mapped at: [0x0000000800000000-0x0000000800bb0000-0x0000000800bb0000), size 12255232, SharedBaseAddress: 0x0000000800000000, ArchiveRelocationMode: 0.
Compressed class space mapped at: 0x0000000800c00000-0x0000000840c00000, reserved size: 1073741824
Narrow klass base: 0x0000000800000000, Narrow klass shift: 3, Narrow klass range: 0x100000000

GC Precious Log:
 CPUs: 4 total, 4 available
 Memory: 16312M
 Large Page Support: Disabled
 NUMA Support: Disabled
 Compressed Oops: Enabled (Zero based)
 Heap Region Size: 2M
 Heap Min Capacity: 8M
 Heap Initial Capacity: 256M
 Heap Max Capacity: 4080M
 Pre-touch: Disabled
 Parallel Workers: 4
 Concurrent Workers: 1
 Concurrent Refinement Workers: 4
 Periodic GC: Disabled

Heap:
 garbage-first heap   total 262144K, used 163918K [0x0000000701000000, 0x0000000800000000)
  region size 2048K, 27 young (55296K), 1 survivors (2048K)
 Metaspace       used 4536K, committed 4672K, reserved 1056768K
  class space    used 270K, committed 320K, reserved 1048576K

Heap Regions: E=young(eden), S=young(survivor), O=old, HS=humongous(starts), HC=humongous(continues), CS=collection set, F=free, OA=open archive, CA=closed archive, TAMS=top-at-mark-start (previous, next)
|   0|0x0000000701000000, 0x0000000701200000, 0x0000000701200000|100%|HS|  |TAMS 0x0000000701000000, 0x0000000701000000| Complete 
|   1|0x0000000701200000, 0x0000000701400000, 0x0000000701400000|100%|HS|  |TAMS 0x0000000701200000, 0x0000000701200000| Complete 
|   2|0x0000000701400000, 0x0000000701600000, 0x0000000701600000|100%|HC|  |TAMS 0x0000000701400000, 0x0000000701400000| Complete 
|   3|0x0000000701600000, 0x0000000701800000, 0x0000000701800000|100%|HS|  |TAMS 0x0000000701600000, 0x0000000701600000| Complete 
|   4|0x0000000701800000, 0x0000000701a00000, 0x0000000701a00000|100%|HC|  |TAMS 0x0000000701800000, 0x0000000701800000| Complete 
|   5|0x0000000701a00000, 0x0000000701c00000, 0x0000000701c00000|100%|HC|  |TAMS 0x0000000701a00000, 0x0000000701a00000| Complete 
|   6|0x0000000701c00000, 0x0000000701e00000, 0x0000000701e00000|100%|HS|  |TAMS 0x0000000701c00000, 0x0000000701c00000| Complete 
|   7|0x0000000701e00000, 0x0000000702000000, 0x0000000702000000|100%|HC|  |TAMS 0x0000000701e00000, 0x0000000701e00000| Complete 
|   8|0x0000000702000000, 0x0000000702200000, 0x0000000702200000|100%|HC|  |TAMS 0x0000000702000000, 0x0000000702000000| Complete 
|   9|0x0000000702200000, 0x0000000702400000, 0x0000000702400000|100%|HC|  |TAMS 0x0000000702200000, 0x0000000702200000| Complete 
|  10|0x0000000702400000, 0x0000000702600000, 0x0000000702600000|100%|HC|  |TAMS 0x0000000702400000, 0x0000000702400000| Complete 
|  11|0x0000000702600000, 0x0000000702800000, 0x0000000702800000|100%|HS|  |TAMS 0x0000000702600000, 0x0000000702600000| Complete 
|  12|0x0000000702800000, 0x0000000702a00000, 0x0000000702a00000|100%|HC|  |TAMS 0x0000000702800000, 0x0000000702800000| Complete 
|  13|0x0000000702a00000, 0x0000000702c00000, 0x0000000702c00000|100%|HC|  |TAMS 0x0000000702a00000, 0x0000000702a00000| Complete 
|  14|0x0000000702c00000, 0x0000000702e00000, 0x0000000702e00000|100%|HC|  |TAMS 0x0000000702c00000, 0x0000000702c00000| Complete 
|  15|0x0000000702e00000, 0x0000000703000000, 0x0000000703000000|100%|HC|  |TAMS 0x0000000702e00000, 0x0000000702e00000| Complete 
|  16|0x0000000703000000, 0x0000000703200000, 0x0000000703200000|100%|HC|  |TAMS 0x0000000703000000, 0x0000000703000000| Complete 
|  17|0x0000000703200000, 0x0000000703400000, 0x0000000703400000|100%|HC|  |TAMS 0x0000000703200000, 0x0000000703200000| Complete 
|  18|0x0000000703400000, 0x0000000703600000, 0x0000000703600000|100%|HC|  |TAMS 0x0000000703400000, 0x0000000703400000| Complete 
|  19|0x0000000703600000, 0x0000000703800000, 0x0000000703800000|100%|HC|  |TAMS 0x0000000703600000, 0x0000000703600000| Complete 
|  20|0x0000000703800000, 0x0000000703a00000, 0x0000000703a00000|100%|HS|  |TAMS 0x0000000703800000, 0x0000000703800000| Complete 
|  21|0x0000000703a00000, 0x0000000703c00000, 0x0000000703c00000|100%|HC|  |TAMS 0x0000000703a00000, 0x0000000703a00000| Complete 
|  22|0x0000000703c00000, 0x0000000703e00000, 0x0000000703e00000|100%|HC|  |TAMS 0x0000000703c00000, 0x0000000703c00000| Complete 
|  23|0x0000000703e00000, 0x0000000704000000, 0x0000000704000000|100%|HC|  |TAMS 0x0000000703e00000, 0x0000000703e00000| Complete 
|  24|0x0000000704000000, 0x0000000704200000, 0x0000000704200000|100%|HC|  |TAMS 0x0000000704000000, 0x0000000704000000| Complete 
|  25|0x0000000704200000, 0x0000000704400000, 0x0000000704400000|100%|HC|  |TAMS 0x0000000704200000, 0x0000000704200000| Complete 
|  26|0x0000000704400000, 0x0000000704600000, 0x0000000704600000|100%|HC|  |TAMS 0x0000000704400000, 0x0000000704400000| Complete 
|  27|0x0000000704600000, 0x00000007047d7400, 0x0000000704800000| 92%| O|  |TAMS 0x0000000704600000, 0x0000000704600000| Untracked 
|  28|0x0000000704800000, 0x0000000704a00000, 0x0000000704a00000|100%|HS|  |TAMS 0x0000000704800000, 0x0000000704800000| Complete 
|  29|0x0000000704a00000, 0x0000000704c00000, 0x0000000704c00000|100%|HS|  |TAMS 0x0000000704a00000, 0x0000000704a00000| Complete 
|  30|0x0000000704c00000, 0x0000000704e00000, 0x0000000704e00000|100%|HC|  |TAMS 0x0000000704c00000, 0x0000000704c00000| Complete 
|  31|0x0000000704e00000, 0x0000000705000000, 0x0000000705000000|100%|HS|  |TAMS 0x0000000704e00000, 0x0000000704e00000| Complete 
|  32|0x0000000705000000, 0x0000000705200000, 0x0000000705200000|100%|HC|  |TAMS 0x0000000705000000, 0x0000000705000000| Complete 
|  33|0x0000000705200000, 0x0000000705400000, 0x0000000705400000|100%|HC|  |TAMS 0x0000000705200000, 0x0000000705200000| Complete 
|  34|0x0000000705400000, 0x0000000705600000, 0x0000000705600000|100%|HS|  |TAMS 0x0000000705400000, 0x0000000705400000| Complete 
|  35|0x0000000705600000, 0x0000000705800000, 0x0000000705800000|100%|HC|  |TAMS 0x0000000705600000, 0x0000000705600000| Complete 
|  36|0x0000000705800000, 0x0000000705a00000, 0x0000000705a00000|100%|HC|  |TAMS 0x0000000705800000, 0x0000000705800000| Complete 
|  37|0x0000000705a00000, 0x0000000705c00000, 0x0000000705c00000|100%|HC|  |TAMS 0x0000000705a00000, 0x0000000705a00000| Complete 
|  38|0x0000000705c00000, 0x0000000705e00000, 0x0000000705e00000|100%|HC|  |TAMS 0x0000000705c00000, 0x0000000705c00000| Complete 
|  39|0x0000000705e00000, 0x0000000706000000, 0x0000000706000000|100%|HS|  |TAMS 0x0000000705e00000, 0x0000000705e00000| Complete 
|  40|0x0000000706000000, 0x0000000706200000, 0x0000000706200000|100%|HC|  |TAMS 0x0000000706000000, 0x0000000706000000| Complete 
|  41|0x0000000706200000, 0x0000000706400000, 0x0000000706400000|100%|HC|  |TAMS 0x0000000706200000, 0x0000000706200000| Complete 
|  42|0x0000000706400000, 0x0000000706600000, 0x0000000706600000|100%|HC|  |TAMS 0x0000000706400000, 0x0000000706400000| Complete 
|  43|0x0000000706600000, 0x0000000706800000, 0x0000000706800000|100%|HC|  |TAMS 0x0000000706600000, 0x0000000706600000| Complete 
|  44|0x0000000706800000, 0x0000000706a00000, 0x0000000706a00000|100%|HC|  |TAMS 0x0000000706800000, 0x0000000706800000| Complete 
|  45|0x0000000706a00000, 0x0000000706c00000, 0x0000000706c00000|100%|HC|  |TAMS 0x0000000706a00000, 0x0000000706a00000| Complete 
|  46|0x0000000706c00000, 0x0000000706e00000, 0x0000000706e00000|100%|HC|  |TAMS 0x0000000706c00000, 0x0000000706c00000| Complete 
|  47|0x0000000706e00000, 0x0000000707000000, 0x0000000707000000|100%|HC|  |TAMS 0x0000000706e00000, 0x0000000706e00000| Complete 
|  48|0x0000000707000000, 0x0000000707000000, 0x0000000707200000|  0%| F|  |TAMS 0x0000000707000000, 0x0000000707000000| Untracked 
|  49|0x0000000707200000, 0x0000000707200000, 0x0000000707400000|  0%| F|  |TAMS 0x0000000707200000, 0x0000000707200000| Untracked 
|  50|0x0000000707400000, 0x0000000707400000, 0x0000000707600000|  0%| F|  |TAMS 0x0000000707400000, 0x0000000707400000| Untracked 
|  51|0x0000000707600000, 0x0000000707600000, 0x0000000707800000|  0%| F|  |TAMS 0x0000000707600000, 0x0000000707600000| Untracked 
|  52|0x0000000707800000, 0x000000070783c4e0, 0x0000000707a00000| 11%| S|CS|TAMS 0x0000000707800000, 0x0000000707800000| Complete 
|  53|0x0000000707a00000, 0x0000000707c00000, 0x0000000707c00000|100%|HS|  |TAMS 0x0000000707a00000, 0x0000000707a00000| Complete 
|  54|0x0000000707c00000, 0x0000000707e00000, 0x0000000707e00000|100%|HC|  |TAMS 0x0000000707c00000, 0x0000000707c00000| Complete 
|  55|0x0000000707e00000, 0x0000000708000000, 0x0000000708000000|100%|HC|  |TAMS 0x0000000707e00000, 0x0000000707e00000| Complete 
|  56|0x0000000708000000, 0x0000000708200000, 0x0000000708200000|100%|HC|  |TAMS 0x0000000708000000, 0x0000000708000000| Complete 
|  57|0x0000000708200000, 0x0000000708400000, 0x0000000708400000|100%|HC|  |TAMS 0x0000000708200000, 0x0000000708200000| Complete 
|  58|0x0000000708400000, 0x0000000708600000, 0x0000000708600000|100%|HC|  |TAMS 0x0000000708400000, 0x0000000708400000| Complete 
|  59|0x0000000708600000, 0x0000000708800000, 0x0000000708800000|100%|HC|  |TAMS 0x0000000708600000, 0x0000000708600000| Complete 
|  60|0x0000000708800000, 0x0000000708800000, 0x0000000708a00000|  0%| F|  |TAMS 0x0000000708800000, 0x0000000708800000| Untracked 
|  61|0x0000000708a00000, 0x0000000708a00000, 0x0000000708c00000|  0%| F|  |TAMS 0x0000000708a00000, 0x0000000708a00000| Untracked 
|  62|0x0000000708c00000, 0x0000000708c00000, 0x0000000708e00000|  0%| F|  |TAMS 0x0000000708c00000, 0x0000000708c00000| Untracked 
|  63|0x0000000708e00000, 0x0000000708e00000, 0x0000000709000000|  0%| F|  |TAMS 0x0000000708e00000, 0x0000000708e00000| Untracked 
|  64|0x0000000709000000, 0x0000000709000000, 0x0000000709200000|  0%| F|  |TAMS 0x0000000709000000, 0x0000000709000000| Untracked 
|  65|0x0000000709200000, 0x0000000709200000, 0x0000000709400000|  0%| F|  |TAMS 0x0000000709200000, 0x0000000709200000| Untracked 
|  66|0x0000000709400000, 0x0000000709400000, 0x0000000709600000|  0%| F|  |TAMS 0x0000000709400000, 0x0000000709400000| Untracked 
|  67|0x0000000709600000, 0x0000000709600000, 0x0000000709800000|  0%| F|  |TAMS 0x0000000709600000, 0x0000000709600000| Untracked 
|  68|0x0000000709800000, 0x0000000709800000, 0x0000000709a00000|  0%| F|  |TAMS 0x0000000709800000, 0x0000000709800000| Untracked 
|  69|0x0000000709a00000, 0x0000000709a00000, 0x0000000709c00000|  0%| F|  |TAMS 0x0000000709a00000, 0x0000000709a00000| Untracked 
|  70|0x0000000709c00000, 0x0000000709c00000, 0x0000000709e00000|  0%| F|  |TAMS 0x0000000709c00000, 0x0000000709c00000| Untracked 
|  71|0x0000000709e00000, 0x0000000709e00000, 0x000000070a000000|  0%| F|  |TAMS 0x0000000709e00000, 0x0000000709e00000| Untracked 
|  72|0x000000070a000000, 0x000000070a000000, 0x000000070a200000|  0%| F|  |TAMS 0x000000070a000000, 0x000000070a000000| Untracked 
|  73|0x000000070a200000, 0x000000070a200000, 0x000000070a400000|  0%| F|  |TAMS 0x000000070a200000, 0x000000070a200000| Untracked 
|  74|0x000000070a400000, 0x000000070a400000, 0x000000070a600000|  0%| F|  |TAMS 0x000000070a400000, 0x000000070a400000| Untracked 
|  75|0x000000070a600000, 0x000000070a600000, 0x000000070a800000|  0%| F|  |TAMS 0x000000070a600000, 0x000000070a600000| Untracked 
|  76|0x000000070a800000, 0x000000070a800000, 0x000000070aa00000|  0%| F|  |TAMS 0x000000070a800000, 0x000000070a800000| Untracked 
|  77|0x000000070aa00000, 0x000000070aa00000, 0x000000070ac00000|  0%| F|  |TAMS 0x000000070aa00000, 0x000000070aa00000| Untracked 
|  78|0x000000070ac00000, 0x000000070ac00000, 0x000000070ae00000|  0%| F|  |TAMS 0x000000070ac00000, 0x000000070ac00000| Untracked 
|  79|0x000000070ae00000, 0x000000070ae00000, 0x000000070b000000|  0%| F|  |TAMS 0x000000070ae00000, 0x000000070ae00000| Untracked 
|  80|0x000000070b000000, 0x000000070b000000, 0x000000070b200000|  0%| F|  |TAMS 0x000000070b000000, 0x000000070b000000| Untracked 
|  81|0x000000070b200000, 0x000000070b200000, 0x000000070b400000|  0%| F|  |TAMS 0x000000070b200000, 0x000000070b200000| Untracked 
|  82|0x000000070b400000, 0x000000070b400000, 0x000000070b600000|  0%| F|  |TAMS 0x000000070b400000, 0x000000070b400000| Untracked 
|  83|0x000000070b600000, 0x000000070b600000, 0x000000070b800000|  0%| F|  |TAMS 0x000000070b600000, 0x000000070b600000| Untracked 
|  84|0x000000070b800000, 0x000000070b800000, 0x000000070ba00000|  0%| F|  |TAMS 0x000000070b800000, 0x000000070b800000| Untracked 
|  85|0x000000070ba00000, 0x000000070ba00000, 0x000000070bc00000|  0%| F|  |TAMS 0x000000070ba00000, 0x000000070ba00000| Untracked 
|  86|0x000000070bc00000, 0x000000070bc00000, 0x000000070be00000|  0%| F|  |TAMS 0x000000070bc00000, 0x000000070bc00000| Untracked 
|  87|0x000000070be00000, 0x000000070be00000, 0x000000070c000000|  0%| F|  |TAMS 0x000000070be00000, 0x000000070be00000| Untracked 
|  88|0x000000070c000000, 0x000000070c000000, 0x000000070c200000|  0%| F|  |TAMS 0x000000070c000000, 0x000000070c000000| Untracked 
|  89|0x000000070c200000, 0x000000070c200000, 0x000000070c400000|  0%| F|  |TAMS 0x000000070c200000, 0x000000070c200000| Untracked 
|  90|0x000000070c400000, 0x000000070c400000, 0x000000070c600000|  0%| F|  |TAMS 0x000000070c400000, 0x000000070c400000| Untracked 
|  91|0x000000070c600000, 0x000000070c600000, 0x000000070c800000|  0%| F|  |TAMS 0x000000070c600000, 0x000000070c600000| Untracked 
|  92|0x000000070c800000, 0x000000070c800000, 0x000000070ca00000|  0%| F|  |TAMS 0x000000070c800000, 0x000000070c800000| Untracked 
|  93|0x000000070ca00000, 0x000000070ca00000, 0x000000070cc00000|  0%| F|  |TAMS 0x000000070ca00000, 0x000000070ca00000| Untracked 
|  94|0x000000070cc00000, 0x000000070cc00000, 0x000000070ce00000|  0%| F|  |TAMS 0x000000070cc00000, 0x000000070cc00000| Untracked 
|  95|0x000000070ce00000, 0x000000070ce00000, 0x000000070d000000|  0%| F|  |TAMS 0x000000070ce00000, 0x000000070ce00000| Untracked 
|  96|0x000000070d000000, 0x000000070d000000, 0x000000070d200000|  0%| F|  |TAMS 0x000000070d000000, 0x000000070d000000| Untracked 
|  97|0x000000070d200000, 0x000000070d200000, 0x000000070d400000|  0%| F|  |TAMS 0x000000070d200000, 0x000000070d200000| Untracked 
|  98|0x000000070d400000, 0x000000070d400000, 0x000000070d600000|  0%| F|  |TAMS 0x000000070d400000, 0x000000070d400000| Untracked 
|  99|0x000000070d600000, 0x000000070d600000, 0x000000070d800000|  0%| F|  |TAMS 0x000000070d600000, 0x000000070d600000| Untracked 
| 100|0x000000070d800000, 0x000000070d800000, 0x000000070da00000|  0%| F|  |TAMS 0x000000070d800000, 0x000000070d800000| Untracked 
| 101|0x000000070da00000, 0x000000070da00000, 0x000000070dc00000|  0%| F|  |TAMS 0x000000070da00000, 0x000000070da00000| Untracked 
| 102|0x000000070dc00000, 0x000000070dcc0020, 0x000000070de00000| 37%| E|  |TAMS 0x000000070dc00000, 0x000000070dc00000| Complete 
| 103|0x000000070de00000, 0x000000070e000000, 0x000000070e000000|100%| E|CS|TAMS 0x000000070de00000, 0x000000070de00000| Complete 
| 104|0x000000070e000000, 0x000000070e200000, 0x000000070e200000|100%| E|CS|TAMS 0x000000070e000000, 0x000000070e000000| Complete 
| 105|0x000000070e200000, 0x000000070e400000, 0x000000070e400000|100%| E|CS|TAMS 0x000000070e200000, 0x000000070e200000| Complete 
| 106|0x000000070e400000, 0x000000070e600000, 0x000000070e600000|100%| E|CS|TAMS 0x000000070e400000, 0x000000070e400000| Complete 
| 107|0x000000070e600000, 0x000000070e800000, 0x000000070e800000|100%| E|CS|TAMS 0x000000070e600000, 0x000000070e600000| Complete 
| 108|0x000000070e800000, 0x000000070ea00000, 0x000000070ea00000|100%| E|CS|TAMS 0x000000070e800000, 0x000000070e800000| Complete 
| 109|0x000000070ea00000, 0x000000070ec00000, 0x000000070ec00000|100%| E|CS|TAMS 0x000000070ea00000, 0x000000070ea00000| Complete 
| 110|0x000000070ec00000, 0x000000070ee00000, 0x000000070ee00000|100%| E|CS|TAMS 0x000000070ec00000, 0x000000070ec00000| Complete 
| 111|0x000000070ee00000, 0x000000070f000000, 0x000000070f000000|100%| E|CS|TAMS 0x000000070ee00000, 0x000000070ee00000| Complete 
| 112|0x000000070f000000, 0x000000070f200000, 0x000000070f200000|100%| E|CS|TAMS 0x000000070f000000, 0x000000070f000000| Complete 
| 113|0x000000070f200000, 0x000000070f400000, 0x000000070f400000|100%| E|CS|TAMS 0x000000070f200000, 0x000000070f200000| Complete 
| 114|0x000000070f400000, 0x000000070f600000, 0x000000070f600000|100%| E|CS|TAMS 0x000000070f400000, 0x000000070f400000| Complete 
| 115|0x000000070f600000, 0x000000070f800000, 0x000000070f800000|100%| E|CS|TAMS 0x000000070f600000, 0x000000070f600000| Complete 
| 116|0x000000070f800000, 0x000000070fa00000, 0x000000070fa00000|100%| E|CS|TAMS 0x000000070f800000, 0x000000070f800000| Complete 
| 117|0x000000070fa00000, 0x000000070fc00000, 0x000000070fc00000|100%| E|CS|TAMS 0x000000070fa00000, 0x000000070fa00000| Complete 
| 118|0x000000070fc00000, 0x000000070fe00000, 0x000000070fe00000|100%| E|CS|TAMS 0x000000070fc00000, 0x000000070fc00000| Complete 
| 119|0x000000070fe00000, 0x0000000710000000, 0x0000000710000000|100%| E|CS|TAMS 0x000000070fe00000, 0x000000070fe00000| Complete 
| 120|0x0000000710000000, 0x0000000710200000, 0x0000000710200000|100%| E|CS|TAMS 0x0000000710000000, 0x0000000710000000| Complete 
| 121|0x0000000710200000, 0x0000000710400000, 0x0000000710400000|100%| E|CS|TAMS 0x0000000710200000, 0x0000000710200000| Complete 
| 122|0x0000000710400000, 0x0000000710600000, 0x0000000710600000|100%| E|CS|TAMS 0x0000000710400000, 0x0000000710400000| Complete 
| 123|0x0000000710600000, 0x0000000710800000, 0x0000000710800000|100%| E|CS|TAMS 0x0000000710600000, 0x0000000710600000| Complete 
| 124|0x0000000710800000, 0x0000000710a00000, 0x0000000710a00000|100%| E|CS|TAMS 0x0000000710800000, 0x0000000710800000| Complete 
| 125|0x0000000710a00000, 0x0000000710c00000, 0x0000000710c00000|100%| E|CS|TAMS 0x0000000710a00000, 0x0000000710a00000| Complete 
| 126|0x0000000710c00000, 0x0000000710e00000, 0x0000000710e00000|100%| E|CS|TAMS 0x0000000710c00000, 0x0000000710c00000| Complete 
| 127|0x0000000710e00000, 0x0000000711000000, 0x0000000711000000|100%| E|CS|TAMS 0x0000000710e00000, 0x0000000710e00000| Complete 

Card table byte_map: [0x00000241d14e0000,0x00000241d1ce0000] _byte_map_base: 0x00000241cdcd8000

Marking Bits (Prev, Next): (CMBitMap*) 0x00000241ba5a8d90, (CMBitMap*) 0x00000241ba5a8dd0
 Prev Bits: [0x00000241d24e0000, 0x00000241d64a0000)
 Next Bits: [0x00000241d64a0000, 0x00000241da460000)

Polling page: 0x00000241b8320000

Metaspace:

Usage:
  Non-class:      4.17 MB used.
      Class:    270.43 KB used.
       Both:      4.43 MB used.

Virtual space:
  Non-class space:        8.00 MB reserved,       4.25 MB ( 53%) committed,  1 nodes.
      Class space:        1.00 GB reserved,     320.00 KB ( <1%) committed,  1 nodes.
              Both:        1.01 GB reserved,       4.56 MB ( <1%) committed. 

Chunk freelists:
   Non-Class:  1.64 MB
       Class:  3.58 MB
        Both:  5.22 MB

MaxMetaspaceSize: 17179869184.00 GB
CompressedClassSpaceSize: 1.00 GB
 - commit_granule_bytes: 65536.
 - commit_granule_words: 8192.
 - virtual_space_node_default_size: 1048576.
 - enlarge_chunks_in_place: 1.
 - new_chunks_are_fully_committed: 0.
 - uncommit_free_chunks: 1.
 - use_allocation_guard: 0.
 - handle_deallocations: 1.


Internal statistics:

num_allocs_failed_limit: 0.
num_arena_births: 16.
num_arena_deaths: 0.
num_vsnodes_births: 2.
num_vsnodes_deaths: 0.
num_space_committed: 71.
num_space_uncommitted: 0.
num_chunks_returned_to_freelist: 0.
num_chunks_taken_from_freelist: 112.
num_chunk_merges: 0.
num_chunk_splits: 86.
num_chunks_enlarged: 71.
num_purges: 0.

CodeHeap 'non-profiled nmethods': size=120000Kb used=1543Kb max_used=1543Kb free=118456Kb
 bounds [0x00000241c97b0000, 0x00000241c9a20000, 0x00000241d0ce0000]
CodeHeap 'profiled nmethods': size=120000Kb used=3686Kb max_used=3686Kb free=116313Kb
 bounds [0x00000241c2280000, 0x00000241c2620000, 0x00000241c97b0000]
CodeHeap 'non-nmethods': size=5760Kb used=1236Kb max_used=1284Kb free=4523Kb
 bounds [0x00000241c1ce0000, 0x00000241c1f50000, 0x00000241c2280000]
 total_blobs=2273 nmethods=1727 adapters=459
 compilation: enabled
              stopped_count=0, restarted_count=0
 full_count=0

Compilation events (20 events):
Event: 19.860 Thread 0x00000241dc94aac0 1717       3       java.util.regex.ASCII::toUpper (16 bytes)
Event: 19.860 Thread 0x00000241dc94aac0 nmethod 1717 0x00000241c2619610 code [0x00000241c26197c0, 0x00000241c26199b8]
Event: 19.860 Thread 0x00000241dc94aac0 1719       1       singletons.GroundSingleton::getHeightFull (3 bytes)
Event: 19.860 Thread 0x00000241dc94aac0 nmethod 1719 0x00000241c992c810 code [0x00000241c992c9a0, 0x00000241c992ca78]
Event: 19.860 Thread 0x00000241dc94aac0 1720       1       java.util.regex.Pattern::lambda$ALL$3 (2 bytes)
Event: 19.860 Thread 0x00000241dc94aac0 nmethod 1720 0x00000241c992cb10 code [0x00000241c992cca0, 0x00000241c992cd58]
Event: 19.860 Thread 0x00000241dc94aac0 1721       1       singletons.GroundSingleton::getHeightTop (2 bytes)
Event: 19.860 Thread 0x00000241dc94aac0 nmethod 1721 0x00000241c992ce10 code [0x00000241c992cfa0, 0x00000241c992d078]
Event: 19.887 Thread 0x00000241dc937120 1722       4       javazoom.jl.decoder.Header::read_header (510 bytes)
Event: 19.913 Thread 0x00000241dc937120 nmethod 1722 0x00000241c992d110 code [0x00000241c992d3c0, 0x00000241c992eb60]
Event: 19.913 Thread 0x00000241dc937120 1723       4       javazoom.jl.decoder.Bitstream::read_frame_data (30 bytes)
Event: 19.915 Thread 0x00000241dc937120 nmethod 1723 0x00000241c992fe10 code [0x00000241c992ffc0, 0x00000241c99301b8]
Event: 19.915 Thread 0x00000241dc937120 1724   !   4       javazoom.jl.decoder.Bitstream::isSyncCurrentPosition (133 bytes)
Event: 19.919 Thread 0x00000241dc937120 nmethod 1724 0x00000241c9930390 code [0x00000241c9930560, 0x00000241c99309d8]
Event: 20.031 Thread 0x00000241dc937120 1725       4       javazoom.jl.decoder.MP3Decoder::decodeFrame (38 bytes)
Event: 20.034 Thread 0x00000241dc937120 nmethod 1725 0x00000241c9930e90 code [0x00000241c9931040, 0x00000241c99313c8]
Event: 20.034 Thread 0x00000241dc937120 1726       4       javazoom.jl.decoder.MP3Decoder::retrieveDecoder (186 bytes)
Event: 20.036 Thread 0x00000241dc937120 nmethod 1726 0x00000241c9931610 code [0x00000241c99317a0, 0x00000241c9931a88]
Event: 20.036 Thread 0x00000241dc937120 1727       4       javazoom.jl.decoder.LayerIIIDecoder::decodeFrame (5 bytes)
Event: 20.036 Thread 0x00000241dc937120 nmethod 1727 0x00000241c9931c10 code [0x00000241c9931da0, 0x00000241c9931e48]

GC Heap History (8 events):
Event: 2.653 GC heap before
{Heap before GC invocations=0 (full 0):
 garbage-first heap   total 262144K, used 65536K [0x0000000701000000, 0x0000000800000000)
  region size 2048K, 6 young (12288K), 0 survivors (0K)
 Metaspace       used 3964K, committed 4096K, reserved 1056768K
  class space    used 268K, committed 320K, reserved 1048576K
}
Event: 2.656 GC heap after
{Heap after GC invocations=1 (full 0):
 garbage-first heap   total 262144K, used 2050K [0x0000000701000000, 0x0000000800000000)
  region size 2048K, 1 young (2048K), 1 survivors (2048K)
 Metaspace       used 3964K, committed 4096K, reserved 1056768K
  class space    used 268K, committed 320K, reserved 1048576K
}
Event: 3.301 GC heap before
{Heap before GC invocations=1 (full 0):
 garbage-first heap   total 262144K, used 16386K [0x0000000701000000, 0x0000000800000000)
  region size 2048K, 8 young (16384K), 1 survivors (2048K)
 Metaspace       used 4081K, committed 4160K, reserved 1056768K
  class space    used 268K, committed 320K, reserved 1048576K
}
Event: 3.303 GC heap after
{Heap after GC invocations=2 (full 0):
 garbage-first heap   total 262144K, used 2188K [0x0000000701000000, 0x0000000800000000)
  region size 2048K, 1 young (2048K), 1 survivors (2048K)
 Metaspace       used 4081K, committed 4160K, reserved 1056768K
  class space    used 268K, committed 320K, reserved 1048576K
}
Event: 10.201 GC heap before
{Heap before GC invocations=2 (full 0):
 garbage-first heap   total 262144K, used 155788K [0x0000000701000000, 0x0000000800000000)
  region size 2048K, 76 young (155648K), 1 survivors (2048K)
 Metaspace       used 4492K, committed 4608K, reserved 1056768K
  class space    used 269K, committed 320K, reserved 1048576K
}
Event: 10.202 GC heap after
{Heap after GC invocations=3 (full 0):
 garbage-first heap   total 262144K, used 2053K [0x0000000701000000, 0x0000000800000000)
  region size 2048K, 1 young (2048K), 1 survivors (2048K)
 Metaspace       used 4492K, committed 4608K, reserved 1056768K
  class space    used 269K, committed 320K, reserved 1048576K
}
Event: 17.201 GC heap before
{Heap before GC invocations=3 (full 0):
 garbage-first heap   total 262144K, used 155653K [0x0000000701000000, 0x0000000800000000)
  region size 2048K, 76 young (155648K), 1 survivors (2048K)
 Metaspace       used 4521K, committed 4608K, reserved 1056768K
  class space    used 270K, committed 320K, reserved 1048576K
}
Event: 17.202 GC heap after
{Heap after GC invocations=4 (full 0):
 garbage-first heap   total 262144K, used 2126K [0x0000000701000000, 0x0000000800000000)
  region size 2048K, 1 young (2048K), 1 survivors (2048K)
 Metaspace       used 4521K, committed 4608K, reserved 1056768K
  class space    used 270K, committed 320K, reserved 1048576K
}

Deoptimization events (20 events):
Event: 19.858 Thread 0x00000241dd63bd00 Uncommon trap: trap_request=0xffffff76 fr.pc=0x00000241c9919e80 relative=0x0000000000000420
Event: 19.858 Thread 0x00000241dd63bd00 Uncommon trap: reason=predicate action=maybe_recompile pc=0x00000241c9919e80 method=java.util.regex.Pattern$Start.match(Ljava/util/regex/Matcher;ILjava/lang/CharSequence;)Z @ 34 c2
Event: 19.858 Thread 0x00000241dd63bd00 DEOPT PACKING pc=0x00000241c9919e80 sp=0x000000b875cfe9c0
Event: 19.858 Thread 0x00000241dd63bd00 DEOPT UNPACKING pc=0x00000241c1d2d72e sp=0x000000b875cfe900 mode 2
Event: 19.859 Thread 0x00000241dd63bd00 Uncommon trap: trap_request=0xffffffde fr.pc=0x00000241c98643b8 relative=0x00000000000000f8
Event: 19.859 Thread 0x00000241dd63bd00 Uncommon trap: reason=class_check action=maybe_recompile pc=0x00000241c98643b8 method=java.util.regex.Pattern$BmpCharProperty.match(Ljava/util/regex/Matcher;ILjava/lang/CharSequence;)Z @ 14 c2
Event: 19.859 Thread 0x00000241dd63bd00 DEOPT PACKING pc=0x00000241c98643b8 sp=0x000000b875cfe6d0
Event: 19.859 Thread 0x00000241dd63bd00 DEOPT UNPACKING pc=0x00000241c1d2d72e sp=0x000000b875cfe680 mode 2
Event: 19.859 Thread 0x00000241dd63bd00 Uncommon trap: trap_request=0xffffffde fr.pc=0x00000241c98643b8 relative=0x00000000000000f8
Event: 19.859 Thread 0x00000241dd63bd00 Uncommon trap: reason=class_check action=maybe_recompile pc=0x00000241c98643b8 method=java.util.regex.Pattern$BmpCharProperty.match(Ljava/util/regex/Matcher;ILjava/lang/CharSequence;)Z @ 14 c2
Event: 19.859 Thread 0x00000241dd63bd00 DEOPT PACKING pc=0x00000241c98643b8 sp=0x000000b875cfe6d0
Event: 19.859 Thread 0x00000241dd63bd00 DEOPT UNPACKING pc=0x00000241c1d2d72e sp=0x000000b875cfe680 mode 2
Event: 19.859 Thread 0x00000241dd63bd00 Uncommon trap: trap_request=0xffffffde fr.pc=0x00000241c98643b8 relative=0x00000000000000f8
Event: 19.859 Thread 0x00000241dd63bd00 Uncommon trap: reason=class_check action=maybe_recompile pc=0x00000241c98643b8 method=java.util.regex.Pattern$BmpCharProperty.match(Ljava/util/regex/Matcher;ILjava/lang/CharSequence;)Z @ 14 c2
Event: 19.859 Thread 0x00000241dd63bd00 DEOPT PACKING pc=0x00000241c98643b8 sp=0x000000b875cfe6d0
Event: 19.859 Thread 0x00000241dd63bd00 DEOPT UNPACKING pc=0x00000241c1d2d72e sp=0x000000b875cfe680 mode 2
Event: 19.859 Thread 0x00000241dd63bd00 Uncommon trap: trap_request=0xffffffde fr.pc=0x00000241c98643b8 relative=0x00000000000000f8
Event: 19.859 Thread 0x00000241dd63bd00 Uncommon trap: reason=class_check action=maybe_recompile pc=0x00000241c98643b8 method=java.util.regex.Pattern$BmpCharProperty.match(Ljava/util/regex/Matcher;ILjava/lang/CharSequence;)Z @ 14 c2
Event: 19.859 Thread 0x00000241dd63bd00 DEOPT PACKING pc=0x00000241c98643b8 sp=0x000000b875cfe6d0
Event: 19.859 Thread 0x00000241dd63bd00 DEOPT UNPACKING pc=0x00000241c1d2d72e sp=0x000000b875cfe680 mode 2

Classes unloaded (0 events):
No events

Classes redefined (0 events):
No events

Internal exceptions (4 events):
Event: 0.197 Thread 0x00000241ba559f30 Exception <a 'java/lang/NoSuchMethodError'{0x0000000710ca0078}: 'java.lang.Object java.lang.invoke.DirectMethodHandle$Holder.invokeInterface(java.lang.Object, java.lang.Object)'> (0x0000000710ca0078) 
thrown [t:\workspace\open\src\hotspot\share\interpreter\linkResolver.cpp, line 790]
Event: 0.197 Thread 0x00000241ba559f30 Exception <a 'java/lang/IncompatibleClassChangeError'{0x0000000710ca3df8}: Found class java.lang.Object, but interface was expected> (0x0000000710ca3df8) 
thrown [t:\workspace\open\src\hotspot\share\interpreter\linkResolver.cpp, line 857]
Event: 1.085 Thread 0x00000241dd63bd00 Exception <a 'java/lang/NoSuchMethodError'{0x0000000710606f00}: 'java.lang.Object java.lang.invoke.DirectMethodHandle$Holder.invokeStatic(java.lang.Object)'> (0x0000000710606f00) 
thrown [t:\workspace\open\src\hotspot\share\interpreter\linkResolver.cpp, line 790]
Event: 1.086 Thread 0x00000241dd63bd00 Exception <a 'java/lang/NoSuchMethodError'{0x000000071060a8f8}: 'java.lang.Object java.lang.invoke.DirectMethodHandle$Holder.invokeStaticInit(java.lang.Object)'> (0x000000071060a8f8) 
thrown [t:\workspace\open\src\hotspot\share\interpreter\linkResolver.cpp, line 790]

Events (20 events):
Event: 12.202 Executing  VM operation: Cleanup
Event: 12.202 Executing  VM operation: Cleanup done
Event: 13.202 Executing  VM operation: Cleanup
Event: 13.202 Executing  VM operation: Cleanup done
Event: 14.203 Executing  VM operation: Cleanup
Event: 14.203 Executing  VM operation: Cleanup done
Event: 14.385 loading class java/net/Proxy
Event: 14.385 loading class java/net/Proxy done
Event: 15.203 Executing  VM operation: Cleanup
Event: 15.203 Executing  VM operation: Cleanup done
Event: 16.204 Executing  VM operation: Cleanup
Event: 16.204 Executing  VM operation: Cleanup done
Event: 16.986 Executing  VM operation: HandshakeAllThreads
Event: 16.986 Executing  VM operation: HandshakeAllThreads done
Event: 17.201 Executing  VM operation: G1CollectForAllocation
Event: 17.202 Executing  VM operation: G1CollectForAllocation done
Event: 18.202 Executing  VM operation: Cleanup
Event: 18.202 Executing  VM operation: Cleanup done
Event: 20.203 Executing  VM operation: Cleanup
Event: 20.203 Executing  VM operation: Cleanup done


Dynamic libraries:
0x00007ff672f40000 - 0x00007ff672f50000 	C:\Program Files\Java\jdk-16.0.1\bin\javaw.exe
0x00007ffa204b0000 - 0x00007ffa206a5000 	C:\WINDOWS\SYSTEM32\ntdll.dll
0x00007ffa1f6f0000 - 0x00007ffa1f7ad000 	C:\WINDOWS\System32\KERNEL32.DLL
0x00007ffa1dd50000 - 0x00007ffa1e019000 	C:\WINDOWS\System32\KERNELBASE.dll
0x00007ffa1e310000 - 0x00007ffa1e410000 	C:\WINDOWS\System32\ucrtbase.dll
0x00007ffa020b0000 - 0x00007ffa020c9000 	C:\Program Files\Java\jdk-16.0.1\bin\VCRUNTIME140.dll
0x00007ffa01720000 - 0x00007ffa01738000 	C:\Program Files\Java\jdk-16.0.1\bin\jli.dll
0x00007ffa1fc10000 - 0x00007ffa1fcbc000 	C:\WINDOWS\System32\ADVAPI32.dll
0x00007ffa1f650000 - 0x00007ffa1f6ee000 	C:\WINDOWS\System32\msvcrt.dll
0x00007ffa1f150000 - 0x00007ffa1f1eb000 	C:\WINDOWS\System32\sechost.dll
0x00007ffa1fae0000 - 0x00007ffa1fc0a000 	C:\WINDOWS\System32\RPCRT4.dll
0x00007ffa1f7c0000 - 0x00007ffa1f960000 	C:\WINDOWS\System32\USER32.dll
0x00007ffa16c20000 - 0x00007ffa16eba000 	C:\WINDOWS\WinSxS\amd64_microsoft.windows.common-controls_6595b64144ccf1df_6.0.19041.1110_none_60b5254171f9507e\COMCTL32.dll
0x00007ffa1e150000 - 0x00007ffa1e172000 	C:\WINDOWS\System32\win32u.dll
0x00007ffa1f120000 - 0x00007ffa1f14a000 	C:\WINDOWS\System32\GDI32.dll
0x00007ffa1bc20000 - 0x00007ffa1bc2a000 	C:\WINDOWS\SYSTEM32\VERSION.dll
0x00007ffa1e410000 - 0x00007ffa1e51b000 	C:\WINDOWS\System32\gdi32full.dll
0x00007ffa1e0b0000 - 0x00007ffa1e14d000 	C:\WINDOWS\System32\msvcp_win.dll
0x00007ffa1f960000 - 0x00007ffa1f990000 	C:\WINDOWS\System32\IMM32.DLL
0x00007ffa135f0000 - 0x00007ffa135fc000 	C:\Program Files\Java\jdk-16.0.1\bin\vcruntime140_1.dll
0x00007ff9fab30000 - 0x00007ff9fabc1000 	C:\Program Files\Java\jdk-16.0.1\bin\msvcp140.dll
0x00007ff9bc530000 - 0x00007ff9bd0db000 	C:\Program Files\Java\jdk-16.0.1\bin\server\jvm.dll
0x00007ffa1f7b0000 - 0x00007ffa1f7b8000 	C:\WINDOWS\System32\PSAPI.DLL
0x00007ffa175d0000 - 0x00007ffa175f7000 	C:\WINDOWS\SYSTEM32\WINMM.dll
0x00007ffa0bce0000 - 0x00007ffa0bce9000 	C:\WINDOWS\SYSTEM32\WSOCK32.dll
0x00007ffa20400000 - 0x00007ffa2046b000 	C:\WINDOWS\System32\WS2_32.dll
0x00007ffa1c500000 - 0x00007ffa1c512000 	C:\WINDOWS\SYSTEM32\kernel.appcore.dll
0x00007ffa12170000 - 0x00007ffa1217a000 	C:\Program Files\Java\jdk-16.0.1\bin\jimage.dll
0x00007ffa0ed70000 - 0x00007ffa0ef54000 	C:\WINDOWS\SYSTEM32\DBGHELP.DLL
0x00007ffa0f140000 - 0x00007ffa0f16c000 	C:\WINDOWS\SYSTEM32\dbgcore.DLL
0x00007ffa1e020000 - 0x00007ffa1e0a3000 	C:\WINDOWS\System32\bcryptPrimitives.dll
0x00007ff9fed80000 - 0x00007ff9feda5000 	C:\Program Files\Java\jdk-16.0.1\bin\java.dll
0x00007ffa1fcc0000 - 0x00007ffa203ff000 	C:\WINDOWS\System32\SHELL32.dll
0x00007ffa1bc30000 - 0x00007ffa1c3c1000 	C:\WINDOWS\SYSTEM32\windows.storage.dll
0x00007ffa1f210000 - 0x00007ffa1f565000 	C:\WINDOWS\System32\combase.dll
0x00007ffa1d5f0000 - 0x00007ffa1d61c000 	C:\WINDOWS\SYSTEM32\Wldp.dll
0x00007ffa1eba0000 - 0x00007ffa1ec4e000 	C:\WINDOWS\System32\SHCORE.dll
0x00007ffa1f0c0000 - 0x00007ffa1f115000 	C:\WINDOWS\System32\shlwapi.dll
0x00007ffa1db30000 - 0x00007ffa1db4f000 	C:\WINDOWS\SYSTEM32\profapi.dll
0x00007ffa002c0000 - 0x00007ffa002d9000 	C:\Program Files\Java\jdk-16.0.1\bin\net.dll
0x00007ffa159f0000 - 0x00007ffa15afa000 	C:\WINDOWS\SYSTEM32\WINHTTP.dll
0x00007ffa1d2f0000 - 0x00007ffa1d35a000 	C:\WINDOWS\system32\mswsock.dll
0x00007ff9ffa50000 - 0x00007ff9ffa63000 	C:\Program Files\Java\jdk-16.0.1\bin\nio.dll
0x00007ff9fed60000 - 0x00007ff9fed78000 	C:\Program Files\Java\jdk-16.0.1\bin\zip.dll
0x000000006b3c0000 - 0x000000006b44d000 	C:\Users\pires\AppData\Local\Temp\libgdxpires\1242687446\gdx64.dll
0x00007ffa12120000 - 0x00007ffa12130000 	C:\Program Files\Java\jdk-16.0.1\bin\verify.dll
0x0000000180000000 - 0x0000000180050000 	C:\Users\pires\AppData\Local\Temp\libgdxpires\1242687446\lwjgl64.dll
0x00007ff9e1300000 - 0x00007ff9e1425000 	C:\WINDOWS\SYSTEM32\OPENGL32.dll
0x00007ffa136c0000 - 0x00007ffa136ec000 	C:\WINDOWS\SYSTEM32\GLU32.dll
0x00000241ba490000 - 0x00000241ba4f2000 	C:\Users\pires\AppData\Local\Temp\libgdxpires\1242687446\OpenAL64.dll
0x00007ffa1f9a0000 - 0x00007ffa1faca000 	C:\WINDOWS\System32\ole32.dll
0x00007ffa1b4c0000 - 0x00007ffa1b55e000 	C:\WINDOWS\system32\uxtheme.dll
0x00007ffa1ea30000 - 0x00007ffa1ead9000 	C:\WINDOWS\System32\clbcatq.dll
0x00007ff9fae60000 - 0x00007ff9faefc000 	C:\WINDOWS\SYSTEM32\dsound.dll
0x00007ffa1d950000 - 0x00007ffa1d99b000 	C:\WINDOWS\SYSTEM32\powrprof.dll
0x00007ff9fccd0000 - 0x00007ff9fccf6000 	C:\WINDOWS\SYSTEM32\winmmbase.dll
0x00007ffa1d930000 - 0x00007ffa1d942000 	C:\WINDOWS\SYSTEM32\UMPDC.dll
0x00007ffa18110000 - 0x00007ffa18195000 	C:\WINDOWS\System32\MMDevApi.dll
0x00007ffa1d9a0000 - 0x00007ffa1d9cc000 	C:\WINDOWS\System32\DEVOBJ.dll
0x00007ffa1dbf0000 - 0x00007ffa1dc3e000 	C:\WINDOWS\System32\cfgmgr32.dll
0x00007ffa181a0000 - 0x00007ffa18321000 	C:\WINDOWS\SYSTEM32\AUDIOSES.DLL
0x00007ffa1e5b0000 - 0x00007ffa1e67d000 	C:\WINDOWS\System32\OLEAUT32.dll
0x00007ffa1b5c0000 - 0x00007ffa1b5d4000 	C:\WINDOWS\SYSTEM32\resourcepolicyclient.dll
0x00007ffa17600000 - 0x00007ffa176ae000 	C:\WINDOWS\SYSTEM32\mscms.dll
0x00007ffa1dab0000 - 0x00007ffa1dade000 	C:\WINDOWS\SYSTEM32\USERENV.dll
0x00007ffa175a0000 - 0x00007ffa175b1000 	C:\WINDOWS\SYSTEM32\ColorAdapterClient.dll
0x00007ffa1e910000 - 0x00007ffa1ea25000 	C:\WINDOWS\System32\MSCTF.dll
0x00007ffa15b60000 - 0x00007ffa15c59000 	C:\Windows\System32\AppXDeploymentClient.dll
0x0000000074a70000 - 0x00000000768b7000 	C:\WINDOWS\SYSTEM32\nvoglv64.DLL
0x00007ffa1ec50000 - 0x00007ffa1f0b9000 	C:\WINDOWS\System32\SETUPAPI.dll
0x00007ffa1e180000 - 0x00007ffa1e1a7000 	C:\WINDOWS\System32\bcrypt.dll
0x00007ffa19500000 - 0x00007ffa19514000 	C:\WINDOWS\SYSTEM32\WTSAPI32.dll
0x00007ffa1c920000 - 0x00007ffa1c953000 	C:\WINDOWS\SYSTEM32\ntmarta.dll
0x00007ffa1d530000 - 0x00007ffa1d58a000 	C:\WINDOWS\SYSTEM32\WINSTA.dll
0x00007ffa1b7c0000 - 0x00007ffa1b7ef000 	C:\WINDOWS\system32\dwmapi.dll
0x00007ffa0feb0000 - 0x00007ffa0ffa9000 	C:\WINDOWS\SYSTEM32\textinputframework.dll
0x00007ffa1b0f0000 - 0x00007ffa1b1e2000 	C:\WINDOWS\System32\CoreMessaging.dll
0x00007ffa1a910000 - 0x00007ffa1ac6e000 	C:\WINDOWS\System32\CoreUIComponents.dll
0x00007ffa19250000 - 0x00007ffa193a4000 	C:\WINDOWS\SYSTEM32\wintypes.dll
0x00007ffa16ae0000 - 0x00007ffa16b46000 	C:\WINDOWS\system32\Oleacc.dll
0x00007ff9f00f0000 - 0x00007ff9f0133000 	C:\WINDOWS\SYSTEM32\icm32.dll
0x00007ffa1c520000 - 0x00007ffa1c614000 	C:\WINDOWS\SYSTEM32\dxgi.dll
0x00007ffa19720000 - 0x00007ffa19984000 	C:\WINDOWS\SYSTEM32\d3d11.dll
0x00007ffa0bf40000 - 0x00007ffa0d0fa000 	C:\WINDOWS\SYSTEM32\nvwgf2umx.dll
0x00007ffa0b7c0000 - 0x00007ffa0b7fb000 	C:\WINDOWS\SYSTEM32\dxcore.dll

dbghelp: loaded successfully - version: 4.0.5 - missing functions: none
symbol engine: initialized successfully - sym options: 0x614 - pdb path: .;C:\Program Files\Java\jdk-16.0.1\bin;C:\WINDOWS\SYSTEM32;C:\WINDOWS\WinSxS\amd64_microsoft.windows.common-controls_6595b64144ccf1df_6.0.19041.1110_none_60b5254171f9507e;C:\Program Files\Java\jdk-16.0.1\bin\server;C:\Users\pires\AppData\Local\Temp\libgdxpires\1242687446

VM Arguments:
jvm_args: -Dfile.encoding=UTF-8 -XX:+ShowCodeDetailsInExceptionMessages 
java_command: Launcher
java_class_path (initial): C:\Users\pires\eclipse-workspace\TP3 - Mario Forever\bin;C:\Users\pires\eclipse-workspace\TP3 - Mario Forever\libs\gdx.jar;C:\Users\pires\eclipse-workspace\TP3 - Mario Forever\libs\gdx-backend-lwjgl.jar;C:\Users\pires\eclipse-workspace\TP3 - Mario Forever\libs\gdx-backend-lwjgl-natives.jar;C:\Users\pires\eclipse-workspace\TP3 - Mario Forever\libs\gdx-natives.jar;C:\Users\pires\eclipse-workspace\TP3 - Mario Forever\libs\gdx-sources.jar
Launcher Type: SUN_STANDARD

[Global flags]
     intx CICompilerCount                          = 3                                         {product} {ergonomic}
     uint ConcGCThreads                            = 1                                         {product} {ergonomic}
     uint G1ConcRefinementThreads                  = 4                                         {product} {ergonomic}
   size_t G1HeapRegionSize                         = 2097152                                   {product} {ergonomic}
    uintx GCDrainStackTargetSize                   = 64                                        {product} {ergonomic}
   size_t InitialHeapSize                          = 268435456                                 {product} {ergonomic}
   size_t MarkStackSize                            = 4194304                                   {product} {ergonomic}
   size_t MaxHeapSize                              = 4278190080                                {product} {ergonomic}
   size_t MaxNewSize                               = 2566914048                                {product} {ergonomic}
   size_t MinHeapDeltaBytes                        = 2097152                                   {product} {ergonomic}
   size_t MinHeapSize                              = 8388608                                   {product} {ergonomic}
    uintx NonNMethodCodeHeapSize                   = 5832780                                {pd product} {ergonomic}
    uintx NonProfiledCodeHeapSize                  = 122912730                              {pd product} {ergonomic}
    uintx ProfiledCodeHeapSize                     = 122912730                              {pd product} {ergonomic}
    uintx ReservedCodeCacheSize                    = 251658240                              {pd product} {ergonomic}
     bool SegmentedCodeCache                       = true                                      {product} {ergonomic}
     bool ShowCodeDetailsInExceptionMessages       = true                                   {manageable} {command line}
   size_t SoftMaxHeapSize                          = 4278190080                             {manageable} {ergonomic}
     bool UseCompressedClassPointers               = true                           {product lp64_product} {ergonomic}
     bool UseCompressedOops                        = true                           {product lp64_product} {ergonomic}
     bool UseG1GC                                  = true                                      {product} {ergonomic}
     bool UseLargePagesIndividualAllocation        = false                                  {pd product} {ergonomic}

Logging:
Log output configuration:
 #0: stdout all=warning uptime,level,tags
 #1: stderr all=off uptime,level,tags

Environment Variables:
PATH=C:\Program Files\Common Files\Oracle\Java\javapath;C:\Program Files (x86)\Common Files\Oracle\Java\javapath;C:\WINDOWS\system32;C:\WINDOWS;C:\WINDOWS\System32\Wbem;C:\WINDOWS\System32\WindowsPowerShell\v1.0\;C:\WINDOWS\System32\OpenSSH\;C:\Program Files\Git\cmd;C:\Program Files\nodejs\;C:\Users\pires\AppData\Local\Programs\Python\Python38-32\Scripts\;C:\Users\pires\AppData\Local\Programs\Python\Python38-32\;C:\Users\pires\AppData\Local\Microsoft\WindowsApps;C:\Users\pires\AppData\Local\atom\bin;C:\ProgramData\pires\atom\bin;C:\Users\pires\AppData\Local\Programs\Microsoft VS Code\bin;C:\Program Files\JetBrains\PyCharm 2020.2.2\bin;C:\Users\pires\AppData\Local\GitHubDesktop\bin;C:\Users\pires\AppData\Local\Microsoft\WindowsApps;C:\Users\pires\AppData\Roaming\npm
USERNAME=pires
OS=Windows_NT
PROCESSOR_IDENTIFIER=Intel64 Family 6 Model 45 Stepping 7, GenuineIntel



---------------  S Y S T E M  ---------------

OS:
 Windows 10 , 64 bit Build 19041 (10.0.19041.1023)
OS uptime: 0 days 22:47 hours

CPU: total 4 (initial active 4) (4 cores per cpu, 2 threads per core) family 6 model 45 stepping 7 microcode 0x714, cx8, cmov, fxsr, ht, mmx, sse, sse2, sse3, ssse3, sse4.1, sse4.2, popcnt, tsc, tscinvbit, avx, aes, clmul, vzeroupper, clflush

Memory: 4k page, system-wide physical 16312M (8151M free)
TotalPageFile size 18744M (AvailPageFile size 6077M)
current process WorkingSet (physical memory assigned to process): 400M, peak: 400M
current process commit charge ("private bytes"): 620M, peak: 621M

vm_info: Java HotSpot(TM) 64-Bit Server VM (16.0.1+9-24) for windows-amd64 JRE (16.0.1+9-24), built on Mar 26 2021 19:31:42 by "mach5one" with MS VC++ 16.7 (VS2019)

END.
