#
# A fatal error has been detected by the Java Runtime Environment:
#
#  EXCEPTION_ACCESS_VIOLATION (0xc0000005) at pc=0x00007ffa1f6c4525, pid=8556, tid=10532
#
# JRE version: Java(TM) SE Runtime Environment (16.0.1+9) (build 16.0.1+9-24)
# Java VM: Java HotSpot(TM) 64-Bit Server VM (16.0.1+9-24, mixed mode, sharing, tiered, compressed oops, compressed class ptrs, g1 gc, windows-amd64)
# Problematic frame:
# C  [msvcrt.dll+0x74525]
#
# No core dump will be written. Minidumps are not enabled by default on client versions of Windows
#
# If you would like to submit a bug report, please visit:
#   https://bugreport.java.com/bugreport/crash.jsp
# The crash happened outside the Java Virtual Machine in native code.
# See problematic frame for where to report the bug.
#

---------------  S U M M A R Y ------------

Command Line: -Dfile.encoding=UTF-8 -XX:+ShowCodeDetailsInExceptionMessages Launcher

Host: Intel(R) Xeon(R) CPU E5-1620 0 @ 3.60GHz, 4 cores, 15G,  Windows 10 , 64 bit Build 19041 (10.0.19041.1023)
Time: Tue Aug 10 21:36:53 2021 Hora oficial do Brasil elapsed time: 8.721634 seconds (0d 0h 0m 8s)

---------------  T H R E A D  ---------------

Current thread (0x00000207dceff300):  JavaThread "LWJGL Application" [_thread_in_native, id=10532, stack(0x0000009b27d00000,0x0000009b27e00000)]

Stack: [0x0000009b27d00000,0x0000009b27e00000],  sp=0x0000009b27dfe818,  free space=1018k
Native frames: (J=compiled Java code, j=interpreted, Vv=VM code, C=native code)
C  [msvcrt.dll+0x74525]
C  [gdx64.dll+0x29ded]

Java frames: (J=compiled Java code, j=interpreted, Vv=VM code)
J 1097  com.badlogic.gdx.utils.BufferUtils.copyJni([FLjava/nio/Buffer;II)V (0 bytes) @ 0x00000207c908b120 [0x00000207c908b0a0+0x0000000000000080]
J 1007 c1 com.badlogic.gdx.utils.BufferUtils.copy([FLjava/nio/Buffer;II)V (45 bytes) @ 0x00000207c1cac0e4 [0x00000207c1cac080+0x0000000000000064]
J 1017 c1 com.badlogic.gdx.graphics.g2d.SpriteBatch.renderMesh()V (264 bytes) @ 0x00000207c1cb0e24 [0x00000207c1cb0a60+0x00000000000003c4]
J 1257 c2 com.badlogic.gdx.graphics.g2d.SpriteBatch.draw(Lcom/badlogic/gdx/graphics/Texture;FFFF)V (430 bytes) @ 0x00000207c909cd70 [0x00000207c909cbe0+0x0000000000000190]
J 1031 c1 objects.statics.Brick.draw(Lcom/badlogic/gdx/graphics/g2d/SpriteBatch;)V (41 bytes) @ 0x00000207c1cb860c [0x00000207c1cb8380+0x000000000000028c]
J 1272 c1 Game.render(F)V (494 bytes) @ 0x00000207c1d467cc [0x00000207c1d45580+0x000000000000124c]
j  MarioForever.render()V+56
j  com.badlogic.gdx.backends.lwjgl.LwjglApplication.mainLoop()V+494
j  com.badlogic.gdx.backends.lwjgl.LwjglApplication$1.run()V+27
v  ~StubRoutines::call_stub

siginfo: EXCEPTION_ACCESS_VIOLATION (0xc0000005), writing address 0x00000207dd6ac000


Register to memory mapping:

RIP=0x00007ffa1f6c4525 msvcrt.dll
RAX=0x00000207dd6ab200 points into unknown readable memory: 0x00000000c2000000 | 00 00 00 c2 00 00 00 00
RBX=0x00000207dceff610 points into unknown readable memory: 0x00007ff9bcfa33d0 | d0 33 fa bc f9 7f 00 00
RCX=0x00000207dd6ac010 is an unknown value
RDX=0xfffffdff2398f4a8 is an unknown value
RSP=0x0000009b27dfe818 is pointing into the stack for thread: 0x00000207dceff300
RBP=0x00000207dd6ab200 points into unknown readable memory: 0x00000000c2000000 | 00 00 00 c2 00 00 00 00
RSI=0x0000009b27dfe8b0 is pointing into the stack for thread: 0x00000207dceff300
RDI=0x000000070103a6a8 is pointing into object: [F 
{0x000000070103a698} - klass: {type array float}
 - length: 20000
R8 =0x0 is NULL
R9 =0x0 is NULL
R10=0x00007ff9bd021160 jvm.dll
R11=0x000000070103b4b8 is pointing into object: [F 
{0x000000070103a698} - klass: {type array float}
 - length: 20000
R12=0x0 is NULL
R13=0x0000000000000384 is an unknown value
R14=0x0000009b27dfe8e0 is pointing into the stack for thread: 0x00000207dceff300
R15=0x00000207dceff300 is a thread


Registers:
RAX=0x00000207dd6ab200, RBX=0x00000207dceff610, RCX=0x00000207dd6ac010, RDX=0xfffffdff2398f4a8
RSP=0x0000009b27dfe818, RBP=0x00000207dd6ab200, RSI=0x0000009b27dfe8b0, RDI=0x000000070103a6a8
R8 =0x0000000000000000, R9 =0x0000000000000000, R10=0x00007ff9bd021160, R11=0x000000070103b4b8
R12=0x0000000000000000, R13=0x0000000000000384, R14=0x0000009b27dfe8e0, R15=0x00000207dceff300
RIP=0x00007ffa1f6c4525, EFLAGS=0x0000000000010246

Top of Stack: (sp=0x0000009b27dfe818)
0x0000009b27dfe818:   000000006b3e9ded 00000207dceff610
0x0000009b27dfe828:   0000009b27dfe8b0 0000000000000320
0x0000009b27dfe838:   000000007554cc6c 000000007525ef80
0x0000009b27dfe848:   0000000000000384 000000070102fac0
0x0000009b27dfe858:   0000000000000000 0000009b27dfe8f0
0x0000009b27dfe868:   0000000000000000 0000000000007bcb
0x0000009b27dfe878:   00000207c908b1c0 0000000000000000
0x0000009b27dfe888:   00000000754d5793 00000007010f5b68
0x0000009b27dfe898:   00000207c1c8bddc 0000000000000384
0x0000009b27dfe8a8:   0000000000000000 000000070103a698
0x0000009b27dfe8b8:   000000070102fac0 0000000000000000
0x0000009b27dfe8c8:   0000000000000000 00000207e0050000
0x0000009b27dfe8d8:   000000007551753b 00000007010f31f8
0x0000009b27dfe8e8:   00000207ddf24420 00000007010f5b68
0x0000009b27dfe8f8:   00000207c1cac0e4 00000207ddf24400
0x0000009b27dfe908:   00000000754c3cf0 0000000400000de1 

Instructions: (pc=0x00007ffa1f6c4525)
0x00007ffa1f6c4425:   5c 11 ff 48 ff c9 49 ff c8 44 88 19 75 f0 c3 66
0x00007ffa1f6c4435:   66 66 66 0f 1f 84 00 00 00 00 00 4e 8d 1c 02 48
0x00007ffa1f6c4445:   2b d1 73 09 4c 3b d9 0f 87 6e 01 00 00 0f 10 04
0x00007ffa1f6c4455:   11 48 83 c1 10 f6 c1 0f 74 12 48 83 e1 f0 0f 10
0x00007ffa1f6c4465:   0c 11 0f 11 00 0f 28 c1 48 83 c1 10 4c 03 c0 4c
0x00007ffa1f6c4475:   2b c1 4d 8b c8 49 c1 e9 06 74 6f 49 81 f9 00 10
0x00007ffa1f6c4485:   00 00 0f 87 b3 00 00 00 49 83 e0 3f eb 2d 66 66
0x00007ffa1f6c4495:   66 66 66 66 66 0f 1f 84 00 00 00 00 00 66 66 66
0x00007ffa1f6c44a5:   66 66 66 66 0f 1f 84 00 00 00 00 00 66 66 66 66
0x00007ffa1f6c44b5:   66 66 66 0f 1f 84 00 00 00 00 00 0f 10 0c 11 0f
0x00007ffa1f6c44c5:   10 54 11 10 0f 10 5c 11 20 0f 10 64 11 30 0f 29
0x00007ffa1f6c44d5:   41 f0 48 83 c1 40 49 ff c9 0f 29 49 c0 0f 29 51
0x00007ffa1f6c44e5:   d0 0f 29 59 e0 0f 28 c4 75 d1 4d 8b c8 49 c1 e9
0x00007ffa1f6c44f5:   04 74 19 0f 1f 84 00 00 00 00 00 0f 29 41 f0 0f
0x00007ffa1f6c4505:   10 04 11 48 83 c1 10 49 ff c9 75 ef 49 83 e0 0f
0x00007ffa1f6c4515:   74 0e 4e 8d 5c 01 f0 41 0f 10 0c 13 41 0f 11 0b
0x00007ffa1f6c4525:   0f 29 41 f0 c3 66 66 66 66 66 66 66 0f 1f 84 00
0x00007ffa1f6c4535:   00 00 00 00 0f 1f 80 00 00 00 00 4d 8b c8 49 c1
0x00007ffa1f6c4545:   e9 06 49 83 e0 3f 0f 18 44 11 40 eb 2e 66 66 66
0x00007ffa1f6c4555:   66 66 66 66 0f 1f 84 00 00 00 00 00 66 66 66 66
0x00007ffa1f6c4565:   66 66 66 0f 1f 84 00 00 00 00 00 66 66 66 66 66
0x00007ffa1f6c4575:   66 66 0f 1f 84 00 00 00 00 00 90 0f 10 0c 11 0f
0x00007ffa1f6c4585:   10 54 11 10 0f 10 5c 11 20 0f 10 64 11 30 0f 2b
0x00007ffa1f6c4595:   41 f0 48 83 c1 40 0f 18 44 11 40 49 ff c9 0f 2b
0x00007ffa1f6c45a5:   49 c0 0f 2b 51 d0 0f 2b 59 e0 0f 28 c4 75 cc 0f
0x00007ffa1f6c45b5:   ae f8 e9 33 ff ff ff 0f 1f 40 00 49 03 c8 0f 10
0x00007ffa1f6c45c5:   44 11 f0 48 83 e9 10 49 83 e8 10 f6 c1 0f 74 18
0x00007ffa1f6c45d5:   4c 8b d9 48 83 e1 f0 0f 10 0c 11 41 0f 11 03 0f
0x00007ffa1f6c45e5:   28 c1 4c 8b c1 4c 2b c0 4d 8b c8 49 c1 e9 06 74
0x00007ffa1f6c45f5:   39 49 83 e0 3f eb 04 0f 1f 40 00 0f 10 4c 11 f0
0x00007ffa1f6c4605:   0f 10 54 11 e0 0f 10 5c 11 d0 0f 10 64 11 c0 0f
0x00007ffa1f6c4615:   29 01 48 83 e9 40 49 ff c9 0f 29 49 30 0f 29 51 


Stack slot to memory mapping:
stack at sp + 0 slots: 0x000000006b3e9ded gdx64.dll
stack at sp + 1 slots: 0x00000207dceff610 points into unknown readable memory: 0x00007ff9bcfa33d0 | d0 33 fa bc f9 7f 00 00
stack at sp + 2 slots: 0x0000009b27dfe8b0 is pointing into the stack for thread: 0x00000207dceff300
stack at sp + 3 slots: 0x0000000000000320 is an unknown value
stack at sp + 4 slots: 0x000000007554cc6c nvoglv64.DLL
stack at sp + 5 slots: 0x000000007525ef80 nvoglv64.DLL
stack at sp + 6 slots: 0x0000000000000384 is an unknown value
stack at sp + 7 slots: 0x000000070102fac0 is an oop: java.nio.DirectByteBuffer 
{0x000000070102fac0} - klass: 'java/nio/DirectByteBuffer'


---------------  P R O C E S S  ---------------

Threads class SMR info:
_java_thread_list=0x00000207e1874f90, length=14, elements={
0x00000207dc175c50, 0x00000207dc1771c0, 0x00000207dc181d80, 0x00000207dc182890,
0x00000207dc1860f0, 0x00000207dc18c6e0, 0x00000207dc189d50, 0x00000207dc1aff60,
0x00000207dc1c3430, 0x00000207dcd086e0, 0x00000207dcd17b40, 0x00000207dceff300,
0x00000207b9da96d0, 0x00000207e1fc7810
}

Java Threads: ( => current thread )
  0x00000207dc175c50 JavaThread "Reference Handler" daemon [_thread_blocked, id=12504, stack(0x0000009b26f00000,0x0000009b27000000)]
  0x00000207dc1771c0 JavaThread "Finalizer" daemon [_thread_blocked, id=6316, stack(0x0000009b27000000,0x0000009b27100000)]
  0x00000207dc181d80 JavaThread "Signal Dispatcher" daemon [_thread_blocked, id=15272, stack(0x0000009b27100000,0x0000009b27200000)]
  0x00000207dc182890 JavaThread "Attach Listener" daemon [_thread_blocked, id=12640, stack(0x0000009b27200000,0x0000009b27300000)]
  0x00000207dc1860f0 JavaThread "Service Thread" daemon [_thread_blocked, id=12028, stack(0x0000009b27300000,0x0000009b27400000)]
  0x00000207dc18c6e0 JavaThread "Monitor Deflation Thread" daemon [_thread_blocked, id=9792, stack(0x0000009b27400000,0x0000009b27500000)]
  0x00000207dc189d50 JavaThread "C2 CompilerThread0" daemon [_thread_blocked, id=10096, stack(0x0000009b27500000,0x0000009b27600000)]
  0x00000207dc1aff60 JavaThread "C1 CompilerThread0" daemon [_thread_blocked, id=9560, stack(0x0000009b27600000,0x0000009b27700000)]
  0x00000207dc1c3430 JavaThread "Sweeper thread" daemon [_thread_blocked, id=13772, stack(0x0000009b27700000,0x0000009b27800000)]
  0x00000207dcd086e0 JavaThread "Notification Thread" daemon [_thread_blocked, id=13420, stack(0x0000009b27800000,0x0000009b27900000)]
  0x00000207dcd17b40 JavaThread "Common-Cleaner" daemon [_thread_blocked, id=13660, stack(0x0000009b27a00000,0x0000009b27b00000)]
=>0x00000207dceff300 JavaThread "LWJGL Application" [_thread_in_native, id=10532, stack(0x0000009b27d00000,0x0000009b27e00000)]
  0x00000207b9da96d0 JavaThread "DestroyJavaVM" [_thread_blocked, id=15660, stack(0x0000009b26800000,0x0000009b26900000)]
  0x00000207e1fc7810 JavaThread "LWJGL Timer" daemon [_thread_blocked, id=12560, stack(0x0000009b28300000,0x0000009b28400000)]

Other Threads:
  0x00000207dc172560 VMThread "VM Thread" [stack: 0x0000009b26e00000,0x0000009b26f00000] [id=15236]
  0x00000207dcd0f830 WatcherThread [stack: 0x0000009b27900000,0x0000009b27a00000] [id=11868]
  0x00000207b9df7b80 GCTaskThread "GC Thread#0" [stack: 0x0000009b26900000,0x0000009b26a00000] [id=7580]
  0x00000207e1f14260 GCTaskThread "GC Thread#1" [stack: 0x0000009b28400000,0x0000009b28500000] [id=8372]
  0x00000207e1f14570 GCTaskThread "GC Thread#2" [stack: 0x0000009b28500000,0x0000009b28600000] [id=14636]
  0x00000207e235fba0 GCTaskThread "GC Thread#3" [stack: 0x0000009b28600000,0x0000009b28700000] [id=15832]
  0x00000207b9e0b590 ConcurrentGCThread "G1 Main Marker" [stack: 0x0000009b26a00000,0x0000009b26b00000] [id=15516]
  0x00000207b9e0bf10 ConcurrentGCThread "G1 Conc#0" [stack: 0x0000009b26b00000,0x0000009b26c00000] [id=15128]
  0x00000207dc0244c0 ConcurrentGCThread "G1 Refine#0" [stack: 0x0000009b26c00000,0x0000009b26d00000] [id=14796]
  0x00000207dc024bf0 ConcurrentGCThread "G1 Service" [stack: 0x0000009b26d00000,0x0000009b26e00000] [id=10268]

Threads with active compile tasks:

VM state: not at safepoint (normal execution)

VM Mutex/Monitor currently owned by a thread: None

Heap address: 0x0000000701000000, size: 4080 MB, Compressed Oops mode: Zero based, Oop shift amount: 3

CDS archive(s) mapped at: [0x0000000800000000-0x0000000800bb0000-0x0000000800bb0000), size 12255232, SharedBaseAddress: 0x0000000800000000, ArchiveRelocationMode: 0.
Compressed class space mapped at: 0x0000000800c00000-0x0000000840c00000, reserved size: 1073741824
Narrow klass base: 0x0000000800000000, Narrow klass shift: 3, Narrow klass range: 0x100000000

GC Precious Log:
 CPUs: 4 total, 4 available
 Memory: 16312M
 Large Page Support: Disabled
 NUMA Support: Disabled
 Compressed Oops: Enabled (Zero based)
 Heap Region Size: 2M
 Heap Min Capacity: 8M
 Heap Initial Capacity: 256M
 Heap Max Capacity: 4080M
 Pre-touch: Disabled
 Parallel Workers: 4
 Concurrent Workers: 1
 Concurrent Refinement Workers: 4
 Periodic GC: Disabled

Heap:
 garbage-first heap   total 262144K, used 204938K [0x0000000701000000, 0x0000000800000000)
  region size 2048K, 48 young (98304K), 1 survivors (2048K)
 Metaspace       used 4451K, committed 4544K, reserved 1056768K
  class space    used 269K, committed 320K, reserved 1048576K

Heap Regions: E=young(eden), S=young(survivor), O=old, HS=humongous(starts), HC=humongous(continues), CS=collection set, F=free, OA=open archive, CA=closed archive, TAMS=top-at-mark-start (previous, next)
|   0|0x0000000701000000, 0x00000007011d6a00, 0x0000000701200000| 91%| O|  |TAMS 0x0000000701000000, 0x0000000701000000| Untracked 
|   1|0x0000000701200000, 0x0000000701400000, 0x0000000701400000|100%|HS|  |TAMS 0x0000000701200000, 0x0000000701200000| Complete 
|   2|0x0000000701400000, 0x0000000701600000, 0x0000000701600000|100%|HS|  |TAMS 0x0000000701400000, 0x0000000701400000| Complete 
|   3|0x0000000701600000, 0x0000000701800000, 0x0000000701800000|100%|HC|  |TAMS 0x0000000701600000, 0x0000000701600000| Complete 
|   4|0x0000000701800000, 0x0000000701a00000, 0x0000000701a00000|100%|HS|  |TAMS 0x0000000701800000, 0x0000000701800000| Complete 
|   5|0x0000000701a00000, 0x0000000701c00000, 0x0000000701c00000|100%|HC|  |TAMS 0x0000000701a00000, 0x0000000701a00000| Complete 
|   6|0x0000000701c00000, 0x0000000701e00000, 0x0000000701e00000|100%|HC|  |TAMS 0x0000000701c00000, 0x0000000701c00000| Complete 
|   7|0x0000000701e00000, 0x0000000702000000, 0x0000000702000000|100%|HS|  |TAMS 0x0000000701e00000, 0x0000000701e00000| Complete 
|   8|0x0000000702000000, 0x0000000702200000, 0x0000000702200000|100%|HC|  |TAMS 0x0000000702000000, 0x0000000702000000| Complete 
|   9|0x0000000702200000, 0x0000000702400000, 0x0000000702400000|100%|HC|  |TAMS 0x0000000702200000, 0x0000000702200000| Complete 
|  10|0x0000000702400000, 0x0000000702600000, 0x0000000702600000|100%|HC|  |TAMS 0x0000000702400000, 0x0000000702400000| Complete 
|  11|0x0000000702600000, 0x0000000702800000, 0x0000000702800000|100%|HC|  |TAMS 0x0000000702600000, 0x0000000702600000| Complete 
|  12|0x0000000702800000, 0x0000000702a00000, 0x0000000702a00000|100%|HS|  |TAMS 0x0000000702800000, 0x0000000702800000| Complete 
|  13|0x0000000702a00000, 0x0000000702c00000, 0x0000000702c00000|100%|HC|  |TAMS 0x0000000702a00000, 0x0000000702a00000| Complete 
|  14|0x0000000702c00000, 0x0000000702e00000, 0x0000000702e00000|100%|HC|  |TAMS 0x0000000702c00000, 0x0000000702c00000| Complete 
|  15|0x0000000702e00000, 0x0000000703000000, 0x0000000703000000|100%|HC|  |TAMS 0x0000000702e00000, 0x0000000702e00000| Complete 
|  16|0x0000000703000000, 0x0000000703200000, 0x0000000703200000|100%|HC|  |TAMS 0x0000000703000000, 0x0000000703000000| Complete 
|  17|0x0000000703200000, 0x0000000703400000, 0x0000000703400000|100%|HC|  |TAMS 0x0000000703200000, 0x0000000703200000| Complete 
|  18|0x0000000703400000, 0x0000000703600000, 0x0000000703600000|100%|HC|  |TAMS 0x0000000703400000, 0x0000000703400000| Complete 
|  19|0x0000000703600000, 0x0000000703800000, 0x0000000703800000|100%|HC|  |TAMS 0x0000000703600000, 0x0000000703600000| Complete 
|  20|0x0000000703800000, 0x0000000703a00000, 0x0000000703a00000|100%|HC|  |TAMS 0x0000000703800000, 0x0000000703800000| Complete 
|  21|0x0000000703a00000, 0x0000000703c00000, 0x0000000703c00000|100%|HS|  |TAMS 0x0000000703a00000, 0x0000000703a00000| Complete 
|  22|0x0000000703c00000, 0x0000000703e00000, 0x0000000703e00000|100%|HC|  |TAMS 0x0000000703c00000, 0x0000000703c00000| Complete 
|  23|0x0000000703e00000, 0x0000000704000000, 0x0000000704000000|100%|HC|  |TAMS 0x0000000703e00000, 0x0000000703e00000| Complete 
|  24|0x0000000704000000, 0x0000000704200000, 0x0000000704200000|100%|HC|  |TAMS 0x0000000704000000, 0x0000000704000000| Complete 
|  25|0x0000000704200000, 0x0000000704400000, 0x0000000704400000|100%|HC|  |TAMS 0x0000000704200000, 0x0000000704200000| Complete 
|  26|0x0000000704400000, 0x0000000704600000, 0x0000000704600000|100%|HC|  |TAMS 0x0000000704400000, 0x0000000704400000| Complete 
|  27|0x0000000704600000, 0x0000000704800000, 0x0000000704800000|100%|HC|  |TAMS 0x0000000704600000, 0x0000000704600000| Complete 
|  28|0x0000000704800000, 0x0000000704a00000, 0x0000000704a00000|100%|HS|  |TAMS 0x0000000704800000, 0x0000000704800000| Complete 
|  29|0x0000000704a00000, 0x0000000704c00000, 0x0000000704c00000|100%|HS|  |TAMS 0x0000000704a00000, 0x0000000704a00000| Complete 
|  30|0x0000000704c00000, 0x0000000704e00000, 0x0000000704e00000|100%|HC|  |TAMS 0x0000000704c00000, 0x0000000704c00000| Complete 
|  31|0x0000000704e00000, 0x0000000705000000, 0x0000000705000000|100%|HS|  |TAMS 0x0000000704e00000, 0x0000000704e00000| Complete 
|  32|0x0000000705000000, 0x0000000705200000, 0x0000000705200000|100%|HC|  |TAMS 0x0000000705000000, 0x0000000705000000| Complete 
|  33|0x0000000705200000, 0x0000000705400000, 0x0000000705400000|100%|HC|  |TAMS 0x0000000705200000, 0x0000000705200000| Complete 
|  34|0x0000000705400000, 0x0000000705600000, 0x0000000705600000|100%|HS|  |TAMS 0x0000000705400000, 0x0000000705400000| Complete 
|  35|0x0000000705600000, 0x0000000705800000, 0x0000000705800000|100%|HC|  |TAMS 0x0000000705600000, 0x0000000705600000| Complete 
|  36|0x0000000705800000, 0x0000000705a00000, 0x0000000705a00000|100%|HC|  |TAMS 0x0000000705800000, 0x0000000705800000| Complete 
|  37|0x0000000705a00000, 0x0000000705c00000, 0x0000000705c00000|100%|HC|  |TAMS 0x0000000705a00000, 0x0000000705a00000| Complete 
|  38|0x0000000705c00000, 0x0000000705e00000, 0x0000000705e00000|100%|HC|  |TAMS 0x0000000705c00000, 0x0000000705c00000| Complete 
|  39|0x0000000705e00000, 0x0000000706000000, 0x0000000706000000|100%|HS|  |TAMS 0x0000000705e00000, 0x0000000705e00000| Complete 
|  40|0x0000000706000000, 0x0000000706200000, 0x0000000706200000|100%|HC|  |TAMS 0x0000000706000000, 0x0000000706000000| Complete 
|  41|0x0000000706200000, 0x0000000706400000, 0x0000000706400000|100%|HC|  |TAMS 0x0000000706200000, 0x0000000706200000| Complete 
|  42|0x0000000706400000, 0x0000000706600000, 0x0000000706600000|100%|HC|  |TAMS 0x0000000706400000, 0x0000000706400000| Complete 
|  43|0x0000000706600000, 0x0000000706800000, 0x0000000706800000|100%|HC|  |TAMS 0x0000000706600000, 0x0000000706600000| Complete 
|  44|0x0000000706800000, 0x0000000706a00000, 0x0000000706a00000|100%|HC|  |TAMS 0x0000000706800000, 0x0000000706800000| Complete 
|  45|0x0000000706a00000, 0x0000000706c00000, 0x0000000706c00000|100%|HC|  |TAMS 0x0000000706a00000, 0x0000000706a00000| Complete 
|  46|0x0000000706c00000, 0x0000000706e00000, 0x0000000706e00000|100%|HC|  |TAMS 0x0000000706c00000, 0x0000000706c00000| Complete 
|  47|0x0000000706e00000, 0x0000000707000000, 0x0000000707000000|100%|HC|  |TAMS 0x0000000706e00000, 0x0000000706e00000| Complete 
|  48|0x0000000707000000, 0x0000000707200000, 0x0000000707200000|100%|HS|  |TAMS 0x0000000707000000, 0x0000000707000000| Complete 
|  49|0x0000000707200000, 0x0000000707400000, 0x0000000707400000|100%|HC|  |TAMS 0x0000000707200000, 0x0000000707200000| Complete 
|  50|0x0000000707400000, 0x0000000707600000, 0x0000000707600000|100%|HC|  |TAMS 0x0000000707400000, 0x0000000707400000| Complete 
|  51|0x0000000707600000, 0x0000000707800000, 0x0000000707800000|100%|HC|  |TAMS 0x0000000707600000, 0x0000000707600000| Complete 
|  52|0x0000000707800000, 0x0000000707a00000, 0x0000000707a00000|100%|HC|  |TAMS 0x0000000707800000, 0x0000000707800000| Complete 
|  53|0x0000000707a00000, 0x0000000707c00000, 0x0000000707c00000|100%|HC|  |TAMS 0x0000000707a00000, 0x0000000707a00000| Complete 
|  54|0x0000000707c00000, 0x0000000707e00000, 0x0000000707e00000|100%|HC|  |TAMS 0x0000000707c00000, 0x0000000707c00000| Complete 
|  55|0x0000000707e00000, 0x0000000707e00000, 0x0000000708000000|  0%| F|  |TAMS 0x0000000707e00000, 0x0000000707e00000| Untracked 
|  56|0x0000000708000000, 0x0000000708000000, 0x0000000708200000|  0%| F|  |TAMS 0x0000000708000000, 0x0000000708000000| Untracked 
|  57|0x0000000708200000, 0x0000000708200000, 0x0000000708400000|  0%| F|  |TAMS 0x0000000708200000, 0x0000000708200000| Untracked 
|  58|0x0000000708400000, 0x0000000708400000, 0x0000000708600000|  0%| F|  |TAMS 0x0000000708400000, 0x0000000708400000| Untracked 
|  59|0x0000000708600000, 0x0000000708600000, 0x0000000708800000|  0%| F|  |TAMS 0x0000000708600000, 0x0000000708600000| Untracked 
|  60|0x0000000708800000, 0x0000000708800000, 0x0000000708a00000|  0%| F|  |TAMS 0x0000000708800000, 0x0000000708800000| Untracked 
|  61|0x0000000708a00000, 0x0000000708a00000, 0x0000000708c00000|  0%| F|  |TAMS 0x0000000708a00000, 0x0000000708a00000| Untracked 
|  62|0x0000000708c00000, 0x0000000708c00000, 0x0000000708e00000|  0%| F|  |TAMS 0x0000000708c00000, 0x0000000708c00000| Untracked 
|  63|0x0000000708e00000, 0x0000000708e00000, 0x0000000709000000|  0%| F|  |TAMS 0x0000000708e00000, 0x0000000708e00000| Untracked 
|  64|0x0000000709000000, 0x0000000709000000, 0x0000000709200000|  0%| F|  |TAMS 0x0000000709000000, 0x0000000709000000| Untracked 
|  65|0x0000000709200000, 0x0000000709200000, 0x0000000709400000|  0%| F|  |TAMS 0x0000000709200000, 0x0000000709200000| Untracked 
|  66|0x0000000709400000, 0x0000000709400000, 0x0000000709600000|  0%| F|  |TAMS 0x0000000709400000, 0x0000000709400000| Untracked 
|  67|0x0000000709600000, 0x0000000709600000, 0x0000000709800000|  0%| F|  |TAMS 0x0000000709600000, 0x0000000709600000| Untracked 
|  68|0x0000000709800000, 0x0000000709800000, 0x0000000709a00000|  0%| F|  |TAMS 0x0000000709800000, 0x0000000709800000| Untracked 
|  69|0x0000000709a00000, 0x0000000709a00000, 0x0000000709c00000|  0%| F|  |TAMS 0x0000000709a00000, 0x0000000709a00000| Untracked 
|  70|0x0000000709c00000, 0x0000000709c00000, 0x0000000709e00000|  0%| F|  |TAMS 0x0000000709c00000, 0x0000000709c00000| Untracked 
|  71|0x0000000709e00000, 0x0000000709e00000, 0x000000070a000000|  0%| F|  |TAMS 0x0000000709e00000, 0x0000000709e00000| Untracked 
|  72|0x000000070a000000, 0x000000070a000000, 0x000000070a200000|  0%| F|  |TAMS 0x000000070a000000, 0x000000070a000000| Untracked 
|  73|0x000000070a200000, 0x000000070a200000, 0x000000070a400000|  0%| F|  |TAMS 0x000000070a200000, 0x000000070a200000| Untracked 
|  74|0x000000070a400000, 0x000000070a400000, 0x000000070a600000|  0%| F|  |TAMS 0x000000070a400000, 0x000000070a400000| Untracked 
|  75|0x000000070a600000, 0x000000070a600000, 0x000000070a800000|  0%| F|  |TAMS 0x000000070a600000, 0x000000070a600000| Untracked 
|  76|0x000000070a800000, 0x000000070a800000, 0x000000070aa00000|  0%| F|  |TAMS 0x000000070a800000, 0x000000070a800000| Untracked 
|  77|0x000000070aa00000, 0x000000070aa00000, 0x000000070ac00000|  0%| F|  |TAMS 0x000000070aa00000, 0x000000070aa00000| Untracked 
|  78|0x000000070ac00000, 0x000000070ac00000, 0x000000070ae00000|  0%| F|  |TAMS 0x000000070ac00000, 0x000000070ac00000| Untracked 
|  79|0x000000070ae00000, 0x000000070ae00000, 0x000000070b000000|  0%| F|  |TAMS 0x000000070ae00000, 0x000000070ae00000| Untracked 
|  80|0x000000070b000000, 0x000000070b080010, 0x000000070b200000| 25%| E|  |TAMS 0x000000070b000000, 0x000000070b000000| Complete 
|  81|0x000000070b200000, 0x000000070b3e0030, 0x000000070b400000| 93%| E|  |TAMS 0x000000070b200000, 0x000000070b200000| Complete 
|  82|0x000000070b400000, 0x000000070b600000, 0x000000070b600000|100%| E|CS|TAMS 0x000000070b400000, 0x000000070b400000| Complete 
|  83|0x000000070b600000, 0x000000070b800000, 0x000000070b800000|100%| E|CS|TAMS 0x000000070b600000, 0x000000070b600000| Complete 
|  84|0x000000070b800000, 0x000000070ba00000, 0x000000070ba00000|100%| E|CS|TAMS 0x000000070b800000, 0x000000070b800000| Complete 
|  85|0x000000070ba00000, 0x000000070bc00000, 0x000000070bc00000|100%| E|CS|TAMS 0x000000070ba00000, 0x000000070ba00000| Complete 
|  86|0x000000070bc00000, 0x000000070be00000, 0x000000070be00000|100%| E|CS|TAMS 0x000000070bc00000, 0x000000070bc00000| Complete 
|  87|0x000000070be00000, 0x000000070c000000, 0x000000070c000000|100%| E|CS|TAMS 0x000000070be00000, 0x000000070be00000| Complete 
|  88|0x000000070c000000, 0x000000070c200000, 0x000000070c200000|100%| E|CS|TAMS 0x000000070c000000, 0x000000070c000000| Complete 
|  89|0x000000070c200000, 0x000000070c400000, 0x000000070c400000|100%| E|CS|TAMS 0x000000070c200000, 0x000000070c200000| Complete 
|  90|0x000000070c400000, 0x000000070c600000, 0x000000070c600000|100%| E|CS|TAMS 0x000000070c400000, 0x000000070c400000| Complete 
|  91|0x000000070c600000, 0x000000070c800000, 0x000000070c800000|100%| E|CS|TAMS 0x000000070c600000, 0x000000070c600000| Complete 
|  92|0x000000070c800000, 0x000000070ca00000, 0x000000070ca00000|100%| E|CS|TAMS 0x000000070c800000, 0x000000070c800000| Complete 
|  93|0x000000070ca00000, 0x000000070cc00000, 0x000000070cc00000|100%| E|CS|TAMS 0x000000070ca00000, 0x000000070ca00000| Complete 
|  94|0x000000070cc00000, 0x000000070ce00000, 0x000000070ce00000|100%| E|CS|TAMS 0x000000070cc00000, 0x000000070cc00000| Complete 
|  95|0x000000070ce00000, 0x000000070d000000, 0x000000070d000000|100%| E|CS|TAMS 0x000000070ce00000, 0x000000070ce00000| Complete 
|  96|0x000000070d000000, 0x000000070d200000, 0x000000070d200000|100%| E|CS|TAMS 0x000000070d000000, 0x000000070d000000| Complete 
|  97|0x000000070d200000, 0x000000070d400000, 0x000000070d400000|100%| E|CS|TAMS 0x000000070d200000, 0x000000070d200000| Complete 
|  98|0x000000070d400000, 0x000000070d600000, 0x000000070d600000|100%| E|CS|TAMS 0x000000070d400000, 0x000000070d400000| Complete 
|  99|0x000000070d600000, 0x000000070d800000, 0x000000070d800000|100%| E|CS|TAMS 0x000000070d600000, 0x000000070d600000| Complete 
| 100|0x000000070d800000, 0x000000070da00000, 0x000000070da00000|100%| E|CS|TAMS 0x000000070d800000, 0x000000070d800000| Complete 
| 101|0x000000070da00000, 0x000000070dc00000, 0x000000070dc00000|100%| E|CS|TAMS 0x000000070da00000, 0x000000070da00000| Complete 
| 102|0x000000070dc00000, 0x000000070de00000, 0x000000070de00000|100%| E|CS|TAMS 0x000000070dc00000, 0x000000070dc00000| Complete 
| 103|0x000000070de00000, 0x000000070e000000, 0x000000070e000000|100%| E|CS|TAMS 0x000000070de00000, 0x000000070de00000| Complete 
| 104|0x000000070e000000, 0x000000070e200000, 0x000000070e200000|100%| E|CS|TAMS 0x000000070e000000, 0x000000070e000000| Complete 
| 105|0x000000070e200000, 0x000000070e400000, 0x000000070e400000|100%| E|CS|TAMS 0x000000070e200000, 0x000000070e200000| Complete 
| 106|0x000000070e400000, 0x000000070e600000, 0x000000070e600000|100%| E|CS|TAMS 0x000000070e400000, 0x000000070e400000| Complete 
| 107|0x000000070e600000, 0x000000070e800000, 0x000000070e800000|100%| E|CS|TAMS 0x000000070e600000, 0x000000070e600000| Complete 
| 108|0x000000070e800000, 0x000000070ea00000, 0x000000070ea00000|100%| E|CS|TAMS 0x000000070e800000, 0x000000070e800000| Complete 
| 109|0x000000070ea00000, 0x000000070ec00000, 0x000000070ec00000|100%| E|CS|TAMS 0x000000070ea00000, 0x000000070ea00000| Complete 
| 110|0x000000070ec00000, 0x000000070ee00000, 0x000000070ee00000|100%| E|CS|TAMS 0x000000070ec00000, 0x000000070ec00000| Complete 
| 111|0x000000070ee00000, 0x000000070f000000, 0x000000070f000000|100%| E|CS|TAMS 0x000000070ee00000, 0x000000070ee00000| Complete 
| 112|0x000000070f000000, 0x000000070f200000, 0x000000070f200000|100%| E|CS|TAMS 0x000000070f000000, 0x000000070f000000| Complete 
| 113|0x000000070f200000, 0x000000070f400000, 0x000000070f400000|100%| E|CS|TAMS 0x000000070f200000, 0x000000070f200000| Complete 
| 114|0x000000070f400000, 0x000000070f600000, 0x000000070f600000|100%| E|CS|TAMS 0x000000070f400000, 0x000000070f400000| Complete 
| 115|0x000000070f600000, 0x000000070f800000, 0x000000070f800000|100%| E|CS|TAMS 0x000000070f600000, 0x000000070f600000| Complete 
| 116|0x000000070f800000, 0x000000070fa00000, 0x000000070fa00000|100%| E|CS|TAMS 0x000000070f800000, 0x000000070f800000| Complete 
| 117|0x000000070fa00000, 0x000000070fc00000, 0x000000070fc00000|100%| E|CS|TAMS 0x000000070fa00000, 0x000000070fa00000| Complete 
| 118|0x000000070fc00000, 0x000000070fe00000, 0x000000070fe00000|100%| E|CS|TAMS 0x000000070fc00000, 0x000000070fc00000| Complete 
| 119|0x000000070fe00000, 0x000000070fe4bf40, 0x0000000710000000| 14%| S|CS|TAMS 0x000000070fe00000, 0x000000070fe00000| Complete 
| 120|0x0000000710000000, 0x0000000710200000, 0x0000000710200000|100%| E|CS|TAMS 0x0000000710000000, 0x0000000710000000| Complete 
| 121|0x0000000710200000, 0x0000000710400000, 0x0000000710400000|100%| E|CS|TAMS 0x0000000710200000, 0x0000000710200000| Complete 
| 122|0x0000000710400000, 0x0000000710600000, 0x0000000710600000|100%| E|CS|TAMS 0x0000000710400000, 0x0000000710400000| Complete 
| 123|0x0000000710600000, 0x0000000710800000, 0x0000000710800000|100%| E|CS|TAMS 0x0000000710600000, 0x0000000710600000| Complete 
| 124|0x0000000710800000, 0x0000000710a00000, 0x0000000710a00000|100%| E|CS|TAMS 0x0000000710800000, 0x0000000710800000| Complete 
| 125|0x0000000710a00000, 0x0000000710c00000, 0x0000000710c00000|100%| E|CS|TAMS 0x0000000710a00000, 0x0000000710a00000| Complete 
| 126|0x0000000710c00000, 0x0000000710e00000, 0x0000000710e00000|100%| E|CS|TAMS 0x0000000710c00000, 0x0000000710c00000| Complete 
| 127|0x0000000710e00000, 0x0000000711000000, 0x0000000711000000|100%| E|CS|TAMS 0x0000000710e00000, 0x0000000710e00000| Complete 

Card table byte_map: [0x00000207d0d30000,0x00000207d1530000] _byte_map_base: 0x00000207cd528000

Marking Bits (Prev, Next): (CMBitMap*) 0x00000207b9dfa520, (CMBitMap*) 0x00000207b9dfa560
 Prev Bits: [0x00000207d1d30000, 0x00000207d5cf0000)
 Next Bits: [0x00000207d5cf0000, 0x00000207d9cb0000)

Polling page: 0x00000207b9590000

Metaspace:

Usage:
  Non-class:      4.08 MB used.
      Class:    269.35 KB used.
       Both:      4.35 MB used.

Virtual space:
  Non-class space:        8.00 MB reserved,       4.12 MB ( 52%) committed,  1 nodes.
      Class space:        1.00 GB reserved,     320.00 KB ( <1%) committed,  1 nodes.
              Both:        1.01 GB reserved,       4.44 MB ( <1%) committed. 

Chunk freelists:
   Non-Class:  1.72 MB
       Class:  3.58 MB
        Both:  5.30 MB

MaxMetaspaceSize: 17179869184.00 GB
CompressedClassSpaceSize: 1.00 GB
 - commit_granule_bytes: 65536.
 - commit_granule_words: 8192.
 - virtual_space_node_default_size: 1048576.
 - enlarge_chunks_in_place: 1.
 - new_chunks_are_fully_committed: 0.
 - uncommit_free_chunks: 1.
 - use_allocation_guard: 0.
 - handle_deallocations: 1.


Internal statistics:

num_allocs_failed_limit: 0.
num_arena_births: 16.
num_arena_deaths: 0.
num_vsnodes_births: 2.
num_vsnodes_deaths: 0.
num_space_committed: 69.
num_space_uncommitted: 0.
num_chunks_returned_to_freelist: 0.
num_chunks_taken_from_freelist: 109.
num_chunk_merges: 0.
num_chunk_splits: 83.
num_chunks_enlarged: 69.
num_purges: 0.

CodeHeap 'non-profiled nmethods': size=120000Kb used=914Kb max_used=914Kb free=119086Kb
 bounds [0x00000207c9000000, 0x00000207c9270000, 0x00000207d0530000]
CodeHeap 'profiled nmethods': size=120000Kb used=3202Kb max_used=3202Kb free=116797Kb
 bounds [0x00000207c1ad0000, 0x00000207c1e00000, 0x00000207c9000000]
CodeHeap 'non-nmethods': size=5760Kb used=1237Kb max_used=1278Kb free=4522Kb
 bounds [0x00000207c1530000, 0x00000207c17a0000, 0x00000207c1ad0000]
 total_blobs=2082 nmethods=1536 adapters=459
 compilation: enabled
              stopped_count=0, restarted_count=0
 full_count=0

Compilation events (20 events):
Event: 8.316 Thread 0x00000207dc189d50 1519       4       javazoom.jl.decoder.Bitstream::isSyncMark (135 bytes)
Event: 8.317 Thread 0x00000207dc189d50 nmethod 1519 0x00000207c90ddf10 code [0x00000207c90de0a0, 0x00000207c90de238]
Event: 8.317 Thread 0x00000207dc189d50 1520       4       java.io.BufferedInputStream::read1 (108 bytes)
Event: 8.323 Thread 0x00000207dc189d50 nmethod 1520 0x00000207c90de390 code [0x00000207c90de540, 0x00000207c90ded08]
Event: 8.324 Thread 0x00000207dc189d50 1529   !   4       javazoom.jl.decoder.OutputBuffer::reset (79 bytes)
Event: 8.326 Thread 0x00000207dc189d50 nmethod 1529 0x00000207c90df090 code [0x00000207c90df220, 0x00000207c90df378]
Event: 8.326 Thread 0x00000207dc189d50 1530       4       javazoom.jl.decoder.Header::calculate_framesize (283 bytes)
Event: 8.327 Thread 0x00000207dc189d50 nmethod 1530 0x00000207c90df490 code [0x00000207c90df640, 0x00000207c90df8f8]
Event: 8.327 Thread 0x00000207dc189d50 1531  s    4       java.io.ByteArrayOutputStream::write (43 bytes)
Event: 8.332 Thread 0x00000207dc189d50 nmethod 1531 0x00000207c90dfb90 code [0x00000207c90dfd40, 0x00000207c90e0508]
Event: 8.340 Thread 0x00000207dc189d50 1532   !   4       javazoom.jl.decoder.Bitstream::readFrame (100 bytes)
Event: 8.342 Thread 0x00000207dc189d50 nmethod 1532 0x00000207c90e0810 code [0x00000207c90e0a00, 0x00000207c90e0c70]
Event: 8.342 Thread 0x00000207dc189d50 1534       4       javazoom.jl.decoder.Bitstream::syncHeader (124 bytes)
Event: 8.345 Thread 0x00000207dc189d50 nmethod 1534 0x00000207c90e0f10 code [0x00000207c90e10e0, 0x00000207c90e13e8]
Event: 8.345 Thread 0x00000207dc189d50 1533       4       javazoom.jl.decoder.Header::read_header (510 bytes)
Event: 8.367 Thread 0x00000207dc189d50 nmethod 1533 0x00000207c90e1710 code [0x00000207c90e1980, 0x00000207c90e2d10]
Event: 8.367 Thread 0x00000207dc189d50 1536       4       javazoom.jl.decoder.MP3Decoder::decodeFrame (38 bytes)
Event: 8.371 Thread 0x00000207dc189d50 nmethod 1536 0x00000207c90e3c10 code [0x00000207c90e3dc0, 0x00000207c90e4148]
Event: 8.371 Thread 0x00000207dc189d50 1535       4       java.io.PushbackInputStream::unread (47 bytes)
Event: 8.372 Thread 0x00000207dc189d50 nmethod 1535 0x00000207c90e4390 code [0x00000207c90e4520, 0x00000207c90e4698]

GC Heap History (4 events):
Event: 3.087 GC heap before
{Heap before GC invocations=0 (full 0):
 garbage-first heap   total 262144K, used 65536K [0x0000000701000000, 0x0000000800000000)
  region size 2048K, 6 young (12288K), 0 survivors (0K)
 Metaspace       used 3967K, committed 4096K, reserved 1056768K
  class space    used 268K, committed 320K, reserved 1048576K
}
Event: 3.089 GC heap after
{Heap after GC invocations=1 (full 0):
 garbage-first heap   total 262144K, used 2032K [0x0000000701000000, 0x0000000800000000)
  region size 2048K, 1 young (2048K), 1 survivors (2048K)
 Metaspace       used 3967K, committed 4096K, reserved 1056768K
  class space    used 268K, committed 320K, reserved 1048576K
}
Event: 3.734 GC heap before
{Heap before GC invocations=1 (full 0):
 garbage-first heap   total 262144K, used 16368K [0x0000000701000000, 0x0000000800000000)
  region size 2048K, 8 young (16384K), 1 survivors (2048K)
 Metaspace       used 4092K, committed 4224K, reserved 1056768K
  class space    used 268K, committed 320K, reserved 1048576K
}
Event: 3.736 GC heap after
{Heap after GC invocations=2 (full 0):
 garbage-first heap   total 262144K, used 2186K [0x0000000701000000, 0x0000000800000000)
  region size 2048K, 1 young (2048K), 1 survivors (2048K)
 Metaspace       used 4092K, committed 4224K, reserved 1056768K
  class space    used 268K, committed 320K, reserved 1048576K
}

Deoptimization events (20 events):
Event: 8.310 Thread 0x00000207dceff300 Uncommon trap: trap_request=0xffffff45 fr.pc=0x00000207c90b0098 relative=0x0000000000000078
Event: 8.310 Thread 0x00000207dceff300 Uncommon trap: reason=unstable_if action=reinterpret pc=0x00000207c90b0098 method=java.lang.Math.round(F)I @ 23 c2
Event: 8.310 Thread 0x00000207dceff300 DEOPT PACKING pc=0x00000207c90b0098 sp=0x0000009b27dfe6e0
Event: 8.310 Thread 0x00000207dceff300 DEOPT UNPACKING pc=0x00000207c157d72e sp=0x0000009b27dfe660 mode 2
Event: 8.311 Thread 0x00000207dceff300 Uncommon trap: trap_request=0xffffffde fr.pc=0x00000207c90aba38 relative=0x00000000000000f8
Event: 8.311 Thread 0x00000207dceff300 Uncommon trap: reason=class_check action=maybe_recompile pc=0x00000207c90aba38 method=java.util.regex.Pattern$BmpCharProperty.match(Ljava/util/regex/Matcher;ILjava/lang/CharSequence;)Z @ 14 c2
Event: 8.311 Thread 0x00000207dceff300 DEOPT PACKING pc=0x00000207c90aba38 sp=0x0000009b27dfe540
Event: 8.311 Thread 0x00000207dceff300 DEOPT UNPACKING pc=0x00000207c157d72e sp=0x0000009b27dfe4f0 mode 2
Event: 8.311 Thread 0x00000207dceff300 Uncommon trap: trap_request=0xffffffde fr.pc=0x00000207c90aba38 relative=0x00000000000000f8
Event: 8.311 Thread 0x00000207dceff300 Uncommon trap: reason=class_check action=maybe_recompile pc=0x00000207c90aba38 method=java.util.regex.Pattern$BmpCharProperty.match(Ljava/util/regex/Matcher;ILjava/lang/CharSequence;)Z @ 14 c2
Event: 8.311 Thread 0x00000207dceff300 DEOPT PACKING pc=0x00000207c90aba38 sp=0x0000009b27dfe540
Event: 8.311 Thread 0x00000207dceff300 DEOPT UNPACKING pc=0x00000207c157d72e sp=0x0000009b27dfe4f0 mode 2
Event: 8.311 Thread 0x00000207dceff300 Uncommon trap: trap_request=0xffffffde fr.pc=0x00000207c90aba38 relative=0x00000000000000f8
Event: 8.311 Thread 0x00000207dceff300 Uncommon trap: reason=class_check action=maybe_recompile pc=0x00000207c90aba38 method=java.util.regex.Pattern$BmpCharProperty.match(Ljava/util/regex/Matcher;ILjava/lang/CharSequence;)Z @ 14 c2
Event: 8.311 Thread 0x00000207dceff300 DEOPT PACKING pc=0x00000207c90aba38 sp=0x0000009b27dfe540
Event: 8.311 Thread 0x00000207dceff300 DEOPT UNPACKING pc=0x00000207c157d72e sp=0x0000009b27dfe4f0 mode 2
Event: 8.312 Thread 0x00000207dceff300 Uncommon trap: trap_request=0xffffffde fr.pc=0x00000207c90aba38 relative=0x00000000000000f8
Event: 8.312 Thread 0x00000207dceff300 Uncommon trap: reason=class_check action=maybe_recompile pc=0x00000207c90aba38 method=java.util.regex.Pattern$BmpCharProperty.match(Ljava/util/regex/Matcher;ILjava/lang/CharSequence;)Z @ 14 c2
Event: 8.312 Thread 0x00000207dceff300 DEOPT PACKING pc=0x00000207c90aba38 sp=0x0000009b27dfe540
Event: 8.312 Thread 0x00000207dceff300 DEOPT UNPACKING pc=0x00000207c157d72e sp=0x0000009b27dfe4f0 mode 2

Classes unloaded (0 events):
No events

Classes redefined (0 events):
No events

Internal exceptions (4 events):
Event: 0.217 Thread 0x00000207b9da96d0 Exception <a 'java/lang/NoSuchMethodError'{0x0000000710ca0078}: 'java.lang.Object java.lang.invoke.DirectMethodHandle$Holder.invokeInterface(java.lang.Object, java.lang.Object)'> (0x0000000710ca0078) 
thrown [t:\workspace\open\src\hotspot\share\interpreter\linkResolver.cpp, line 790]
Event: 0.218 Thread 0x00000207b9da96d0 Exception <a 'java/lang/IncompatibleClassChangeError'{0x0000000710ca3df8}: Found class java.lang.Object, but interface was expected> (0x0000000710ca3df8) 
thrown [t:\workspace\open\src\hotspot\share\interpreter\linkResolver.cpp, line 857]
Event: 1.066 Thread 0x00000207dceff300 Exception <a 'java/lang/NoSuchMethodError'{0x0000000710606f00}: 'java.lang.Object java.lang.invoke.DirectMethodHandle$Holder.invokeStatic(java.lang.Object)'> (0x0000000710606f00) 
thrown [t:\workspace\open\src\hotspot\share\interpreter\linkResolver.cpp, line 790]
Event: 1.067 Thread 0x00000207dceff300 Exception <a 'java/lang/NoSuchMethodError'{0x000000071060a8f8}: 'java.lang.Object java.lang.invoke.DirectMethodHandle$Holder.invokeStaticInit(java.lang.Object)'> (0x000000071060a8f8) 
thrown [t:\workspace\open\src\hotspot\share\interpreter\linkResolver.cpp, line 790]

Events (20 events):
Event: 1.749 Thread 0x00000207e1fc7810 Thread added: 0x00000207e1fc7810
Event: 1.899 Thread 0x00000207e18bae00 Thread exited: 0x00000207e18bae00
Event: 2.096 Executing  VM operation: Cleanup
Event: 2.096 Executing  VM operation: Cleanup done
Event: 3.008 loading class java/io/BufferedReader
Event: 3.008 loading class java/io/BufferedReader done
Event: 3.086 Thread 0x00000207e1955e80 Thread added: 0x00000207e1955e80
Event: 3.087 Executing  VM operation: G1CollectForAllocation
Event: 3.089 Executing  VM operation: G1CollectForAllocation done
Event: 3.734 Executing  VM operation: G1CollectForAllocation
Event: 3.736 Executing  VM operation: G1CollectForAllocation done
Event: 3.750 Thread 0x00000207e1955e80 Thread exited: 0x00000207e1955e80
Event: 4.736 Executing  VM operation: Cleanup
Event: 4.736 Executing  VM operation: Cleanup done
Event: 5.737 Executing  VM operation: Cleanup
Event: 5.737 Executing  VM operation: Cleanup done
Event: 6.738 Executing  VM operation: Cleanup
Event: 6.738 Executing  VM operation: Cleanup done
Event: 7.738 Executing  VM operation: Cleanup
Event: 7.738 Executing  VM operation: Cleanup done


Dynamic libraries:
0x00007ff672f40000 - 0x00007ff672f50000 	C:\Program Files\Java\jdk-16.0.1\bin\javaw.exe
0x00007ffa204b0000 - 0x00007ffa206a5000 	C:\WINDOWS\SYSTEM32\ntdll.dll
0x00007ffa1f6f0000 - 0x00007ffa1f7ad000 	C:\WINDOWS\System32\KERNEL32.DLL
0x00007ffa1dd50000 - 0x00007ffa1e019000 	C:\WINDOWS\System32\KERNELBASE.dll
0x00007ffa1e310000 - 0x00007ffa1e410000 	C:\WINDOWS\System32\ucrtbase.dll
0x00007ffa020b0000 - 0x00007ffa020c9000 	C:\Program Files\Java\jdk-16.0.1\bin\VCRUNTIME140.dll
0x00007ffa01720000 - 0x00007ffa01738000 	C:\Program Files\Java\jdk-16.0.1\bin\jli.dll
0x00007ffa1fc10000 - 0x00007ffa1fcbc000 	C:\WINDOWS\System32\ADVAPI32.dll
0x00007ffa1f650000 - 0x00007ffa1f6ee000 	C:\WINDOWS\System32\msvcrt.dll
0x00007ffa1f150000 - 0x00007ffa1f1eb000 	C:\WINDOWS\System32\sechost.dll
0x00007ffa1fae0000 - 0x00007ffa1fc0a000 	C:\WINDOWS\System32\RPCRT4.dll
0x00007ffa1f7c0000 - 0x00007ffa1f960000 	C:\WINDOWS\System32\USER32.dll
0x00007ffa1e150000 - 0x00007ffa1e172000 	C:\WINDOWS\System32\win32u.dll
0x00007ffa16c20000 - 0x00007ffa16eba000 	C:\WINDOWS\WinSxS\amd64_microsoft.windows.common-controls_6595b64144ccf1df_6.0.19041.1110_none_60b5254171f9507e\COMCTL32.dll
0x00007ffa1f120000 - 0x00007ffa1f14a000 	C:\WINDOWS\System32\GDI32.dll
0x00007ffa1e410000 - 0x00007ffa1e51b000 	C:\WINDOWS\System32\gdi32full.dll
0x00007ffa1e0b0000 - 0x00007ffa1e14d000 	C:\WINDOWS\System32\msvcp_win.dll
0x00007ffa1bc20000 - 0x00007ffa1bc2a000 	C:\WINDOWS\SYSTEM32\VERSION.dll
0x00007ffa1f960000 - 0x00007ffa1f990000 	C:\WINDOWS\System32\IMM32.DLL
0x00007ffa135f0000 - 0x00007ffa135fc000 	C:\Program Files\Java\jdk-16.0.1\bin\vcruntime140_1.dll
0x00007ff9fab30000 - 0x00007ff9fabc1000 	C:\Program Files\Java\jdk-16.0.1\bin\msvcp140.dll
0x00007ff9bc530000 - 0x00007ff9bd0db000 	C:\Program Files\Java\jdk-16.0.1\bin\server\jvm.dll
0x00007ffa1f7b0000 - 0x00007ffa1f7b8000 	C:\WINDOWS\System32\PSAPI.DLL
0x00007ffa0bce0000 - 0x00007ffa0bce9000 	C:\WINDOWS\SYSTEM32\WSOCK32.dll
0x00007ffa175d0000 - 0x00007ffa175f7000 	C:\WINDOWS\SYSTEM32\WINMM.dll
0x00007ffa20400000 - 0x00007ffa2046b000 	C:\WINDOWS\System32\WS2_32.dll
0x00007ffa1c500000 - 0x00007ffa1c512000 	C:\WINDOWS\SYSTEM32\kernel.appcore.dll
0x00007ffa12170000 - 0x00007ffa1217a000 	C:\Program Files\Java\jdk-16.0.1\bin\jimage.dll
0x00007ffa0ed70000 - 0x00007ffa0ef54000 	C:\WINDOWS\SYSTEM32\DBGHELP.DLL
0x00007ffa0f140000 - 0x00007ffa0f16c000 	C:\WINDOWS\SYSTEM32\dbgcore.DLL
0x00007ffa1e020000 - 0x00007ffa1e0a3000 	C:\WINDOWS\System32\bcryptPrimitives.dll
0x00007ff9fed80000 - 0x00007ff9feda5000 	C:\Program Files\Java\jdk-16.0.1\bin\java.dll
0x00007ffa1fcc0000 - 0x00007ffa203ff000 	C:\WINDOWS\System32\SHELL32.dll
0x00007ffa1bc30000 - 0x00007ffa1c3c1000 	C:\WINDOWS\SYSTEM32\windows.storage.dll
0x00007ffa1f210000 - 0x00007ffa1f565000 	C:\WINDOWS\System32\combase.dll
0x00007ffa1d5f0000 - 0x00007ffa1d61c000 	C:\WINDOWS\SYSTEM32\Wldp.dll
0x00007ffa1eba0000 - 0x00007ffa1ec4e000 	C:\WINDOWS\System32\SHCORE.dll
0x00007ffa1f0c0000 - 0x00007ffa1f115000 	C:\WINDOWS\System32\shlwapi.dll
0x00007ffa1db30000 - 0x00007ffa1db4f000 	C:\WINDOWS\SYSTEM32\profapi.dll
0x00007ffa002c0000 - 0x00007ffa002d9000 	C:\Program Files\Java\jdk-16.0.1\bin\net.dll
0x00007ffa159f0000 - 0x00007ffa15afa000 	C:\WINDOWS\SYSTEM32\WINHTTP.dll
0x00007ffa1d2f0000 - 0x00007ffa1d35a000 	C:\WINDOWS\system32\mswsock.dll
0x00007ff9ffa50000 - 0x00007ff9ffa63000 	C:\Program Files\Java\jdk-16.0.1\bin\nio.dll
0x00007ff9fed60000 - 0x00007ff9fed78000 	C:\Program Files\Java\jdk-16.0.1\bin\zip.dll
0x000000006b3c0000 - 0x000000006b44d000 	C:\Users\pires\AppData\Local\Temp\libgdxpires\1242687446\gdx64.dll
0x00007ffa12120000 - 0x00007ffa12130000 	C:\Program Files\Java\jdk-16.0.1\bin\verify.dll
0x0000000180000000 - 0x0000000180050000 	C:\Users\pires\AppData\Local\Temp\libgdxpires\1242687446\lwjgl64.dll
0x00007ff9f6190000 - 0x00007ff9f62b5000 	C:\WINDOWS\SYSTEM32\OPENGL32.dll
0x00007ffa136c0000 - 0x00007ffa136ec000 	C:\WINDOWS\SYSTEM32\GLU32.dll
0x00000207dc300000 - 0x00000207dc362000 	C:\Users\pires\AppData\Local\Temp\libgdxpires\1242687446\OpenAL64.dll
0x00007ffa1f9a0000 - 0x00007ffa1faca000 	C:\WINDOWS\System32\ole32.dll
0x00007ffa1b4c0000 - 0x00007ffa1b55e000 	C:\WINDOWS\system32\uxtheme.dll
0x00007ffa1ea30000 - 0x00007ffa1ead9000 	C:\WINDOWS\System32\clbcatq.dll
0x00007ff9fae60000 - 0x00007ff9faefc000 	C:\WINDOWS\SYSTEM32\dsound.dll
0x00007ffa1d950000 - 0x00007ffa1d99b000 	C:\WINDOWS\SYSTEM32\powrprof.dll
0x00007ff9fccd0000 - 0x00007ff9fccf6000 	C:\WINDOWS\SYSTEM32\winmmbase.dll
0x00007ffa1d930000 - 0x00007ffa1d942000 	C:\WINDOWS\SYSTEM32\UMPDC.dll
0x00007ffa18110000 - 0x00007ffa18195000 	C:\WINDOWS\System32\MMDevApi.dll
0x00007ffa1d9a0000 - 0x00007ffa1d9cc000 	C:\WINDOWS\System32\DEVOBJ.dll
0x00007ffa1dbf0000 - 0x00007ffa1dc3e000 	C:\WINDOWS\System32\cfgmgr32.dll
0x00007ffa181a0000 - 0x00007ffa18321000 	C:\WINDOWS\SYSTEM32\AUDIOSES.DLL
0x00007ffa1e5b0000 - 0x00007ffa1e67d000 	C:\WINDOWS\System32\OLEAUT32.dll
0x00007ffa1b5c0000 - 0x00007ffa1b5d4000 	C:\WINDOWS\SYSTEM32\resourcepolicyclient.dll
0x00007ffa17600000 - 0x00007ffa176ae000 	C:\WINDOWS\SYSTEM32\mscms.dll
0x00007ffa1dab0000 - 0x00007ffa1dade000 	C:\WINDOWS\SYSTEM32\USERENV.dll
0x00007ffa175a0000 - 0x00007ffa175b1000 	C:\WINDOWS\SYSTEM32\ColorAdapterClient.dll
0x00007ffa1e910000 - 0x00007ffa1ea25000 	C:\WINDOWS\System32\MSCTF.dll
0x00007ffa15b60000 - 0x00007ffa15c59000 	C:\Windows\System32\AppXDeploymentClient.dll
0x0000000074a70000 - 0x00000000768b7000 	C:\WINDOWS\SYSTEM32\nvoglv64.DLL
0x00007ffa1ec50000 - 0x00007ffa1f0b9000 	C:\WINDOWS\System32\SETUPAPI.dll
0x00007ffa1e180000 - 0x00007ffa1e1a7000 	C:\WINDOWS\System32\bcrypt.dll
0x00007ffa19500000 - 0x00007ffa19514000 	C:\WINDOWS\SYSTEM32\WTSAPI32.dll
0x00007ffa1c920000 - 0x00007ffa1c953000 	C:\WINDOWS\SYSTEM32\ntmarta.dll
0x00007ffa1d530000 - 0x00007ffa1d58a000 	C:\WINDOWS\SYSTEM32\WINSTA.dll
0x00007ffa1b7c0000 - 0x00007ffa1b7ef000 	C:\WINDOWS\system32\dwmapi.dll
0x00007ffa0feb0000 - 0x00007ffa0ffa9000 	C:\WINDOWS\SYSTEM32\textinputframework.dll
0x00007ffa1b0f0000 - 0x00007ffa1b1e2000 	C:\WINDOWS\System32\CoreMessaging.dll
0x00007ffa1a910000 - 0x00007ffa1ac6e000 	C:\WINDOWS\System32\CoreUIComponents.dll
0x00007ffa19250000 - 0x00007ffa193a4000 	C:\WINDOWS\SYSTEM32\wintypes.dll
0x00007ffa16ae0000 - 0x00007ffa16b46000 	C:\WINDOWS\system32\Oleacc.dll
0x00007ff9f00f0000 - 0x00007ff9f0133000 	C:\WINDOWS\SYSTEM32\icm32.dll
0x00007ffa1c520000 - 0x00007ffa1c614000 	C:\WINDOWS\SYSTEM32\dxgi.dll
0x00007ffa19720000 - 0x00007ffa19984000 	C:\WINDOWS\SYSTEM32\d3d11.dll
0x00007ffa0bf40000 - 0x00007ffa0d0fa000 	C:\WINDOWS\SYSTEM32\nvwgf2umx.dll
0x00007ffa0b7c0000 - 0x00007ffa0b7fb000 	C:\WINDOWS\SYSTEM32\dxcore.dll

dbghelp: loaded successfully - version: 4.0.5 - missing functions: none
symbol engine: initialized successfully - sym options: 0x614 - pdb path: .;C:\Program Files\Java\jdk-16.0.1\bin;C:\WINDOWS\SYSTEM32;C:\WINDOWS\WinSxS\amd64_microsoft.windows.common-controls_6595b64144ccf1df_6.0.19041.1110_none_60b5254171f9507e;C:\Program Files\Java\jdk-16.0.1\bin\server;C:\Users\pires\AppData\Local\Temp\libgdxpires\1242687446

VM Arguments:
jvm_args: -Dfile.encoding=UTF-8 -XX:+ShowCodeDetailsInExceptionMessages 
java_command: Launcher
java_class_path (initial): C:\Users\pires\eclipse-workspace\TP3 - Mario Forever\bin;C:\Users\pires\eclipse-workspace\TP3 - Mario Forever\libs\gdx.jar;C:\Users\pires\eclipse-workspace\TP3 - Mario Forever\libs\gdx-backend-lwjgl.jar;C:\Users\pires\eclipse-workspace\TP3 - Mario Forever\libs\gdx-backend-lwjgl-natives.jar;C:\Users\pires\eclipse-workspace\TP3 - Mario Forever\libs\gdx-natives.jar;C:\Users\pires\eclipse-workspace\TP3 - Mario Forever\libs\gdx-sources.jar
Launcher Type: SUN_STANDARD

[Global flags]
     intx CICompilerCount                          = 3                                         {product} {ergonomic}
     uint ConcGCThreads                            = 1                                         {product} {ergonomic}
     uint G1ConcRefinementThreads                  = 4                                         {product} {ergonomic}
   size_t G1HeapRegionSize                         = 2097152                                   {product} {ergonomic}
    uintx GCDrainStackTargetSize                   = 64                                        {product} {ergonomic}
   size_t InitialHeapSize                          = 268435456                                 {product} {ergonomic}
   size_t MarkStackSize                            = 4194304                                   {product} {ergonomic}
   size_t MaxHeapSize                              = 4278190080                                {product} {ergonomic}
   size_t MaxNewSize                               = 2566914048                                {product} {ergonomic}
   size_t MinHeapDeltaBytes                        = 2097152                                   {product} {ergonomic}
   size_t MinHeapSize                              = 8388608                                   {product} {ergonomic}
    uintx NonNMethodCodeHeapSize                   = 5832780                                {pd product} {ergonomic}
    uintx NonProfiledCodeHeapSize                  = 122912730                              {pd product} {ergonomic}
    uintx ProfiledCodeHeapSize                     = 122912730                              {pd product} {ergonomic}
    uintx ReservedCodeCacheSize                    = 251658240                              {pd product} {ergonomic}
     bool SegmentedCodeCache                       = true                                      {product} {ergonomic}
     bool ShowCodeDetailsInExceptionMessages       = true                                   {manageable} {command line}
   size_t SoftMaxHeapSize                          = 4278190080                             {manageable} {ergonomic}
     bool UseCompressedClassPointers               = true                           {product lp64_product} {ergonomic}
     bool UseCompressedOops                        = true                           {product lp64_product} {ergonomic}
     bool UseG1GC                                  = true                                      {product} {ergonomic}
     bool UseLargePagesIndividualAllocation        = false                                  {pd product} {ergonomic}

Logging:
Log output configuration:
 #0: stdout all=warning uptime,level,tags
 #1: stderr all=off uptime,level,tags

Environment Variables:
PATH=C:\Program Files\Common Files\Oracle\Java\javapath;C:\Program Files (x86)\Common Files\Oracle\Java\javapath;C:\WINDOWS\system32;C:\WINDOWS;C:\WINDOWS\System32\Wbem;C:\WINDOWS\System32\WindowsPowerShell\v1.0\;C:\WINDOWS\System32\OpenSSH\;C:\Program Files\Git\cmd;C:\Program Files\nodejs\;C:\Users\pires\AppData\Local\Programs\Python\Python38-32\Scripts\;C:\Users\pires\AppData\Local\Programs\Python\Python38-32\;C:\Users\pires\AppData\Local\Microsoft\WindowsApps;C:\Users\pires\AppData\Local\atom\bin;C:\ProgramData\pires\atom\bin;C:\Users\pires\AppData\Local\Programs\Microsoft VS Code\bin;C:\Program Files\JetBrains\PyCharm 2020.2.2\bin;C:\Users\pires\AppData\Local\GitHubDesktop\bin;C:\Users\pires\AppData\Local\Microsoft\WindowsApps;C:\Users\pires\AppData\Roaming\npm
USERNAME=pires
OS=Windows_NT
PROCESSOR_IDENTIFIER=Intel64 Family 6 Model 45 Stepping 7, GenuineIntel



---------------  S Y S T E M  ---------------

OS:
 Windows 10 , 64 bit Build 19041 (10.0.19041.1023)
OS uptime: 0 days 22:49 hours

CPU: total 4 (initial active 4) (4 cores per cpu, 2 threads per core) family 6 model 45 stepping 7 microcode 0x714, cx8, cmov, fxsr, ht, mmx, sse, sse2, sse3, ssse3, sse4.1, sse4.2, popcnt, tsc, tscinvbit, avx, aes, clmul, vzeroupper, clflush

Memory: 4k page, system-wide physical 16312M (8197M free)
TotalPageFile size 18744M (AvailPageFile size 6249M)
current process WorkingSet (physical memory assigned to process): 360M, peak: 361M
current process commit charge ("private bytes"): 526M, peak: 528M

vm_info: Java HotSpot(TM) 64-Bit Server VM (16.0.1+9-24) for windows-amd64 JRE (16.0.1+9-24), built on Mar 26 2021 19:31:42 by "mach5one" with MS VC++ 16.7 (VS2019)

END.
