#
# A fatal error has been detected by the Java Runtime Environment:
#
#  EXCEPTION_ACCESS_VIOLATION (0xc0000005) at pc=0x000000007562201c, pid=13712, tid=13240
#
# JRE version: Java(TM) SE Runtime Environment (16.0.1+9) (build 16.0.1+9-24)
# Java VM: Java HotSpot(TM) 64-Bit Server VM (16.0.1+9-24, mixed mode, sharing, tiered, compressed oops, compressed class ptrs, g1 gc, windows-amd64)
# Problematic frame:
# C  [nvoglv64.DLL+0xbb201c]
#
# No core dump will be written. Minidumps are not enabled by default on client versions of Windows
#
# If you would like to submit a bug report, please visit:
#   https://bugreport.java.com/bugreport/crash.jsp
# The crash happened outside the Java Virtual Machine in native code.
# See problematic frame for where to report the bug.
#

---------------  S U M M A R Y ------------

Command Line: -Dfile.encoding=UTF-8 -XX:+ShowCodeDetailsInExceptionMessages Launcher

Host: Intel(R) Xeon(R) CPU E5-1620 0 @ 3.60GHz, 4 cores, 15G,  Windows 10 , 64 bit Build 19041 (10.0.19041.1023)
Time: Tue Aug 10 21:39:21 2021 Hora oficial do Brasil elapsed time: 10.438771 seconds (0d 0h 0m 10s)

---------------  T H R E A D  ---------------

Current thread (0x0000027bff51c740):  JavaThread "LWJGL Application" [_thread_in_native, id=13240, stack(0x000000a07a500000,0x000000a07a600000)]

Stack: [0x000000a07a500000,0x000000a07a600000],  sp=0x000000a07a5fe690,  free space=1017k
Native frames: (J=compiled Java code, j=interpreted, Vv=VM code, C=native code)
C  [nvoglv64.DLL+0xbb201c]

Java frames: (J=compiled Java code, j=interpreted, Vv=VM code)
J 1103  org.lwjgl.opengl.GL11.nglDrawElements(IIIJJ)V (0 bytes) @ 0x0000027bed92c206 [0x0000027bed92c1a0+0x0000000000000066]
J 1143 c1 org.lwjgl.opengl.GL11.glDrawElements(ILjava/nio/ShortBuffer;)V (38 bytes) @ 0x0000027be6596274 [0x0000027be6595a60+0x0000000000000814]
J 1046 c1 com.badlogic.gdx.backends.lwjgl.LwjglGL10.glDrawElements(IIILjava/nio/Buffer;)V (124 bytes) @ 0x0000027be6560424 [0x0000027be655f600+0x0000000000000e24]
J 891 c1 com.badlogic.gdx.graphics.Mesh.render(III)V (199 bytes) @ 0x0000027be6501d84 [0x0000027be6501620+0x0000000000000764]
J 846 c1 com.badlogic.gdx.graphics.g2d.SpriteBatch.renderMesh()V (264 bytes) @ 0x0000027be64ee4bc [0x0000027be64ed360+0x000000000000115c]
J 1303 c2 com.badlogic.gdx.graphics.g2d.SpriteBatch.draw(Lcom/badlogic/gdx/graphics/Texture;FFFF)V (430 bytes) @ 0x0000027bed943170 [0x0000027bed942fe0+0x0000000000000190]
j  Menu.render(F)V+122
j  MarioForever.render()V+45
j  com.badlogic.gdx.backends.lwjgl.LwjglApplication.mainLoop()V+494
j  com.badlogic.gdx.backends.lwjgl.LwjglApplication$1.run()V+27
v  ~StubRoutines::call_stub

siginfo: EXCEPTION_ACCESS_VIOLATION (0xc0000005), reading address 0x0000027bffe5ed10


Register to memory mapping:

RIP=0x000000007562201c nvoglv64.DLL
RAX=0x000000a07a5fe768 is pointing into the stack for thread: 0x0000027bff51c740
RBX=0x0 is NULL
RCX=0x0000000000000006 is an unknown value
RDX=0x00000000ffffffff is an unknown value
RSP=0x000000a07a5fe690 is pointing into the stack for thread: 0x0000027bff51c740
RBP=0x0 is NULL
RSI=0x0000000000000006 is an unknown value
RDI=0x0 is NULL
R8 =0x0 is NULL
R9 =0x0000027bffe5ed10 is an unknown value
R10=0x0 is NULL
R11=0x0 is NULL
R12=0x0000000000000034 is an unknown value
R13=0x0000000000000001 is an unknown value
R14=0x0000027b84920000 points into unknown readable memory: 0x0000027b823ec080 | 80 c0 3e 82 7b 02 00 00
R15=0x0 is NULL


Registers:
RAX=0x000000a07a5fe768, RBX=0x0000000000000000, RCX=0x0000000000000006, RDX=0x00000000ffffffff
RSP=0x000000a07a5fe690, RBP=0x0000000000000000, RSI=0x0000000000000006, RDI=0x0000000000000000
R8 =0x0000000000000000, R9 =0x0000027bffe5ed10, R10=0x0000000000000000, R11=0x0000000000000000
R12=0x0000000000000034, R13=0x0000000000000001, R14=0x0000027b84920000, R15=0x0000000000000000
RIP=0x000000007562201c, EFLAGS=0x0000000000010246

Top of Stack: (sp=0x000000a07a5fe690)
0x000000a07a5fe690:   00000000ffffffff 0000027b84920000
0x000000a07a5fe6a0:   0000027b88e50890 00000000756b0000
0x000000a07a5fe6b0:   0000027b00000703 0000000000000014
0x000000a07a5fe6c0:   000000a07a5fe758 0000000075624149
0x000000a07a5fe6d0:   0000000000000034 000000a07a5fe798
0x000000a07a5fe6e0:   0000000000000703 0000027b8a441040
0x000000a07a5fe6f0:   0000000000000006 0000000075610742
0x000000a07a5fe700:   0000000000000034 0000000000000000
0x000000a07a5fe710:   0000027b82595d50 0000027b84920000
0x000000a07a5fe720:   0000027b00000001 0000027b00000000
0x000000a07a5fe730:   000000a07a5fe768 000000a07a5fe790
0x000000a07a5fe740:   000000a07a5fe7f0 000000a07a5fe750
0x000000a07a5fe750:   00000000765acf8c 0000027b894600d0
0x000000a07a5fe760:   0000027b849a76d4 0000027b8496fde8
0x000000a07a5fe770:   0000027b873f3040 000000a000000006
0x000000a07a5fe780:   0000000000000002 0000027bffe5ed10 

Instructions: (pc=0x000000007562201c)
0x0000000075621f1c:   02 0f 1f 00 66 41 0f 38 3b 21 66 41 0f 38 3f 29
0x0000000075621f2c:   49 83 c1 10 83 c1 fc 48 ff c8 75 e8 66 0f 70 c4
0x0000000075621f3c:   0e 66 0f 38 3b e0 66 0f 70 c5 0e 66 0f 38 3f e8
0x0000000075621f4c:   66 0f 70 c4 01 66 0f 38 3b e0 66 0f 70 c5 01 66
0x0000000075621f5c:   0f 7e e2 66 0f 38 3f e8 66 41 0f 7e e8 83 f9 01
0x0000000075621f6c:   0f 82 2d 02 00 00 44 8b d1 41 8b 01 41 3b c0 76
0x0000000075621f7c:   05 44 8b c0 eb 05 3b c2 0f 42 d0 49 83 c1 04 49
0x0000000075621f8c:   ff ca 75 e5 e9 0a 02 00 00 41 f7 86 88 75 08 00
0x0000000075621f9c:   00 80 00 00 74 71 45 85 ff 75 3c 85 f6 0f 84 52
0x0000000075621fac:   01 00 00 41 8b be 8c 75 08 00 41 0f b7 01 3b c7
0x0000000075621fbc:   75 08 41 ff c2 44 8b db eb 0f 41 3b c0 44 0f 47
0x0000000075621fcc:   c0 3b c2 0f 42 d0 41 ff c3 49 83 c1 02 48 ff c9
0x0000000075621fdc:   75 d8 e9 1e 01 00 00 85 f6 0f 84 16 01 00 00 41
0x0000000075621fec:   8b be 8c 75 08 00 41 0f b7 01 3b c7 75 08 41 ff
0x0000000075621ffc:   c2 44 8b db eb 03 41 ff c3 49 83 c1 02 48 ff c9
0x000000007562200c:   75 e4 e9 ee 00 00 00 45 85 ff 0f 85 83 01 00 00
0x000000007562201c:   41 0f b7 11 85 d2 75 35 8d 46 ff 8b c8 45 0f b7
0x000000007562202c:   04 41 83 fe 01 0f 86 68 01 00 00 49 83 c1 02 0f
0x000000007562203c:   1f 44 00 00 41 0f b7 01 4d 8d 49 02 41 3b c0 44
0x000000007562204c:   0f 47 c0 48 ff c9 75 ec e9 46 01 00 00 44 8b c2
0x000000007562205c:   83 fe 01 0f 86 3a 01 00 00 49 83 c1 02 8d 4e ff
0x000000007562206c:   0f 1f 40 00 41 0f b7 01 41 3b c0 76 05 44 8b c0
0x000000007562207c:   eb 05 3b c2 0f 42 d0 49 83 c1 02 48 ff c9 75 e4
0x000000007562208c:   e9 0e 01 00 00 41 f7 86 88 75 08 00 00 80 00 00
0x000000007562209c:   0f 84 93 00 00 00 45 85 ff 75 34 85 f6 74 56 41
0x00000000756220ac:   8b be 8c 75 08 00 41 0f b6 01 3b c7 75 08 41 ff
0x00000000756220bc:   c2 44 8b db eb 0f 41 3b c0 44 0f 47 c0 3b c2 0f
0x00000000756220cc:   42 d0 41 ff c3 49 ff c1 48 ff c9 75 d9 eb 26 85
0x00000000756220dc:   f6 74 22 41 8b be 8c 75 08 00 41 0f b6 01 3b c7
0x00000000756220ec:   75 08 41 ff c2 44 8b db eb 03 41 ff c3 49 ff c1
0x00000000756220fc:   48 ff c9 75 e5 45 85 d2 40 0f 95 c5 85 ed 0f 84
0x000000007562210c:   8f 00 00 00 48 8b 84 24 a0 00 00 00 41 2b f2 41 


Stack slot to memory mapping:
stack at sp + 0 slots: 0x00000000ffffffff is an unknown value
stack at sp + 1 slots: 0x0000027b84920000 points into unknown readable memory: 0x0000027b823ec080 | 80 c0 3e 82 7b 02 00 00
stack at sp + 2 slots: 0x0000027b88e50890 points into unknown readable memory: 0x0000027b88d1d190 | 90 d1 d1 88 7b 02 00 00
stack at sp + 3 slots: 0x00000000756b0000 nvoglv64.DLL
stack at sp + 4 slots: 0x0000027b00000703 is an unknown value
stack at sp + 5 slots: 0x0000000000000014 is an unknown value
stack at sp + 6 slots: 0x000000a07a5fe758 is pointing into the stack for thread: 0x0000027bff51c740
stack at sp + 7 slots: 0x0000000075624149 nvoglv64.DLL


---------------  P R O C E S S  ---------------

Threads class SMR info:
_java_thread_list=0x0000027b8258b800, length=14, elements={
0x0000027bfea1a470, 0x0000027bfea1b070, 0x0000027bfea24860, 0x0000027bfea25460,
0x0000027bfea27f70, 0x0000027bfea2a3f0, 0x0000027bfea2b3e0, 0x0000027bfea2bed0,
0x0000027bfea736b0, 0x0000027bff51b200, 0x0000027bff51acb0, 0x0000027bff51c740,
0x0000027bff51cc90, 0x0000027bff51bca0
}

Java Threads: ( => current thread )
  0x0000027bfea1a470 JavaThread "Reference Handler" daemon [_thread_blocked, id=11436, stack(0x000000a079700000,0x000000a079800000)]
  0x0000027bfea1b070 JavaThread "Finalizer" daemon [_thread_blocked, id=14416, stack(0x000000a079800000,0x000000a079900000)]
  0x0000027bfea24860 JavaThread "Signal Dispatcher" daemon [_thread_blocked, id=7672, stack(0x000000a079900000,0x000000a079a00000)]
  0x0000027bfea25460 JavaThread "Attach Listener" daemon [_thread_blocked, id=14916, stack(0x000000a079a00000,0x000000a079b00000)]
  0x0000027bfea27f70 JavaThread "Service Thread" daemon [_thread_blocked, id=8688, stack(0x000000a079b00000,0x000000a079c00000)]
  0x0000027bfea2a3f0 JavaThread "Monitor Deflation Thread" daemon [_thread_blocked, id=14300, stack(0x000000a079c00000,0x000000a079d00000)]
  0x0000027bfea2b3e0 JavaThread "C2 CompilerThread0" daemon [_thread_blocked, id=11044, stack(0x000000a079d00000,0x000000a079e00000)]
  0x0000027bfea2bed0 JavaThread "C1 CompilerThread0" daemon [_thread_blocked, id=10868, stack(0x000000a079e00000,0x000000a079f00000)]
  0x0000027bfea736b0 JavaThread "Sweeper thread" daemon [_thread_blocked, id=12796, stack(0x000000a079f00000,0x000000a07a000000)]
  0x0000027bff51b200 JavaThread "Notification Thread" daemon [_thread_blocked, id=3640, stack(0x000000a07a000000,0x000000a07a100000)]
  0x0000027bff51acb0 JavaThread "Common-Cleaner" daemon [_thread_blocked, id=13892, stack(0x000000a07a200000,0x000000a07a300000)]
=>0x0000027bff51c740 JavaThread "LWJGL Application" [_thread_in_native, id=13240, stack(0x000000a07a500000,0x000000a07a600000)]
  0x0000027bff51cc90 JavaThread "DestroyJavaVM" [_thread_blocked, id=15212, stack(0x000000a079000000,0x000000a079100000)]
  0x0000027bff51bca0 JavaThread "LWJGL Timer" daemon [_thread_blocked, id=4376, stack(0x000000a07ab00000,0x000000a07ac00000)]

Other Threads:
  0x0000027bfea13d50 VMThread "VM Thread" [stack: 0x000000a079600000,0x000000a079700000] [id=11720]
  0x0000027bff51f360 WatcherThread [stack: 0x000000a07a100000,0x000000a07a200000] [id=14432]
  0x0000027bde697450 GCTaskThread "GC Thread#0" [stack: 0x000000a079100000,0x000000a079200000] [id=11692]
  0x0000027b879eef80 GCTaskThread "GC Thread#1" [stack: 0x000000a07ac00000,0x000000a07ad00000] [id=13084]
  0x0000027b879ef290 GCTaskThread "GC Thread#2" [stack: 0x000000a07ad00000,0x000000a07ae00000] [id=12960]
  0x0000027b879ef5a0 GCTaskThread "GC Thread#3" [stack: 0x000000a07ae00000,0x000000a07af00000] [id=14524]
  0x0000027bde6a93a0 ConcurrentGCThread "G1 Main Marker" [stack: 0x000000a079200000,0x000000a079300000] [id=14536]
  0x0000027bde6ab220 ConcurrentGCThread "G1 Conc#0" [stack: 0x000000a079300000,0x000000a079400000] [id=1368]
  0x0000027bfe8c80e0 ConcurrentGCThread "G1 Refine#0" [stack: 0x000000a079400000,0x000000a079500000] [id=9892]
  0x0000027bfe8c8b60 ConcurrentGCThread "G1 Service" [stack: 0x000000a079500000,0x000000a079600000] [id=8264]

Threads with active compile tasks:

VM state: not at safepoint (normal execution)

VM Mutex/Monitor currently owned by a thread: None

Heap address: 0x0000000701000000, size: 4080 MB, Compressed Oops mode: Zero based, Oop shift amount: 3

CDS archive(s) mapped at: [0x0000000800000000-0x0000000800bb0000-0x0000000800bb0000), size 12255232, SharedBaseAddress: 0x0000000800000000, ArchiveRelocationMode: 0.
Compressed class space mapped at: 0x0000000800c00000-0x0000000840c00000, reserved size: 1073741824
Narrow klass base: 0x0000000800000000, Narrow klass shift: 3, Narrow klass range: 0x100000000

GC Precious Log:
 CPUs: 4 total, 4 available
 Memory: 16312M
 Large Page Support: Disabled
 NUMA Support: Disabled
 Compressed Oops: Enabled (Zero based)
 Heap Region Size: 2M
 Heap Min Capacity: 8M
 Heap Initial Capacity: 256M
 Heap Max Capacity: 4080M
 Pre-touch: Disabled
 Parallel Workers: 4
 Concurrent Workers: 1
 Concurrent Refinement Workers: 4
 Periodic GC: Disabled

Heap:
 garbage-first heap   total 262144K, used 202816K [0x0000000701000000, 0x0000000800000000)
  region size 2048K, 47 young (96256K), 1 survivors (2048K)
 Metaspace       used 4499K, committed 4608K, reserved 1056768K
  class space    used 269K, committed 320K, reserved 1048576K

Heap Regions: E=young(eden), S=young(survivor), O=old, HS=humongous(starts), HC=humongous(continues), CS=collection set, F=free, OA=open archive, CA=closed archive, TAMS=top-at-mark-start (previous, next)
|   0|0x0000000701000000, 0x00000007011d7a00, 0x0000000701200000| 92%| O|  |TAMS 0x0000000701000000, 0x0000000701000000| Untracked 
|   1|0x0000000701200000, 0x0000000701400000, 0x0000000701400000|100%|HS|  |TAMS 0x0000000701200000, 0x0000000701200000| Complete 
|   2|0x0000000701400000, 0x0000000701600000, 0x0000000701600000|100%|HS|  |TAMS 0x0000000701400000, 0x0000000701400000| Complete 
|   3|0x0000000701600000, 0x0000000701800000, 0x0000000701800000|100%|HC|  |TAMS 0x0000000701600000, 0x0000000701600000| Complete 
|   4|0x0000000701800000, 0x0000000701a00000, 0x0000000701a00000|100%|HS|  |TAMS 0x0000000701800000, 0x0000000701800000| Complete 
|   5|0x0000000701a00000, 0x0000000701c00000, 0x0000000701c00000|100%|HC|  |TAMS 0x0000000701a00000, 0x0000000701a00000| Complete 
|   6|0x0000000701c00000, 0x0000000701e00000, 0x0000000701e00000|100%|HC|  |TAMS 0x0000000701c00000, 0x0000000701c00000| Complete 
|   7|0x0000000701e00000, 0x0000000702000000, 0x0000000702000000|100%|HS|  |TAMS 0x0000000701e00000, 0x0000000701e00000| Complete 
|   8|0x0000000702000000, 0x0000000702200000, 0x0000000702200000|100%|HC|  |TAMS 0x0000000702000000, 0x0000000702000000| Complete 
|   9|0x0000000702200000, 0x0000000702400000, 0x0000000702400000|100%|HC|  |TAMS 0x0000000702200000, 0x0000000702200000| Complete 
|  10|0x0000000702400000, 0x0000000702600000, 0x0000000702600000|100%|HC|  |TAMS 0x0000000702400000, 0x0000000702400000| Complete 
|  11|0x0000000702600000, 0x0000000702800000, 0x0000000702800000|100%|HC|  |TAMS 0x0000000702600000, 0x0000000702600000| Complete 
|  12|0x0000000702800000, 0x0000000702a00000, 0x0000000702a00000|100%|HS|  |TAMS 0x0000000702800000, 0x0000000702800000| Complete 
|  13|0x0000000702a00000, 0x0000000702c00000, 0x0000000702c00000|100%|HC|  |TAMS 0x0000000702a00000, 0x0000000702a00000| Complete 
|  14|0x0000000702c00000, 0x0000000702e00000, 0x0000000702e00000|100%|HC|  |TAMS 0x0000000702c00000, 0x0000000702c00000| Complete 
|  15|0x0000000702e00000, 0x0000000703000000, 0x0000000703000000|100%|HC|  |TAMS 0x0000000702e00000, 0x0000000702e00000| Complete 
|  16|0x0000000703000000, 0x0000000703200000, 0x0000000703200000|100%|HC|  |TAMS 0x0000000703000000, 0x0000000703000000| Complete 
|  17|0x0000000703200000, 0x0000000703400000, 0x0000000703400000|100%|HC|  |TAMS 0x0000000703200000, 0x0000000703200000| Complete 
|  18|0x0000000703400000, 0x0000000703600000, 0x0000000703600000|100%|HC|  |TAMS 0x0000000703400000, 0x0000000703400000| Complete 
|  19|0x0000000703600000, 0x0000000703800000, 0x0000000703800000|100%|HC|  |TAMS 0x0000000703600000, 0x0000000703600000| Complete 
|  20|0x0000000703800000, 0x0000000703a00000, 0x0000000703a00000|100%|HC|  |TAMS 0x0000000703800000, 0x0000000703800000| Complete 
|  21|0x0000000703a00000, 0x0000000703c00000, 0x0000000703c00000|100%|HS|  |TAMS 0x0000000703a00000, 0x0000000703a00000| Complete 
|  22|0x0000000703c00000, 0x0000000703e00000, 0x0000000703e00000|100%|HC|  |TAMS 0x0000000703c00000, 0x0000000703c00000| Complete 
|  23|0x0000000703e00000, 0x0000000704000000, 0x0000000704000000|100%|HC|  |TAMS 0x0000000703e00000, 0x0000000703e00000| Complete 
|  24|0x0000000704000000, 0x0000000704200000, 0x0000000704200000|100%|HC|  |TAMS 0x0000000704000000, 0x0000000704000000| Complete 
|  25|0x0000000704200000, 0x0000000704400000, 0x0000000704400000|100%|HC|  |TAMS 0x0000000704200000, 0x0000000704200000| Complete 
|  26|0x0000000704400000, 0x0000000704600000, 0x0000000704600000|100%|HC|  |TAMS 0x0000000704400000, 0x0000000704400000| Complete 
|  27|0x0000000704600000, 0x0000000704800000, 0x0000000704800000|100%|HC|  |TAMS 0x0000000704600000, 0x0000000704600000| Complete 
|  28|0x0000000704800000, 0x0000000704a00000, 0x0000000704a00000|100%|HS|  |TAMS 0x0000000704800000, 0x0000000704800000| Complete 
|  29|0x0000000704a00000, 0x0000000704c00000, 0x0000000704c00000|100%|HS|  |TAMS 0x0000000704a00000, 0x0000000704a00000| Complete 
|  30|0x0000000704c00000, 0x0000000704e00000, 0x0000000704e00000|100%|HC|  |TAMS 0x0000000704c00000, 0x0000000704c00000| Complete 
|  31|0x0000000704e00000, 0x0000000705000000, 0x0000000705000000|100%|HS|  |TAMS 0x0000000704e00000, 0x0000000704e00000| Complete 
|  32|0x0000000705000000, 0x0000000705200000, 0x0000000705200000|100%|HC|  |TAMS 0x0000000705000000, 0x0000000705000000| Complete 
|  33|0x0000000705200000, 0x0000000705400000, 0x0000000705400000|100%|HC|  |TAMS 0x0000000705200000, 0x0000000705200000| Complete 
|  34|0x0000000705400000, 0x0000000705600000, 0x0000000705600000|100%|HS|  |TAMS 0x0000000705400000, 0x0000000705400000| Complete 
|  35|0x0000000705600000, 0x0000000705800000, 0x0000000705800000|100%|HC|  |TAMS 0x0000000705600000, 0x0000000705600000| Complete 
|  36|0x0000000705800000, 0x0000000705a00000, 0x0000000705a00000|100%|HC|  |TAMS 0x0000000705800000, 0x0000000705800000| Complete 
|  37|0x0000000705a00000, 0x0000000705c00000, 0x0000000705c00000|100%|HC|  |TAMS 0x0000000705a00000, 0x0000000705a00000| Complete 
|  38|0x0000000705c00000, 0x0000000705e00000, 0x0000000705e00000|100%|HC|  |TAMS 0x0000000705c00000, 0x0000000705c00000| Complete 
|  39|0x0000000705e00000, 0x0000000706000000, 0x0000000706000000|100%|HS|  |TAMS 0x0000000705e00000, 0x0000000705e00000| Complete 
|  40|0x0000000706000000, 0x0000000706200000, 0x0000000706200000|100%|HC|  |TAMS 0x0000000706000000, 0x0000000706000000| Complete 
|  41|0x0000000706200000, 0x0000000706400000, 0x0000000706400000|100%|HC|  |TAMS 0x0000000706200000, 0x0000000706200000| Complete 
|  42|0x0000000706400000, 0x0000000706600000, 0x0000000706600000|100%|HC|  |TAMS 0x0000000706400000, 0x0000000706400000| Complete 
|  43|0x0000000706600000, 0x0000000706800000, 0x0000000706800000|100%|HC|  |TAMS 0x0000000706600000, 0x0000000706600000| Complete 
|  44|0x0000000706800000, 0x0000000706a00000, 0x0000000706a00000|100%|HC|  |TAMS 0x0000000706800000, 0x0000000706800000| Complete 
|  45|0x0000000706a00000, 0x0000000706c00000, 0x0000000706c00000|100%|HC|  |TAMS 0x0000000706a00000, 0x0000000706a00000| Complete 
|  46|0x0000000706c00000, 0x0000000706e00000, 0x0000000706e00000|100%|HC|  |TAMS 0x0000000706c00000, 0x0000000706c00000| Complete 
|  47|0x0000000706e00000, 0x0000000707000000, 0x0000000707000000|100%|HC|  |TAMS 0x0000000706e00000, 0x0000000706e00000| Complete 
|  48|0x0000000707000000, 0x0000000707200000, 0x0000000707200000|100%|HS|  |TAMS 0x0000000707000000, 0x0000000707000000| Complete 
|  49|0x0000000707200000, 0x0000000707400000, 0x0000000707400000|100%|HC|  |TAMS 0x0000000707200000, 0x0000000707200000| Complete 
|  50|0x0000000707400000, 0x0000000707600000, 0x0000000707600000|100%|HC|  |TAMS 0x0000000707400000, 0x0000000707400000| Complete 
|  51|0x0000000707600000, 0x0000000707800000, 0x0000000707800000|100%|HC|  |TAMS 0x0000000707600000, 0x0000000707600000| Complete 
|  52|0x0000000707800000, 0x0000000707a00000, 0x0000000707a00000|100%|HC|  |TAMS 0x0000000707800000, 0x0000000707800000| Complete 
|  53|0x0000000707a00000, 0x0000000707c00000, 0x0000000707c00000|100%|HC|  |TAMS 0x0000000707a00000, 0x0000000707a00000| Complete 
|  54|0x0000000707c00000, 0x0000000707e00000, 0x0000000707e00000|100%|HC|  |TAMS 0x0000000707c00000, 0x0000000707c00000| Complete 
|  55|0x0000000707e00000, 0x0000000707e00000, 0x0000000708000000|  0%| F|  |TAMS 0x0000000707e00000, 0x0000000707e00000| Untracked 
|  56|0x0000000708000000, 0x0000000708000000, 0x0000000708200000|  0%| F|  |TAMS 0x0000000708000000, 0x0000000708000000| Untracked 
|  57|0x0000000708200000, 0x0000000708200000, 0x0000000708400000|  0%| F|  |TAMS 0x0000000708200000, 0x0000000708200000| Untracked 
|  58|0x0000000708400000, 0x0000000708400000, 0x0000000708600000|  0%| F|  |TAMS 0x0000000708400000, 0x0000000708400000| Untracked 
|  59|0x0000000708600000, 0x0000000708600000, 0x0000000708800000|  0%| F|  |TAMS 0x0000000708600000, 0x0000000708600000| Untracked 
|  60|0x0000000708800000, 0x0000000708800000, 0x0000000708a00000|  0%| F|  |TAMS 0x0000000708800000, 0x0000000708800000| Untracked 
|  61|0x0000000708a00000, 0x0000000708a00000, 0x0000000708c00000|  0%| F|  |TAMS 0x0000000708a00000, 0x0000000708a00000| Untracked 
|  62|0x0000000708c00000, 0x0000000708c00000, 0x0000000708e00000|  0%| F|  |TAMS 0x0000000708c00000, 0x0000000708c00000| Untracked 
|  63|0x0000000708e00000, 0x0000000708e00000, 0x0000000709000000|  0%| F|  |TAMS 0x0000000708e00000, 0x0000000708e00000| Untracked 
|  64|0x0000000709000000, 0x0000000709000000, 0x0000000709200000|  0%| F|  |TAMS 0x0000000709000000, 0x0000000709000000| Untracked 
|  65|0x0000000709200000, 0x0000000709200000, 0x0000000709400000|  0%| F|  |TAMS 0x0000000709200000, 0x0000000709200000| Untracked 
|  66|0x0000000709400000, 0x0000000709400000, 0x0000000709600000|  0%| F|  |TAMS 0x0000000709400000, 0x0000000709400000| Untracked 
|  67|0x0000000709600000, 0x0000000709600000, 0x0000000709800000|  0%| F|  |TAMS 0x0000000709600000, 0x0000000709600000| Untracked 
|  68|0x0000000709800000, 0x0000000709800000, 0x0000000709a00000|  0%| F|  |TAMS 0x0000000709800000, 0x0000000709800000| Untracked 
|  69|0x0000000709a00000, 0x0000000709a00000, 0x0000000709c00000|  0%| F|  |TAMS 0x0000000709a00000, 0x0000000709a00000| Untracked 
|  70|0x0000000709c00000, 0x0000000709c00000, 0x0000000709e00000|  0%| F|  |TAMS 0x0000000709c00000, 0x0000000709c00000| Untracked 
|  71|0x0000000709e00000, 0x0000000709e00000, 0x000000070a000000|  0%| F|  |TAMS 0x0000000709e00000, 0x0000000709e00000| Untracked 
|  72|0x000000070a000000, 0x000000070a000000, 0x000000070a200000|  0%| F|  |TAMS 0x000000070a000000, 0x000000070a000000| Untracked 
|  73|0x000000070a200000, 0x000000070a200000, 0x000000070a400000|  0%| F|  |TAMS 0x000000070a200000, 0x000000070a200000| Untracked 
|  74|0x000000070a400000, 0x000000070a400000, 0x000000070a600000|  0%| F|  |TAMS 0x000000070a400000, 0x000000070a400000| Untracked 
|  75|0x000000070a600000, 0x000000070a600000, 0x000000070a800000|  0%| F|  |TAMS 0x000000070a600000, 0x000000070a600000| Untracked 
|  76|0x000000070a800000, 0x000000070a800000, 0x000000070aa00000|  0%| F|  |TAMS 0x000000070a800000, 0x000000070a800000| Untracked 
|  77|0x000000070aa00000, 0x000000070aa00000, 0x000000070ac00000|  0%| F|  |TAMS 0x000000070aa00000, 0x000000070aa00000| Untracked 
|  78|0x000000070ac00000, 0x000000070ac00000, 0x000000070ae00000|  0%| F|  |TAMS 0x000000070ac00000, 0x000000070ac00000| Untracked 
|  79|0x000000070ae00000, 0x000000070ae00000, 0x000000070b000000|  0%| F|  |TAMS 0x000000070ae00000, 0x000000070ae00000| Untracked 
|  80|0x000000070b000000, 0x000000070b000000, 0x000000070b200000|  0%| F|  |TAMS 0x000000070b000000, 0x000000070b000000| Untracked 
|  81|0x000000070b200000, 0x000000070b400000, 0x000000070b400000|100%| E|  |TAMS 0x000000070b200000, 0x000000070b200000| Complete 
|  82|0x000000070b400000, 0x000000070b600000, 0x000000070b600000|100%| E|CS|TAMS 0x000000070b400000, 0x000000070b400000| Complete 
|  83|0x000000070b600000, 0x000000070b800000, 0x000000070b800000|100%| E|CS|TAMS 0x000000070b600000, 0x000000070b600000| Complete 
|  84|0x000000070b800000, 0x000000070ba00000, 0x000000070ba00000|100%| E|CS|TAMS 0x000000070b800000, 0x000000070b800000| Complete 
|  85|0x000000070ba00000, 0x000000070bc00000, 0x000000070bc00000|100%| E|CS|TAMS 0x000000070ba00000, 0x000000070ba00000| Complete 
|  86|0x000000070bc00000, 0x000000070be00000, 0x000000070be00000|100%| E|CS|TAMS 0x000000070bc00000, 0x000000070bc00000| Complete 
|  87|0x000000070be00000, 0x000000070c000000, 0x000000070c000000|100%| E|CS|TAMS 0x000000070be00000, 0x000000070be00000| Complete 
|  88|0x000000070c000000, 0x000000070c200000, 0x000000070c200000|100%| E|CS|TAMS 0x000000070c000000, 0x000000070c000000| Complete 
|  89|0x000000070c200000, 0x000000070c400000, 0x000000070c400000|100%| E|CS|TAMS 0x000000070c200000, 0x000000070c200000| Complete 
|  90|0x000000070c400000, 0x000000070c600000, 0x000000070c600000|100%| E|CS|TAMS 0x000000070c400000, 0x000000070c400000| Complete 
|  91|0x000000070c600000, 0x000000070c800000, 0x000000070c800000|100%| E|CS|TAMS 0x000000070c600000, 0x000000070c600000| Complete 
|  92|0x000000070c800000, 0x000000070ca00000, 0x000000070ca00000|100%| E|CS|TAMS 0x000000070c800000, 0x000000070c800000| Complete 
|  93|0x000000070ca00000, 0x000000070cc00000, 0x000000070cc00000|100%| E|CS|TAMS 0x000000070ca00000, 0x000000070ca00000| Complete 
|  94|0x000000070cc00000, 0x000000070ce00000, 0x000000070ce00000|100%| E|CS|TAMS 0x000000070cc00000, 0x000000070cc00000| Complete 
|  95|0x000000070ce00000, 0x000000070d000000, 0x000000070d000000|100%| E|CS|TAMS 0x000000070ce00000, 0x000000070ce00000| Complete 
|  96|0x000000070d000000, 0x000000070d200000, 0x000000070d200000|100%| E|CS|TAMS 0x000000070d000000, 0x000000070d000000| Complete 
|  97|0x000000070d200000, 0x000000070d400000, 0x000000070d400000|100%| E|CS|TAMS 0x000000070d200000, 0x000000070d200000| Complete 
|  98|0x000000070d400000, 0x000000070d600000, 0x000000070d600000|100%| E|CS|TAMS 0x000000070d400000, 0x000000070d400000| Complete 
|  99|0x000000070d600000, 0x000000070d800000, 0x000000070d800000|100%| E|CS|TAMS 0x000000070d600000, 0x000000070d600000| Complete 
| 100|0x000000070d800000, 0x000000070da00000, 0x000000070da00000|100%| E|CS|TAMS 0x000000070d800000, 0x000000070d800000| Complete 
| 101|0x000000070da00000, 0x000000070dc00000, 0x000000070dc00000|100%| E|CS|TAMS 0x000000070da00000, 0x000000070da00000| Complete 
| 102|0x000000070dc00000, 0x000000070de00000, 0x000000070de00000|100%| E|CS|TAMS 0x000000070dc00000, 0x000000070dc00000| Complete 
| 103|0x000000070de00000, 0x000000070e000000, 0x000000070e000000|100%| E|CS|TAMS 0x000000070de00000, 0x000000070de00000| Complete 
| 104|0x000000070e000000, 0x000000070e200000, 0x000000070e200000|100%| E|CS|TAMS 0x000000070e000000, 0x000000070e000000| Complete 
| 105|0x000000070e200000, 0x000000070e400000, 0x000000070e400000|100%| E|CS|TAMS 0x000000070e200000, 0x000000070e200000| Complete 
| 106|0x000000070e400000, 0x000000070e600000, 0x000000070e600000|100%| E|CS|TAMS 0x000000070e400000, 0x000000070e400000| Complete 
| 107|0x000000070e600000, 0x000000070e800000, 0x000000070e800000|100%| E|CS|TAMS 0x000000070e600000, 0x000000070e600000| Complete 
| 108|0x000000070e800000, 0x000000070ea00000, 0x000000070ea00000|100%| E|CS|TAMS 0x000000070e800000, 0x000000070e800000| Complete 
| 109|0x000000070ea00000, 0x000000070ec00000, 0x000000070ec00000|100%| E|CS|TAMS 0x000000070ea00000, 0x000000070ea00000| Complete 
| 110|0x000000070ec00000, 0x000000070ee00000, 0x000000070ee00000|100%| E|CS|TAMS 0x000000070ec00000, 0x000000070ec00000| Complete 
| 111|0x000000070ee00000, 0x000000070f000000, 0x000000070f000000|100%| E|CS|TAMS 0x000000070ee00000, 0x000000070ee00000| Complete 
| 112|0x000000070f000000, 0x000000070f200000, 0x000000070f200000|100%| E|CS|TAMS 0x000000070f000000, 0x000000070f000000| Complete 
| 113|0x000000070f200000, 0x000000070f400000, 0x000000070f400000|100%| E|CS|TAMS 0x000000070f200000, 0x000000070f200000| Complete 
| 114|0x000000070f400000, 0x000000070f600000, 0x000000070f600000|100%| E|CS|TAMS 0x000000070f400000, 0x000000070f400000| Complete 
| 115|0x000000070f600000, 0x000000070f800000, 0x000000070f800000|100%| E|CS|TAMS 0x000000070f600000, 0x000000070f600000| Complete 
| 116|0x000000070f800000, 0x000000070fa00000, 0x000000070fa00000|100%| E|CS|TAMS 0x000000070f800000, 0x000000070f800000| Complete 
| 117|0x000000070fa00000, 0x000000070fc00000, 0x000000070fc00000|100%| E|CS|TAMS 0x000000070fa00000, 0x000000070fa00000| Complete 
| 118|0x000000070fc00000, 0x000000070fe00000, 0x000000070fe00000|100%| E|CS|TAMS 0x000000070fc00000, 0x000000070fc00000| Complete 
| 119|0x000000070fe00000, 0x000000070fe38790, 0x0000000710000000| 11%| S|CS|TAMS 0x000000070fe00000, 0x000000070fe00000| Complete 
| 120|0x0000000710000000, 0x0000000710200000, 0x0000000710200000|100%| E|CS|TAMS 0x0000000710000000, 0x0000000710000000| Complete 
| 121|0x0000000710200000, 0x0000000710400000, 0x0000000710400000|100%| E|CS|TAMS 0x0000000710200000, 0x0000000710200000| Complete 
| 122|0x0000000710400000, 0x0000000710600000, 0x0000000710600000|100%| E|CS|TAMS 0x0000000710400000, 0x0000000710400000| Complete 
| 123|0x0000000710600000, 0x0000000710800000, 0x0000000710800000|100%| E|CS|TAMS 0x0000000710600000, 0x0000000710600000| Complete 
| 124|0x0000000710800000, 0x0000000710a00000, 0x0000000710a00000|100%| E|CS|TAMS 0x0000000710800000, 0x0000000710800000| Complete 
| 125|0x0000000710a00000, 0x0000000710c00000, 0x0000000710c00000|100%| E|CS|TAMS 0x0000000710a00000, 0x0000000710a00000| Complete 
| 126|0x0000000710c00000, 0x0000000710e00000, 0x0000000710e00000|100%| E|  |TAMS 0x0000000710c00000, 0x0000000710c00000| Complete 
| 127|0x0000000710e00000, 0x0000000711000000, 0x0000000711000000|100%| E|CS|TAMS 0x0000000710e00000, 0x0000000710e00000| Complete 

Card table byte_map: [0x0000027bf55d0000,0x0000027bf5dd0000] _byte_map_base: 0x0000027bf1dc8000

Marking Bits (Prev, Next): (CMBitMap*) 0x0000027bde698ad0, (CMBitMap*) 0x0000027bde698b10
 Prev Bits: [0x0000027bf65d0000, 0x0000027bfa590000)
 Next Bits: [0x0000027bfa590000, 0x0000027bfe550000)

Polling page: 0x0000027bdc4e0000

Metaspace:

Usage:
  Non-class:      4.13 MB used.
      Class:    269.35 KB used.
       Both:      4.39 MB used.

Virtual space:
  Non-class space:        8.00 MB reserved,       4.19 MB ( 52%) committed,  1 nodes.
      Class space:        1.00 GB reserved,     320.00 KB ( <1%) committed,  1 nodes.
              Both:        1.01 GB reserved,       4.50 MB ( <1%) committed. 

Chunk freelists:
   Non-Class:  1.69 MB
       Class:  3.58 MB
        Both:  5.27 MB

MaxMetaspaceSize: 17179869184.00 GB
CompressedClassSpaceSize: 1.00 GB
 - commit_granule_bytes: 65536.
 - commit_granule_words: 8192.
 - virtual_space_node_default_size: 1048576.
 - enlarge_chunks_in_place: 1.
 - new_chunks_are_fully_committed: 0.
 - uncommit_free_chunks: 1.
 - use_allocation_guard: 0.
 - handle_deallocations: 1.


Internal statistics:

num_allocs_failed_limit: 0.
num_arena_births: 16.
num_arena_deaths: 0.
num_vsnodes_births: 2.
num_vsnodes_deaths: 0.
num_space_committed: 70.
num_space_uncommitted: 0.
num_chunks_returned_to_freelist: 0.
num_chunks_taken_from_freelist: 110.
num_chunk_merges: 0.
num_chunk_splits: 84.
num_chunks_enlarged: 70.
num_purges: 0.

CodeHeap 'non-profiled nmethods': size=120000Kb used=907Kb max_used=907Kb free=119092Kb
 bounds [0x0000027bed8a0000, 0x0000027bedb10000, 0x0000027bf4dd0000]
CodeHeap 'profiled nmethods': size=120000Kb used=3284Kb max_used=3284Kb free=116715Kb
 bounds [0x0000027be6370000, 0x0000027be66b0000, 0x0000027bed8a0000]
CodeHeap 'non-nmethods': size=5760Kb used=1236Kb max_used=1276Kb free=4523Kb
 bounds [0x0000027be5dd0000, 0x0000027be6040000, 0x0000027be6370000]
 total_blobs=2132 nmethods=1586 adapters=459
 compilation: enabled
              stopped_count=0, restarted_count=0
 full_count=0

Compilation events (20 events):
Event: 10.027 Thread 0x0000027bfea2bed0 nmethod 1578 0x0000027bed97c690 code [0x0000027bed97c820, 0x0000027bed97c8d8]
Event: 10.027 Thread 0x0000027bfea2bed0 1572       3       java.util.regex.ASCII::isDigit (18 bytes)
Event: 10.027 Thread 0x0000027bfea2bed0 nmethod 1572 0x0000027be66a4f90 code [0x0000027be66a5120, 0x0000027be66a5278]
Event: 10.027 Thread 0x0000027bfea2bed0 1579       1       singletons.GroundSingleton::getHeightTop (2 bytes)
Event: 10.027 Thread 0x0000027bfea2bed0 nmethod 1579 0x0000027bed97c990 code [0x0000027bed97cb20, 0x0000027bed97cbf8]
Event: 10.030 Thread 0x0000027bfea2b3e0 nmethod 1580 0x0000027bed97cc90 code [0x0000027bed97ce20, 0x0000027bed97d0d8]
Event: 10.030 Thread 0x0000027bfea2b3e0 1581       4       java.lang.String::<init> (74 bytes)
Event: 10.032 Thread 0x0000027bfea2b3e0 nmethod 1581 0x0000027bed97d310 code [0x0000027bed97d4a0, 0x0000027bed97d7f8]
Event: 10.039 Thread 0x0000027bfea2b3e0 1582  s    4       java.io.ByteArrayOutputStream::write (43 bytes)
Event: 10.044 Thread 0x0000027bfea2b3e0 nmethod 1582 0x0000027bed97d990 code [0x0000027bed97db40, 0x0000027bed97e308]
Event: 10.044 Thread 0x0000027bfea2b3e0 1583       4       java.io.ByteArrayOutputStream::ensureCapacity (32 bytes)
Event: 10.047 Thread 0x0000027bfea2b3e0 nmethod 1583 0x0000027bed97e610 code [0x0000027bed97e7a0, 0x0000027bed97ebe8]
Event: 10.055 Thread 0x0000027bfea2b3e0 1584       4       javazoom.jl.decoder.Header::read_header (510 bytes)
Event: 10.081 Thread 0x0000027bfea2b3e0 nmethod 1584 0x0000027bed97ed90 code [0x0000027bed97f040, 0x0000027bed9807e0]
Event: 10.081 Thread 0x0000027bfea2b3e0 1585       4       javazoom.jl.decoder.Header::calculate_framesize (283 bytes)
Event: 10.082 Thread 0x0000027bfea2b3e0 nmethod 1585 0x0000027bed981a90 code [0x0000027bed981c40, 0x0000027bed981ef8]
Event: 10.133 Thread 0x0000027bfea2b3e0 1586       4       javazoom.jl.decoder.MP3Decoder::decodeFrame (38 bytes)
Event: 10.137 Thread 0x0000027bfea2b3e0 nmethod 1586 0x0000027bed982190 code [0x0000027bed982340, 0x0000027bed9826c8]
Event: 10.137 Thread 0x0000027bfea2b3e0 1587       4       javazoom.jl.decoder.MP3Decoder::retrieveDecoder (186 bytes)
Event: 10.139 Thread 0x0000027bfea2b3e0 nmethod 1587 0x0000027bed982910 code [0x0000027bed982aa0, 0x0000027bed982d88]

GC Heap History (4 events):
Event: 4.850 GC heap before
{Heap before GC invocations=0 (full 0):
 garbage-first heap   total 262144K, used 65536K [0x0000000701000000, 0x0000000800000000)
  region size 2048K, 6 young (12288K), 0 survivors (0K)
 Metaspace       used 4027K, committed 4160K, reserved 1056768K
  class space    used 268K, committed 320K, reserved 1048576K
}
Event: 4.853 GC heap after
{Heap after GC invocations=1 (full 0):
 garbage-first heap   total 262144K, used 2034K [0x0000000701000000, 0x0000000800000000)
  region size 2048K, 1 young (2048K), 1 survivors (2048K)
 Metaspace       used 4027K, committed 4160K, reserved 1056768K
  class space    used 268K, committed 320K, reserved 1048576K
}
Event: 5.498 GC heap before
{Heap before GC invocations=1 (full 0):
 garbage-first heap   total 262144K, used 16370K [0x0000000701000000, 0x0000000800000000)
  region size 2048K, 8 young (16384K), 1 survivors (2048K)
 Metaspace       used 4136K, committed 4224K, reserved 1056768K
  class space    used 268K, committed 320K, reserved 1048576K
}
Event: 5.500 GC heap after
{Heap after GC invocations=2 (full 0):
 garbage-first heap   total 262144K, used 2112K [0x0000000701000000, 0x0000000800000000)
  region size 2048K, 1 young (2048K), 1 survivors (2048K)
 Metaspace       used 4136K, committed 4224K, reserved 1056768K
  class space    used 268K, committed 320K, reserved 1048576K
}

Deoptimization events (20 events):
Event: 10.024 Thread 0x0000027bff51c740 Uncommon trap: trap_request=0xffffff45 fr.pc=0x0000027bed957698 relative=0x0000000000000078
Event: 10.024 Thread 0x0000027bff51c740 Uncommon trap: reason=unstable_if action=reinterpret pc=0x0000027bed957698 method=java.lang.Math.round(F)I @ 23 c2
Event: 10.024 Thread 0x0000027bff51c740 DEOPT PACKING pc=0x0000027bed957698 sp=0x000000a07a5fe930
Event: 10.024 Thread 0x0000027bff51c740 DEOPT UNPACKING pc=0x0000027be5e1d72e sp=0x000000a07a5fe8b0 mode 2
Event: 10.025 Thread 0x0000027bff51c740 Uncommon trap: trap_request=0xffffffde fr.pc=0x0000027bed9537b8 relative=0x00000000000000f8
Event: 10.025 Thread 0x0000027bff51c740 Uncommon trap: reason=class_check action=maybe_recompile pc=0x0000027bed9537b8 method=java.util.regex.Pattern$BmpCharProperty.match(Ljava/util/regex/Matcher;ILjava/lang/CharSequence;)Z @ 14 c2
Event: 10.025 Thread 0x0000027bff51c740 DEOPT PACKING pc=0x0000027bed9537b8 sp=0x000000a07a5fe790
Event: 10.025 Thread 0x0000027bff51c740 DEOPT UNPACKING pc=0x0000027be5e1d72e sp=0x000000a07a5fe740 mode 2
Event: 10.025 Thread 0x0000027bff51c740 Uncommon trap: trap_request=0xffffffde fr.pc=0x0000027bed9537b8 relative=0x00000000000000f8
Event: 10.025 Thread 0x0000027bff51c740 Uncommon trap: reason=class_check action=maybe_recompile pc=0x0000027bed9537b8 method=java.util.regex.Pattern$BmpCharProperty.match(Ljava/util/regex/Matcher;ILjava/lang/CharSequence;)Z @ 14 c2
Event: 10.025 Thread 0x0000027bff51c740 DEOPT PACKING pc=0x0000027bed9537b8 sp=0x000000a07a5fe790
Event: 10.025 Thread 0x0000027bff51c740 DEOPT UNPACKING pc=0x0000027be5e1d72e sp=0x000000a07a5fe740 mode 2
Event: 10.025 Thread 0x0000027bff51c740 Uncommon trap: trap_request=0xffffffde fr.pc=0x0000027bed9537b8 relative=0x00000000000000f8
Event: 10.025 Thread 0x0000027bff51c740 Uncommon trap: reason=class_check action=maybe_recompile pc=0x0000027bed9537b8 method=java.util.regex.Pattern$BmpCharProperty.match(Ljava/util/regex/Matcher;ILjava/lang/CharSequence;)Z @ 14 c2
Event: 10.025 Thread 0x0000027bff51c740 DEOPT PACKING pc=0x0000027bed9537b8 sp=0x000000a07a5fe790
Event: 10.025 Thread 0x0000027bff51c740 DEOPT UNPACKING pc=0x0000027be5e1d72e sp=0x000000a07a5fe740 mode 2
Event: 10.025 Thread 0x0000027bff51c740 Uncommon trap: trap_request=0xffffffde fr.pc=0x0000027bed9537b8 relative=0x00000000000000f8
Event: 10.025 Thread 0x0000027bff51c740 Uncommon trap: reason=class_check action=maybe_recompile pc=0x0000027bed9537b8 method=java.util.regex.Pattern$BmpCharProperty.match(Ljava/util/regex/Matcher;ILjava/lang/CharSequence;)Z @ 14 c2
Event: 10.025 Thread 0x0000027bff51c740 DEOPT PACKING pc=0x0000027bed9537b8 sp=0x000000a07a5fe790
Event: 10.025 Thread 0x0000027bff51c740 DEOPT UNPACKING pc=0x0000027be5e1d72e sp=0x000000a07a5fe740 mode 2

Classes unloaded (0 events):
No events

Classes redefined (0 events):
No events

Internal exceptions (4 events):
Event: 0.176 Thread 0x0000027bde6486e0 Exception <a 'java/lang/NoSuchMethodError'{0x0000000710ca0078}: 'java.lang.Object java.lang.invoke.DirectMethodHandle$Holder.invokeInterface(java.lang.Object, java.lang.Object)'> (0x0000000710ca0078) 
thrown [t:\workspace\open\src\hotspot\share\interpreter\linkResolver.cpp, line 790]
Event: 0.176 Thread 0x0000027bde6486e0 Exception <a 'java/lang/IncompatibleClassChangeError'{0x0000000710ca3df8}: Found class java.lang.Object, but interface was expected> (0x0000000710ca3df8) 
thrown [t:\workspace\open\src\hotspot\share\interpreter\linkResolver.cpp, line 857]
Event: 0.984 Thread 0x0000027bff51c740 Exception <a 'java/lang/NoSuchMethodError'{0x0000000710607d18}: 'java.lang.Object java.lang.invoke.DirectMethodHandle$Holder.invokeStatic(java.lang.Object)'> (0x0000000710607d18) 
thrown [t:\workspace\open\src\hotspot\share\interpreter\linkResolver.cpp, line 790]
Event: 0.984 Thread 0x0000027bff51c740 Exception <a 'java/lang/NoSuchMethodError'{0x000000071060b710}: 'java.lang.Object java.lang.invoke.DirectMethodHandle$Holder.invokeStaticInit(java.lang.Object)'> (0x000000071060b710) 
thrown [t:\workspace\open\src\hotspot\share\interpreter\linkResolver.cpp, line 790]

Events (20 events):
Event: 1.662 Thread 0x0000027bff51bca0 Thread added: 0x0000027bff51bca0
Event: 1.882 Thread 0x0000027b8644d920 Thread exited: 0x0000027b8644d920
Event: 2.077 Executing  VM operation: Cleanup
Event: 2.077 Executing  VM operation: Cleanup done
Event: 4.079 Executing  VM operation: Cleanup
Event: 4.079 Executing  VM operation: Cleanup done
Event: 4.768 loading class java/io/BufferedReader
Event: 4.768 loading class java/io/BufferedReader done
Event: 4.850 Thread 0x0000027b86264a40 Thread added: 0x0000027b86264a40
Event: 4.850 Executing  VM operation: G1CollectForAllocation
Event: 4.853 Executing  VM operation: G1CollectForAllocation done
Event: 5.065 Thread 0x0000027b86264a40 Thread exited: 0x0000027b86264a40
Event: 5.498 Executing  VM operation: G1CollectForAllocation
Event: 5.500 Executing  VM operation: G1CollectForAllocation done
Event: 7.500 Executing  VM operation: Cleanup
Event: 7.500 Executing  VM operation: Cleanup done
Event: 8.500 Executing  VM operation: Cleanup
Event: 8.500 Executing  VM operation: Cleanup done
Event: 9.500 Executing  VM operation: Cleanup
Event: 9.501 Executing  VM operation: Cleanup done


Dynamic libraries:
0x00007ff672f40000 - 0x00007ff672f50000 	C:\Program Files\Java\jdk-16.0.1\bin\javaw.exe
0x00007ffa204b0000 - 0x00007ffa206a5000 	C:\WINDOWS\SYSTEM32\ntdll.dll
0x00007ffa1f6f0000 - 0x00007ffa1f7ad000 	C:\WINDOWS\System32\KERNEL32.DLL
0x00007ffa1dd50000 - 0x00007ffa1e019000 	C:\WINDOWS\System32\KERNELBASE.dll
0x00007ffa1e310000 - 0x00007ffa1e410000 	C:\WINDOWS\System32\ucrtbase.dll
0x00007ffa020b0000 - 0x00007ffa020c9000 	C:\Program Files\Java\jdk-16.0.1\bin\VCRUNTIME140.dll
0x00007ffa01720000 - 0x00007ffa01738000 	C:\Program Files\Java\jdk-16.0.1\bin\jli.dll
0x00007ffa1fc10000 - 0x00007ffa1fcbc000 	C:\WINDOWS\System32\ADVAPI32.dll
0x00007ffa1f650000 - 0x00007ffa1f6ee000 	C:\WINDOWS\System32\msvcrt.dll
0x00007ffa1f150000 - 0x00007ffa1f1eb000 	C:\WINDOWS\System32\sechost.dll
0x00007ffa1fae0000 - 0x00007ffa1fc0a000 	C:\WINDOWS\System32\RPCRT4.dll
0x00007ffa1f7c0000 - 0x00007ffa1f960000 	C:\WINDOWS\System32\USER32.dll
0x00007ffa16c20000 - 0x00007ffa16eba000 	C:\WINDOWS\WinSxS\amd64_microsoft.windows.common-controls_6595b64144ccf1df_6.0.19041.1110_none_60b5254171f9507e\COMCTL32.dll
0x00007ffa1e150000 - 0x00007ffa1e172000 	C:\WINDOWS\System32\win32u.dll
0x00007ffa1f120000 - 0x00007ffa1f14a000 	C:\WINDOWS\System32\GDI32.dll
0x00007ffa1e410000 - 0x00007ffa1e51b000 	C:\WINDOWS\System32\gdi32full.dll
0x00007ffa1bc20000 - 0x00007ffa1bc2a000 	C:\WINDOWS\SYSTEM32\VERSION.dll
0x00007ffa1e0b0000 - 0x00007ffa1e14d000 	C:\WINDOWS\System32\msvcp_win.dll
0x00007ffa1f960000 - 0x00007ffa1f990000 	C:\WINDOWS\System32\IMM32.DLL
0x00007ffa135f0000 - 0x00007ffa135fc000 	C:\Program Files\Java\jdk-16.0.1\bin\vcruntime140_1.dll
0x00007ff9fab30000 - 0x00007ff9fabc1000 	C:\Program Files\Java\jdk-16.0.1\bin\msvcp140.dll
0x00007ff9bc530000 - 0x00007ff9bd0db000 	C:\Program Files\Java\jdk-16.0.1\bin\server\jvm.dll
0x00007ffa1f7b0000 - 0x00007ffa1f7b8000 	C:\WINDOWS\System32\PSAPI.DLL
0x00007ffa0bce0000 - 0x00007ffa0bce9000 	C:\WINDOWS\SYSTEM32\WSOCK32.dll
0x00007ffa175d0000 - 0x00007ffa175f7000 	C:\WINDOWS\SYSTEM32\WINMM.dll
0x00007ffa20400000 - 0x00007ffa2046b000 	C:\WINDOWS\System32\WS2_32.dll
0x00007ffa1c500000 - 0x00007ffa1c512000 	C:\WINDOWS\SYSTEM32\kernel.appcore.dll
0x00007ffa12170000 - 0x00007ffa1217a000 	C:\Program Files\Java\jdk-16.0.1\bin\jimage.dll
0x00007ffa0ed70000 - 0x00007ffa0ef54000 	C:\WINDOWS\SYSTEM32\DBGHELP.DLL
0x00007ffa0f140000 - 0x00007ffa0f16c000 	C:\WINDOWS\SYSTEM32\dbgcore.DLL
0x00007ffa1e020000 - 0x00007ffa1e0a3000 	C:\WINDOWS\System32\bcryptPrimitives.dll
0x00007ff9fed80000 - 0x00007ff9feda5000 	C:\Program Files\Java\jdk-16.0.1\bin\java.dll
0x00007ffa1fcc0000 - 0x00007ffa203ff000 	C:\WINDOWS\System32\SHELL32.dll
0x00007ffa1bc30000 - 0x00007ffa1c3c1000 	C:\WINDOWS\SYSTEM32\windows.storage.dll
0x00007ffa1f210000 - 0x00007ffa1f565000 	C:\WINDOWS\System32\combase.dll
0x00007ffa1d5f0000 - 0x00007ffa1d61c000 	C:\WINDOWS\SYSTEM32\Wldp.dll
0x00007ffa1eba0000 - 0x00007ffa1ec4e000 	C:\WINDOWS\System32\SHCORE.dll
0x00007ffa1f0c0000 - 0x00007ffa1f115000 	C:\WINDOWS\System32\shlwapi.dll
0x00007ffa1db30000 - 0x00007ffa1db4f000 	C:\WINDOWS\SYSTEM32\profapi.dll
0x00007ffa002c0000 - 0x00007ffa002d9000 	C:\Program Files\Java\jdk-16.0.1\bin\net.dll
0x00007ffa159f0000 - 0x00007ffa15afa000 	C:\WINDOWS\SYSTEM32\WINHTTP.dll
0x00007ffa1d2f0000 - 0x00007ffa1d35a000 	C:\WINDOWS\system32\mswsock.dll
0x00007ff9ffa50000 - 0x00007ff9ffa63000 	C:\Program Files\Java\jdk-16.0.1\bin\nio.dll
0x00007ff9fed60000 - 0x00007ff9fed78000 	C:\Program Files\Java\jdk-16.0.1\bin\zip.dll
0x000000006b3c0000 - 0x000000006b44d000 	C:\Users\pires\AppData\Local\Temp\libgdxpires\1242687446\gdx64.dll
0x00007ffa12120000 - 0x00007ffa12130000 	C:\Program Files\Java\jdk-16.0.1\bin\verify.dll
0x0000000180000000 - 0x0000000180050000 	C:\Users\pires\AppData\Local\Temp\libgdxpires\1242687446\lwjgl64.dll
0x00007ff9f62c0000 - 0x00007ff9f63e5000 	C:\WINDOWS\SYSTEM32\OPENGL32.dll
0x00007ffa137d0000 - 0x00007ffa137fc000 	C:\WINDOWS\SYSTEM32\GLU32.dll
0x0000027bde580000 - 0x0000027bde5e2000 	C:\Users\pires\AppData\Local\Temp\libgdxpires\1242687446\OpenAL64.dll
0x00007ffa1f9a0000 - 0x00007ffa1faca000 	C:\WINDOWS\System32\ole32.dll
0x00007ffa1b4c0000 - 0x00007ffa1b55e000 	C:\WINDOWS\system32\uxtheme.dll
0x00007ffa1ea30000 - 0x00007ffa1ead9000 	C:\WINDOWS\System32\clbcatq.dll
0x00007ff9fae60000 - 0x00007ff9faefc000 	C:\WINDOWS\SYSTEM32\dsound.dll
0x00007ffa1d950000 - 0x00007ffa1d99b000 	C:\WINDOWS\SYSTEM32\powrprof.dll
0x00007ff9fccd0000 - 0x00007ff9fccf6000 	C:\WINDOWS\SYSTEM32\winmmbase.dll
0x00007ffa1d930000 - 0x00007ffa1d942000 	C:\WINDOWS\SYSTEM32\UMPDC.dll
0x00007ffa18110000 - 0x00007ffa18195000 	C:\WINDOWS\System32\MMDevApi.dll
0x00007ffa1d9a0000 - 0x00007ffa1d9cc000 	C:\WINDOWS\System32\DEVOBJ.dll
0x00007ffa1dbf0000 - 0x00007ffa1dc3e000 	C:\WINDOWS\System32\cfgmgr32.dll
0x00007ffa181a0000 - 0x00007ffa18321000 	C:\WINDOWS\SYSTEM32\AUDIOSES.DLL
0x00007ffa1e5b0000 - 0x00007ffa1e67d000 	C:\WINDOWS\System32\OLEAUT32.dll
0x00007ffa1b5c0000 - 0x00007ffa1b5d4000 	C:\WINDOWS\SYSTEM32\resourcepolicyclient.dll
0x00007ffa17600000 - 0x00007ffa176ae000 	C:\WINDOWS\SYSTEM32\mscms.dll
0x00007ffa175a0000 - 0x00007ffa175b1000 	C:\WINDOWS\SYSTEM32\ColorAdapterClient.dll
0x00007ffa1dab0000 - 0x00007ffa1dade000 	C:\WINDOWS\SYSTEM32\USERENV.dll
0x00007ffa1e910000 - 0x00007ffa1ea25000 	C:\WINDOWS\System32\MSCTF.dll
0x00007ffa15b60000 - 0x00007ffa15c59000 	C:\Windows\System32\AppXDeploymentClient.dll
0x0000000074a70000 - 0x00000000768b7000 	C:\WINDOWS\SYSTEM32\nvoglv64.DLL
0x00007ffa1ec50000 - 0x00007ffa1f0b9000 	C:\WINDOWS\System32\SETUPAPI.dll
0x00007ffa1e180000 - 0x00007ffa1e1a7000 	C:\WINDOWS\System32\bcrypt.dll
0x00007ffa19500000 - 0x00007ffa19514000 	C:\WINDOWS\SYSTEM32\WTSAPI32.dll
0x00007ffa1c920000 - 0x00007ffa1c953000 	C:\WINDOWS\SYSTEM32\ntmarta.dll
0x00007ffa1d530000 - 0x00007ffa1d58a000 	C:\WINDOWS\SYSTEM32\WINSTA.dll
0x00007ffa1b7c0000 - 0x00007ffa1b7ef000 	C:\WINDOWS\system32\dwmapi.dll
0x00007ffa0feb0000 - 0x00007ffa0ffa9000 	C:\WINDOWS\SYSTEM32\textinputframework.dll
0x00007ffa1b0f0000 - 0x00007ffa1b1e2000 	C:\WINDOWS\System32\CoreMessaging.dll
0x00007ffa1a910000 - 0x00007ffa1ac6e000 	C:\WINDOWS\System32\CoreUIComponents.dll
0x00007ffa19250000 - 0x00007ffa193a4000 	C:\WINDOWS\SYSTEM32\wintypes.dll
0x00007ffa16ae0000 - 0x00007ffa16b46000 	C:\WINDOWS\system32\Oleacc.dll
0x00007ff9f00f0000 - 0x00007ff9f0133000 	C:\WINDOWS\SYSTEM32\icm32.dll
0x00007ffa1c520000 - 0x00007ffa1c614000 	C:\WINDOWS\SYSTEM32\dxgi.dll
0x00007ffa19720000 - 0x00007ffa19984000 	C:\WINDOWS\SYSTEM32\d3d11.dll
0x00007ffa0bf40000 - 0x00007ffa0d0fa000 	C:\WINDOWS\SYSTEM32\nvwgf2umx.dll
0x00007ffa0b7c0000 - 0x00007ffa0b7fb000 	C:\WINDOWS\SYSTEM32\dxcore.dll

dbghelp: loaded successfully - version: 4.0.5 - missing functions: none
symbol engine: initialized successfully - sym options: 0x614 - pdb path: .;C:\Program Files\Java\jdk-16.0.1\bin;C:\WINDOWS\SYSTEM32;C:\WINDOWS\WinSxS\amd64_microsoft.windows.common-controls_6595b64144ccf1df_6.0.19041.1110_none_60b5254171f9507e;C:\Program Files\Java\jdk-16.0.1\bin\server;C:\Users\pires\AppData\Local\Temp\libgdxpires\1242687446

VM Arguments:
jvm_args: -Dfile.encoding=UTF-8 -XX:+ShowCodeDetailsInExceptionMessages 
java_command: Launcher
java_class_path (initial): C:\Users\pires\eclipse-workspace\TP3 - Mario Forever\bin;C:\Users\pires\eclipse-workspace\TP3 - Mario Forever\libs\gdx.jar;C:\Users\pires\eclipse-workspace\TP3 - Mario Forever\libs\gdx-backend-lwjgl.jar;C:\Users\pires\eclipse-workspace\TP3 - Mario Forever\libs\gdx-backend-lwjgl-natives.jar;C:\Users\pires\eclipse-workspace\TP3 - Mario Forever\libs\gdx-natives.jar;C:\Users\pires\eclipse-workspace\TP3 - Mario Forever\libs\gdx-sources.jar
Launcher Type: SUN_STANDARD

[Global flags]
     intx CICompilerCount                          = 3                                         {product} {ergonomic}
     uint ConcGCThreads                            = 1                                         {product} {ergonomic}
     uint G1ConcRefinementThreads                  = 4                                         {product} {ergonomic}
   size_t G1HeapRegionSize                         = 2097152                                   {product} {ergonomic}
    uintx GCDrainStackTargetSize                   = 64                                        {product} {ergonomic}
   size_t InitialHeapSize                          = 268435456                                 {product} {ergonomic}
   size_t MarkStackSize                            = 4194304                                   {product} {ergonomic}
   size_t MaxHeapSize                              = 4278190080                                {product} {ergonomic}
   size_t MaxNewSize                               = 2566914048                                {product} {ergonomic}
   size_t MinHeapDeltaBytes                        = 2097152                                   {product} {ergonomic}
   size_t MinHeapSize                              = 8388608                                   {product} {ergonomic}
    uintx NonNMethodCodeHeapSize                   = 5832780                                {pd product} {ergonomic}
    uintx NonProfiledCodeHeapSize                  = 122912730                              {pd product} {ergonomic}
    uintx ProfiledCodeHeapSize                     = 122912730                              {pd product} {ergonomic}
    uintx ReservedCodeCacheSize                    = 251658240                              {pd product} {ergonomic}
     bool SegmentedCodeCache                       = true                                      {product} {ergonomic}
     bool ShowCodeDetailsInExceptionMessages       = true                                   {manageable} {command line}
   size_t SoftMaxHeapSize                          = 4278190080                             {manageable} {ergonomic}
     bool UseCompressedClassPointers               = true                           {product lp64_product} {ergonomic}
     bool UseCompressedOops                        = true                           {product lp64_product} {ergonomic}
     bool UseG1GC                                  = true                                      {product} {ergonomic}
     bool UseLargePagesIndividualAllocation        = false                                  {pd product} {ergonomic}

Logging:
Log output configuration:
 #0: stdout all=warning uptime,level,tags
 #1: stderr all=off uptime,level,tags

Environment Variables:
PATH=C:\Program Files\Common Files\Oracle\Java\javapath;C:\Program Files (x86)\Common Files\Oracle\Java\javapath;C:\WINDOWS\system32;C:\WINDOWS;C:\WINDOWS\System32\Wbem;C:\WINDOWS\System32\WindowsPowerShell\v1.0\;C:\WINDOWS\System32\OpenSSH\;C:\Program Files\Git\cmd;C:\Program Files\nodejs\;C:\Users\pires\AppData\Local\Programs\Python\Python38-32\Scripts\;C:\Users\pires\AppData\Local\Programs\Python\Python38-32\;C:\Users\pires\AppData\Local\Microsoft\WindowsApps;C:\Users\pires\AppData\Local\atom\bin;C:\ProgramData\pires\atom\bin;C:\Users\pires\AppData\Local\Programs\Microsoft VS Code\bin;C:\Program Files\JetBrains\PyCharm 2020.2.2\bin;C:\Users\pires\AppData\Local\GitHubDesktop\bin;C:\Users\pires\AppData\Local\Microsoft\WindowsApps;C:\Users\pires\AppData\Roaming\npm
USERNAME=pires
OS=Windows_NT
PROCESSOR_IDENTIFIER=Intel64 Family 6 Model 45 Stepping 7, GenuineIntel



---------------  S Y S T E M  ---------------

OS:
 Windows 10 , 64 bit Build 19041 (10.0.19041.1023)
OS uptime: 0 days 22:52 hours

CPU: total 4 (initial active 4) (4 cores per cpu, 2 threads per core) family 6 model 45 stepping 7 microcode 0x714, cx8, cmov, fxsr, ht, mmx, sse, sse2, sse3, ssse3, sse4.1, sse4.2, popcnt, tsc, tscinvbit, avx, aes, clmul, vzeroupper, clflush

Memory: 4k page, system-wide physical 16312M (8180M free)
TotalPageFile size 18744M (AvailPageFile size 6231M)
current process WorkingSet (physical memory assigned to process): 346M, peak: 346M
current process commit charge ("private bytes"): 514M, peak: 515M

vm_info: Java HotSpot(TM) 64-Bit Server VM (16.0.1+9-24) for windows-amd64 JRE (16.0.1+9-24), built on Mar 26 2021 19:31:42 by "mach5one" with MS VC++ 16.7 (VS2019)

END.
